2024-05-29T19:42:11.5365127-03:00  [INF] Now listening on: "http://localhost:5279" (d826f4b8)
2024-05-29T19:42:11.7097329-03:00  [INF] Application started. Press Ctrl+C to shut down. (dcaefe54)
2024-05-29T19:42:11.7152847-03:00  [INF] Hosting environment: "Development" (bc5a1a4e)
2024-05-29T19:42:11.7196877-03:00  [INF] Content root path: "C:\Users\daluz\source\repos\ApiTF\ApiTF" (cc26f24e)
2024-05-29T19:42:17.6437768-03:00 0HN4062A8F9MK:00000001 [INF] Request starting "HTTP/1.1" "GET" "http"://"localhost:5279""""/swagger/index.html""" - null null (d509f86a)
2024-05-29T19:42:18.6225238-03:00 0HN4062A8F9MK:00000001 [INF] Request finished "HTTP/1.1" "GET" "http"://"localhost:5279""""/swagger/index.html""" - 200 null "text/html;charset=utf-8" 992.4621ms (74253ad3)
2024-05-29T19:42:19.3310822-03:00 0HN4062A8F9MM:00000001 [INF] Request starting "HTTP/1.1" "GET" "http"://"localhost:5279""""/_framework/aspnetcore-browser-refresh.js""" - null null (d509f86a)
2024-05-29T19:42:19.3311019-03:00 0HN4062A8F9MN:00000001 [INF] Request starting "HTTP/1.1" "GET" "http"://"localhost:5279""""/_vs/browserLink""" - null null (d509f86a)
2024-05-29T19:42:19.3362925-03:00 0HN4062A8F9MM:00000001 [INF] Request finished "HTTP/1.1" "GET" "http"://"localhost:5279""""/_framework/aspnetcore-browser-refresh.js""" - 200 13746 "application/javascript; charset=utf-8" 5.581ms (74253ad3)
2024-05-29T19:42:19.7632099-03:00 0HN4062A8F9MN:00000001 [INF] Request finished "HTTP/1.1" "GET" "http"://"localhost:5279""""/_vs/browserLink""" - 200 null "text/javascript; charset=UTF-8" 432.0893ms (74253ad3)
2024-05-29T19:42:20.0418456-03:00 0HN4062A8F9MN:00000002 [INF] Request starting "HTTP/1.1" "GET" "http"://"localhost:5279""""/swagger/v1/swagger.json""" - null null (d509f86a)
2024-05-29T19:42:20.1545640-03:00 0HN4062A8F9MM:00000002 [INF] Request starting "HTTP/1.1" "GET" "http"://"localhost:5279""""/swagger/favicon-32x32.png""" - null null (d509f86a)
2024-05-29T19:42:20.1779302-03:00 0HN4062A8F9MM:00000002 [INF] Sending file. Request path: '"/favicon-32x32.png"'. Physical path: '"N/A"' (27b0a520)
2024-05-29T19:42:20.1783433-03:00 0HN4062A8F9MM:00000002 [INF] Request finished "HTTP/1.1" "GET" "http"://"localhost:5279""""/swagger/favicon-32x32.png""" - 200 628 "image/png" 23.8714ms (74253ad3)
2024-05-29T19:42:20.2956589-03:00 0HN4062A8F9MN:00000002 [INF] Request finished "HTTP/1.1" "GET" "http"://"localhost:5279""""/swagger/v1/swagger.json""" - 200 null "application/json;charset=utf-8" 253.8389ms (74253ad3)
2024-05-29T19:43:41.2382758-03:00  [INF] Now listening on: "http://localhost:5279" (d826f4b8)
2024-05-29T19:43:41.3733932-03:00  [INF] Application started. Press Ctrl+C to shut down. (dcaefe54)
2024-05-29T19:43:41.3775450-03:00  [INF] Hosting environment: "Development" (bc5a1a4e)
2024-05-29T19:43:41.3807841-03:00  [INF] Content root path: "C:\Users\daluz\source\repos\ApiTF\ApiTF" (cc26f24e)
2024-05-29T19:43:42.1789692-03:00 0HN40634UPC9N:00000001 [INF] Request starting "HTTP/1.1" "GET" "http"://"localhost:5279""""/swagger/index.html""" - null null (d509f86a)
2024-05-29T19:43:42.6516175-03:00 0HN40634UPC9N:00000001 [INF] Request finished "HTTP/1.1" "GET" "http"://"localhost:5279""""/swagger/index.html""" - 200 null "text/html;charset=utf-8" 482.463ms (74253ad3)
2024-05-29T19:43:42.8685142-03:00 0HN40634UPC9N:00000002 [INF] Request starting "HTTP/1.1" "GET" "http"://"localhost:5279""""/_framework/aspnetcore-browser-refresh.js""" - null null (d509f86a)
2024-05-29T19:43:42.8701679-03:00 0HN40634UPC9O:00000001 [INF] Request starting "HTTP/1.1" "GET" "http"://"localhost:5279""""/_vs/browserLink""" - null null (d509f86a)
2024-05-29T19:43:42.8752198-03:00 0HN40634UPC9N:00000002 [INF] Request finished "HTTP/1.1" "GET" "http"://"localhost:5279""""/_framework/aspnetcore-browser-refresh.js""" - 200 13746 "application/javascript; charset=utf-8" 6.8026ms (74253ad3)
2024-05-29T19:43:42.9245796-03:00 0HN40634UPC9O:00000001 [INF] Request finished "HTTP/1.1" "GET" "http"://"localhost:5279""""/_vs/browserLink""" - 200 null "text/javascript; charset=UTF-8" 56.0349ms (74253ad3)
2024-05-29T19:43:43.0938822-03:00 0HN40634UPC9O:00000002 [INF] Request starting "HTTP/1.1" "GET" "http"://"localhost:5279""""/swagger/v1/swagger.json""" - null null (d509f86a)
2024-05-29T19:43:43.3209261-03:00 0HN40634UPC9O:00000002 [INF] Request finished "HTTP/1.1" "GET" "http"://"localhost:5279""""/swagger/v1/swagger.json""" - 200 null "application/json;charset=utf-8" 227.3175ms (74253ad3)
2024-05-29T19:44:12.2112631-03:00 0HN40634UPC9P:00000001 [INF] Request starting "HTTP/1.1" "GET" "http"://"localhost:5279""""/promotions/getAllByDate/1/2023-05-29T22:43:58.279Z/2024-05-29T22:43:58.279Z""" - null null (d509f86a)
2024-05-29T19:44:12.2253589-03:00 0HN40634UPC9P:00000001 [INF] Executing endpoint '"ApiTF.Controllers.PromotionController.GetAllByDescription (ApiTF)"' (500cc934)
2024-05-29T19:44:12.2649936-03:00 0HN40634UPC9P:00000001 [INF] Route matched with "{action = \"GetAllByDescription\", controller = \"Promotion\"}". Executing controller action with signature "Microsoft.AspNetCore.Mvc.ActionResult`1[ApiTF.BaseDados.Models.TbPromotion] GetAllByDescription(Int32, System.DateTime, System.DateTime)" on controller "ApiTF.Controllers.PromotionController" ("ApiTF"). (122b2fdf)
2024-05-29T19:44:14.2388970-03:00 0HN40634UPC9P:00000001 [INF] Executing "OkObjectResult", writing value of type '"Microsoft.EntityFrameworkCore.Query.Internal.EntityQueryable`1[[ApiTF.BaseDados.Models.TbPromotion, ApiTF, Version=1.0.0.0, Culture=neutral, PublicKeyToken=null]]"'. (605b4265)
2024-05-29T19:44:15.4755941-03:00 0HN40634UPC9P:00000001 [ERR] Failed executing DbCommand ("65"ms) [Parameters=["@__idproduto_0='?' (DbType = Int32), @__startDate_1='?' (DbType = DateTime2), @__endDate_2='?' (DbType = DateTime2)"], CommandType='Text', CommandTimeout='30']"
""SELECT t.id, t.enddate, t.productid, t.promotiontype, t.startdate, t.value
FROM tb_promotions AS t
WHERE t.productid = @__idproduto_0 AND t.startdate >= @__startDate_1 AND t.enddate <= @__endDate_2" (627a98df)
2024-05-29T19:44:15.5798145-03:00 0HN40634UPC9P:00000001 [ERR] An exception occurred while iterating over the results of a query for context type '"ApiTF.BaseDados.TfDbContext"'."
""System.ArgumentException: Cannot write DateTime with Kind=UTC to PostgreSQL type 'timestamp without time zone', consider using 'timestamp with time zone'. Note that it's not possible to mix DateTimes with different Kinds in an array, range, or multirange. (Parameter 'value')
   at Npgsql.Internal.Converters.DateTimeConverterResolver`1.Get(DateTime value, Nullable`1 expectedPgTypeId, Boolean validateOnly)
   at Npgsql.Internal.Converters.DateTimeConverterResolver.<>c.<CreateResolver>b__0_0(DateTimeConverterResolver`1 resolver, DateTime value, Nullable`1 expectedPgTypeId)
   at Npgsql.Internal.Converters.DateTimeConverterResolver`1.Get(T value, Nullable`1 expectedPgTypeId)
   at Npgsql.Internal.PgConverterResolver`1.GetAsObjectInternal(PgTypeInfo typeInfo, Object value, Nullable`1 expectedPgTypeId)
   at Npgsql.Internal.PgResolverTypeInfo.GetResolutionAsObject(Object value, Nullable`1 expectedPgTypeId)
   at Npgsql.Internal.PgTypeInfo.GetObjectResolution(Object value)
   at Npgsql.NpgsqlParameter.ResolveConverter(PgTypeInfo typeInfo)
   at Npgsql.NpgsqlParameter.ResolveTypeInfo(PgSerializerOptions options)
   at Npgsql.NpgsqlParameterCollection.ProcessParameters(PgSerializerOptions options, Boolean validateValues, CommandType commandType)
   at Npgsql.NpgsqlCommand.ExecuteReader(Boolean async, CommandBehavior behavior, CancellationToken cancellationToken)
   at Npgsql.NpgsqlCommand.ExecuteReader(Boolean async, CommandBehavior behavior, CancellationToken cancellationToken)
   at Npgsql.NpgsqlCommand.ExecuteDbDataReaderAsync(CommandBehavior behavior, CancellationToken cancellationToken)
   at Microsoft.EntityFrameworkCore.Storage.RelationalCommand.ExecuteReaderAsync(RelationalCommandParameterObject parameterObject, CancellationToken cancellationToken)
   at Microsoft.EntityFrameworkCore.Storage.RelationalCommand.ExecuteReaderAsync(RelationalCommandParameterObject parameterObject, CancellationToken cancellationToken)
   at Microsoft.EntityFrameworkCore.Query.Internal.SingleQueryingEnumerable`1.AsyncEnumerator.InitializeReaderAsync(AsyncEnumerator enumerator, CancellationToken cancellationToken)
   at Npgsql.EntityFrameworkCore.PostgreSQL.Storage.Internal.NpgsqlExecutionStrategy.ExecuteAsync[TState,TResult](TState state, Func`4 operation, Func`4 verifySucceeded, CancellationToken cancellationToken)
   at Microsoft.EntityFrameworkCore.Query.Internal.SingleQueryingEnumerable`1.AsyncEnumerator.MoveNextAsync()" (f5c7ac34)
System.ArgumentException: Cannot write DateTime with Kind=UTC to PostgreSQL type 'timestamp without time zone', consider using 'timestamp with time zone'. Note that it's not possible to mix DateTimes with different Kinds in an array, range, or multirange. (Parameter 'value')
   at Npgsql.Internal.Converters.DateTimeConverterResolver`1.Get(DateTime value, Nullable`1 expectedPgTypeId, Boolean validateOnly)
   at Npgsql.Internal.Converters.DateTimeConverterResolver.<>c.<CreateResolver>b__0_0(DateTimeConverterResolver`1 resolver, DateTime value, Nullable`1 expectedPgTypeId)
   at Npgsql.Internal.Converters.DateTimeConverterResolver`1.Get(T value, Nullable`1 expectedPgTypeId)
   at Npgsql.Internal.PgConverterResolver`1.GetAsObjectInternal(PgTypeInfo typeInfo, Object value, Nullable`1 expectedPgTypeId)
   at Npgsql.Internal.PgResolverTypeInfo.GetResolutionAsObject(Object value, Nullable`1 expectedPgTypeId)
   at Npgsql.Internal.PgTypeInfo.GetObjectResolution(Object value)
   at Npgsql.NpgsqlParameter.ResolveConverter(PgTypeInfo typeInfo)
   at Npgsql.NpgsqlParameter.ResolveTypeInfo(PgSerializerOptions options)
   at Npgsql.NpgsqlParameterCollection.ProcessParameters(PgSerializerOptions options, Boolean validateValues, CommandType commandType)
   at Npgsql.NpgsqlCommand.ExecuteReader(Boolean async, CommandBehavior behavior, CancellationToken cancellationToken)
   at Npgsql.NpgsqlCommand.ExecuteReader(Boolean async, CommandBehavior behavior, CancellationToken cancellationToken)
   at Npgsql.NpgsqlCommand.ExecuteDbDataReaderAsync(CommandBehavior behavior, CancellationToken cancellationToken)
   at Microsoft.EntityFrameworkCore.Storage.RelationalCommand.ExecuteReaderAsync(RelationalCommandParameterObject parameterObject, CancellationToken cancellationToken)
   at Microsoft.EntityFrameworkCore.Storage.RelationalCommand.ExecuteReaderAsync(RelationalCommandParameterObject parameterObject, CancellationToken cancellationToken)
   at Microsoft.EntityFrameworkCore.Query.Internal.SingleQueryingEnumerable`1.AsyncEnumerator.InitializeReaderAsync(AsyncEnumerator enumerator, CancellationToken cancellationToken)
   at Npgsql.EntityFrameworkCore.PostgreSQL.Storage.Internal.NpgsqlExecutionStrategy.ExecuteAsync[TState,TResult](TState state, Func`4 operation, Func`4 verifySucceeded, CancellationToken cancellationToken)
   at Microsoft.EntityFrameworkCore.Query.Internal.SingleQueryingEnumerable`1.AsyncEnumerator.MoveNextAsync()
2024-05-29T19:44:15.5962024-03:00 0HN40634UPC9P:00000001 [INF] Executed action "ApiTF.Controllers.PromotionController.GetAllByDescription (ApiTF)" in 3325.6434ms (afa2e885)
2024-05-29T19:44:15.5977536-03:00 0HN40634UPC9P:00000001 [INF] Executed endpoint '"ApiTF.Controllers.PromotionController.GetAllByDescription (ApiTF)"' (99874f2b)
2024-05-29T19:44:15.6263522-03:00 0HN40634UPC9P:00000001 [ERR] An unhandled exception has occurred while executing the request. (48a46595)
System.ArgumentException: Cannot write DateTime with Kind=UTC to PostgreSQL type 'timestamp without time zone', consider using 'timestamp with time zone'. Note that it's not possible to mix DateTimes with different Kinds in an array, range, or multirange. (Parameter 'value')
   at Npgsql.Internal.Converters.DateTimeConverterResolver`1.Get(DateTime value, Nullable`1 expectedPgTypeId, Boolean validateOnly)
   at Npgsql.Internal.Converters.DateTimeConverterResolver.<>c.<CreateResolver>b__0_0(DateTimeConverterResolver`1 resolver, DateTime value, Nullable`1 expectedPgTypeId)
   at Npgsql.Internal.Converters.DateTimeConverterResolver`1.Get(T value, Nullable`1 expectedPgTypeId)
   at Npgsql.Internal.PgConverterResolver`1.GetAsObjectInternal(PgTypeInfo typeInfo, Object value, Nullable`1 expectedPgTypeId)
   at Npgsql.Internal.PgResolverTypeInfo.GetResolutionAsObject(Object value, Nullable`1 expectedPgTypeId)
   at Npgsql.Internal.PgTypeInfo.GetObjectResolution(Object value)
   at Npgsql.NpgsqlParameter.ResolveConverter(PgTypeInfo typeInfo)
   at Npgsql.NpgsqlParameter.ResolveTypeInfo(PgSerializerOptions options)
   at Npgsql.NpgsqlParameterCollection.ProcessParameters(PgSerializerOptions options, Boolean validateValues, CommandType commandType)
   at Npgsql.NpgsqlCommand.ExecuteReader(Boolean async, CommandBehavior behavior, CancellationToken cancellationToken)
   at Npgsql.NpgsqlCommand.ExecuteReader(Boolean async, CommandBehavior behavior, CancellationToken cancellationToken)
   at Npgsql.NpgsqlCommand.ExecuteDbDataReaderAsync(CommandBehavior behavior, CancellationToken cancellationToken)
   at Microsoft.EntityFrameworkCore.Storage.RelationalCommand.ExecuteReaderAsync(RelationalCommandParameterObject parameterObject, CancellationToken cancellationToken)
   at Microsoft.EntityFrameworkCore.Storage.RelationalCommand.ExecuteReaderAsync(RelationalCommandParameterObject parameterObject, CancellationToken cancellationToken)
   at Microsoft.EntityFrameworkCore.Query.Internal.SingleQueryingEnumerable`1.AsyncEnumerator.InitializeReaderAsync(AsyncEnumerator enumerator, CancellationToken cancellationToken)
   at Npgsql.EntityFrameworkCore.PostgreSQL.Storage.Internal.NpgsqlExecutionStrategy.ExecuteAsync[TState,TResult](TState state, Func`4 operation, Func`4 verifySucceeded, CancellationToken cancellationToken)
   at Microsoft.EntityFrameworkCore.Query.Internal.SingleQueryingEnumerable`1.AsyncEnumerator.MoveNextAsync()
   at System.Text.Json.Serialization.Converters.IAsyncEnumerableOfTConverter`2.OnWriteResume(Utf8JsonWriter writer, TAsyncEnumerable value, JsonSerializerOptions options, WriteStack& state)
   at System.Text.Json.Serialization.JsonCollectionConverter`2.OnTryWrite(Utf8JsonWriter writer, TCollection value, JsonSerializerOptions options, WriteStack& state)
   at System.Text.Json.Serialization.JsonConverter`1.TryWrite(Utf8JsonWriter writer, T& value, JsonSerializerOptions options, WriteStack& state)
   at System.Text.Json.Serialization.JsonConverter`1.WriteCore(Utf8JsonWriter writer, T& value, JsonSerializerOptions options, WriteStack& state)
   at System.Text.Json.Serialization.Metadata.JsonTypeInfo`1.SerializeAsync(Stream utf8Json, T rootValue, CancellationToken cancellationToken, Object rootValueBoxed)
   at System.Text.Json.Serialization.Metadata.JsonTypeInfo`1.SerializeAsync(Stream utf8Json, T rootValue, CancellationToken cancellationToken, Object rootValueBoxed)
   at System.Text.Json.Serialization.Metadata.JsonTypeInfo`1.SerializeAsync(Stream utf8Json, T rootValue, CancellationToken cancellationToken, Object rootValueBoxed)
   at Microsoft.AspNetCore.Mvc.Formatters.SystemTextJsonOutputFormatter.WriteResponseBodyAsync(OutputFormatterWriteContext context, Encoding selectedEncoding)
   at Microsoft.AspNetCore.Mvc.Infrastructure.ResourceInvoker.<InvokeNextResultFilterAsync>g__Awaited|30_0[TFilter,TFilterAsync](ResourceInvoker invoker, Task lastTask, State next, Scope scope, Object state, Boolean isCompleted)
   at Microsoft.AspNetCore.Mvc.Infrastructure.ResourceInvoker.Rethrow(ResultExecutedContextSealed context)
   at Microsoft.AspNetCore.Mvc.Infrastructure.ResourceInvoker.ResultNext[TFilter,TFilterAsync](State& next, Scope& scope, Object& state, Boolean& isCompleted)
   at Microsoft.AspNetCore.Mvc.Infrastructure.ResourceInvoker.<InvokeResultFilters>g__Awaited|28_0(ResourceInvoker invoker, Task lastTask, State next, Scope scope, Object state, Boolean isCompleted)
   at Microsoft.AspNetCore.Mvc.Infrastructure.ResourceInvoker.<InvokeFilterPipelineAsync>g__Awaited|20_0(ResourceInvoker invoker, Task lastTask, State next, Scope scope, Object state, Boolean isCompleted)
   at Microsoft.AspNetCore.Mvc.Infrastructure.ResourceInvoker.<InvokeAsync>g__Logged|17_1(ResourceInvoker invoker)
   at Microsoft.AspNetCore.Mvc.Infrastructure.ResourceInvoker.<InvokeAsync>g__Logged|17_1(ResourceInvoker invoker)
   at Microsoft.AspNetCore.Routing.EndpointMiddleware.<Invoke>g__AwaitRequestTask|7_0(Endpoint endpoint, Task requestTask, ILogger logger)
   at Microsoft.AspNetCore.Authorization.AuthorizationMiddleware.Invoke(HttpContext context)
   at Swashbuckle.AspNetCore.SwaggerUI.SwaggerUIMiddleware.Invoke(HttpContext httpContext)
   at Swashbuckle.AspNetCore.Swagger.SwaggerMiddleware.Invoke(HttpContext httpContext, ISwaggerProvider swaggerProvider)
   at Microsoft.AspNetCore.Authentication.AuthenticationMiddleware.Invoke(HttpContext context)
   at Microsoft.AspNetCore.Diagnostics.DeveloperExceptionPageMiddlewareImpl.Invoke(HttpContext context)
2024-05-29T19:44:15.6455778-03:00 0HN40634UPC9P:00000001 [INF] Request finished "HTTP/1.1" "GET" "http"://"localhost:5279""""/promotions/getAllByDate/1/2023-05-29T22:43:58.279Z/2024-05-29T22:43:58.279Z""" - 500 null "text/plain; charset=utf-8" 3434.5517ms (74253ad3)
2024-05-29T19:44:25.2293929-03:00 0HN40634UPC9Q:00000001 [INF] Request starting "HTTP/1.1" "GET" "http"://"localhost:5279""""/promotions/getAllByDate/1/2023-05-29T22:43:58.279/2024-05-29T22:43:58.279""" - null null (d509f86a)
2024-05-29T19:44:25.2305822-03:00 0HN40634UPC9Q:00000001 [INF] Executing endpoint '"ApiTF.Controllers.PromotionController.GetAllByDescription (ApiTF)"' (500cc934)
2024-05-29T19:44:25.2312991-03:00 0HN40634UPC9Q:00000001 [INF] Route matched with "{action = \"GetAllByDescription\", controller = \"Promotion\"}". Executing controller action with signature "Microsoft.AspNetCore.Mvc.ActionResult`1[ApiTF.BaseDados.Models.TbPromotion] GetAllByDescription(Int32, System.DateTime, System.DateTime)" on controller "ApiTF.Controllers.PromotionController" ("ApiTF"). (122b2fdf)
2024-05-29T19:44:25.2830268-03:00 0HN40634UPC9Q:00000001 [INF] Executing "OkObjectResult", writing value of type '"Microsoft.EntityFrameworkCore.Query.Internal.EntityQueryable`1[[ApiTF.BaseDados.Models.TbPromotion, ApiTF, Version=1.0.0.0, Culture=neutral, PublicKeyToken=null]]"'. (605b4265)
2024-05-29T19:44:25.3945890-03:00 0HN40634UPC9Q:00000001 [INF] Executed DbCommand ("94"ms) [Parameters=["@__idproduto_0='?' (DbType = Int32), @__startDate_1='?' (DbType = DateTime2), @__endDate_2='?' (DbType = DateTime2)"], CommandType='Text', CommandTimeout='30']"
""SELECT t.id, t.enddate, t.productid, t.promotiontype, t.startdate, t.value
FROM tb_promotions AS t
WHERE t.productid = @__idproduto_0 AND t.startdate >= @__startDate_1 AND t.enddate <= @__endDate_2" (0723d8ff)
2024-05-29T19:44:25.5074672-03:00 0HN40634UPC9Q:00000001 [INF] Executed action "ApiTF.Controllers.PromotionController.GetAllByDescription (ApiTF)" in 275.8365ms (afa2e885)
2024-05-29T19:44:25.5076239-03:00 0HN40634UPC9Q:00000001 [INF] Executed endpoint '"ApiTF.Controllers.PromotionController.GetAllByDescription (ApiTF)"' (99874f2b)
2024-05-29T19:44:25.5081781-03:00 0HN40634UPC9Q:00000001 [INF] Request finished "HTTP/1.1" "GET" "http"://"localhost:5279""""/promotions/getAllByDate/1/2023-05-29T22:43:58.279/2024-05-29T22:43:58.279""" - 200 null "application/json; charset=utf-8" 278.8966ms (74253ad3)
2024-05-29T19:44:40.2595274-03:00 0HN40634UPC9R:00000001 [INF] Request starting "HTTP/1.1" "GET" "http"://"localhost:5279""""/promotions/getAllByDate/2/2023-05-29T22:43:58.279/2024-05-29T22:43:58.279""" - null null (d509f86a)
2024-05-29T19:44:40.2600442-03:00 0HN40634UPC9R:00000001 [INF] Executing endpoint '"ApiTF.Controllers.PromotionController.GetAllByDescription (ApiTF)"' (500cc934)
2024-05-29T19:44:40.2603597-03:00 0HN40634UPC9R:00000001 [INF] Route matched with "{action = \"GetAllByDescription\", controller = \"Promotion\"}". Executing controller action with signature "Microsoft.AspNetCore.Mvc.ActionResult`1[ApiTF.BaseDados.Models.TbPromotion] GetAllByDescription(Int32, System.DateTime, System.DateTime)" on controller "ApiTF.Controllers.PromotionController" ("ApiTF"). (122b2fdf)
2024-05-29T19:44:40.3547953-03:00 0HN40634UPC9R:00000001 [INF] Executing "OkObjectResult", writing value of type '"Microsoft.EntityFrameworkCore.Query.Internal.EntityQueryable`1[[ApiTF.BaseDados.Models.TbPromotion, ApiTF, Version=1.0.0.0, Culture=neutral, PublicKeyToken=null]]"'. (605b4265)
2024-05-29T19:44:40.3678579-03:00 0HN40634UPC9R:00000001 [INF] Executed DbCommand ("6"ms) [Parameters=["@__idproduto_0='?' (DbType = Int32), @__startDate_1='?' (DbType = DateTime2), @__endDate_2='?' (DbType = DateTime2)"], CommandType='Text', CommandTimeout='30']"
""SELECT t.id, t.enddate, t.productid, t.promotiontype, t.startdate, t.value
FROM tb_promotions AS t
WHERE t.productid = @__idproduto_0 AND t.startdate >= @__startDate_1 AND t.enddate <= @__endDate_2" (0723d8ff)
2024-05-29T19:44:40.3688760-03:00 0HN40634UPC9R:00000001 [INF] Executed action "ApiTF.Controllers.PromotionController.GetAllByDescription (ApiTF)" in 108.3219ms (afa2e885)
2024-05-29T19:44:40.3690226-03:00 0HN40634UPC9R:00000001 [INF] Executed endpoint '"ApiTF.Controllers.PromotionController.GetAllByDescription (ApiTF)"' (99874f2b)
2024-05-29T19:44:40.3694447-03:00 0HN40634UPC9R:00000001 [INF] Request finished "HTTP/1.1" "GET" "http"://"localhost:5279""""/promotions/getAllByDate/2/2023-05-29T22:43:58.279/2024-05-29T22:43:58.279""" - 200 null "application/json; charset=utf-8" 110.0118ms (74253ad3)
