2024-06-11T00:01:22.5178546-03:00 0HN49O9QH6J3S:00000001 [INF] Request starting "HTTP/1.1" "PATCH" "http"://"localhost:5279""""/products/5""" - "application/json" 122 (d509f86a)
2024-06-11T00:01:22.6522203-03:00 0HN49O9QH6J3S:00000001 [INF] Executing endpoint '"ApiTF.Controllers.ProductController.Update (ApiTF)"' (500cc934)
2024-06-11T00:01:22.6803023-03:00 0HN49O9QH6J3S:00000001 [INF] Route matched with "{action = \"Update\", controller = \"Product\"}". Executing controller action with signature "Microsoft.AspNetCore.Mvc.ActionResult`1[ApiTF.BaseDados.Models.TbProduct] Update(Int32, ApiTF.Services.DTOs.ProductUpdateDTO)" on controller "ApiTF.Controllers.ProductController" ("ApiTF"). (122b2fdf)
2024-06-11T00:01:25.0056283-03:00 0HN49O9QH6J3S:00000001 [INF] Executed DbCommand ("87"ms) [Parameters=["@__id_0='?' (DbType = Int32)"], CommandType='Text', CommandTimeout='30']"
""SELECT t.id, t.barcode, t.barcodetype, t.costprice, t.description, t.price, t.stock
FROM tb_products AS t
WHERE t.id = @__id_0
LIMIT 1" (0723d8ff)
2024-06-11T00:01:25.0408268-03:00 0HN49O9QH6J3S:00000001 [INF] Executing "NotFoundObjectResult", writing value of type '"System.String"'. (605b4265)
2024-06-11T00:01:25.0516155-03:00 0HN49O9QH6J3S:00000001 [INF] Executed action "ApiTF.Controllers.ProductController.Update (ApiTF)" in 2364.7071ms (afa2e885)
2024-06-11T00:01:25.0518218-03:00 0HN49O9QH6J3S:00000001 [INF] Executed endpoint '"ApiTF.Controllers.ProductController.Update (ApiTF)"' (99874f2b)
2024-06-11T00:01:25.0656652-03:00 0HN49O9QH6J3S:00000001 [INF] Request finished "HTTP/1.1" "PATCH" "http"://"localhost:5279""""/products/5""" - 404 null "text/plain; charset=utf-8" 2551.387ms (74253ad3)
2024-06-11T00:01:40.3254015-03:00 0HN49O9QH6J3T:00000001 [INF] Request starting "HTTP/1.1" "GET" "http"://"localhost:5279""""/products/getAllByDescription/zxc""" - null null (d509f86a)
2024-06-11T00:01:40.3458332-03:00 0HN49O9QH6J3T:00000001 [INF] Executing endpoint '"ApiTF.Controllers.ProductController.GetAllByDescription (ApiTF)"' (500cc934)
2024-06-11T00:01:40.3526029-03:00 0HN49O9QH6J3T:00000001 [INF] Route matched with "{action = \"GetAllByDescription\", controller = \"Product\"}". Executing controller action with signature "Microsoft.AspNetCore.Mvc.ActionResult`1[ApiTF.BaseDados.Models.TbProduct] GetAllByDescription(System.String)" on controller "ApiTF.Controllers.ProductController" ("ApiTF"). (122b2fdf)
2024-06-11T00:01:40.5032705-03:00 0HN49O9QH6J3T:00000001 [INF] Executed DbCommand ("23"ms) [Parameters=["@__ToLower_0_contains='?'"], CommandType='Text', CommandTimeout='30']"
""SELECT t.id, t.barcode, t.barcodetype, t.costprice, t.description, t.price, t.stock
FROM tb_products AS t
WHERE lower(t.description) LIKE @__ToLower_0_contains" (0723d8ff)
2024-06-11T00:01:40.5046655-03:00 0HN49O9QH6J3T:00000001 [INF] Executing "OkObjectResult", writing value of type '"System.Collections.Generic.List`1[[ApiTF.BaseDados.Models.TbProduct, ApiTF, Version=1.0.0.0, Culture=neutral, PublicKeyToken=null]]"'. (605b4265)
2024-06-11T00:01:40.5227426-03:00 0HN49O9QH6J3T:00000001 [INF] Executed action "ApiTF.Controllers.ProductController.GetAllByDescription (ApiTF)" in 169.8324ms (afa2e885)
2024-06-11T00:01:40.5228934-03:00 0HN49O9QH6J3T:00000001 [INF] Executed endpoint '"ApiTF.Controllers.ProductController.GetAllByDescription (ApiTF)"' (99874f2b)
2024-06-11T00:01:40.5238104-03:00 0HN49O9QH6J3T:00000001 [INF] Request finished "HTTP/1.1" "GET" "http"://"localhost:5279""""/products/getAllByDescription/zxc""" - 200 null "application/json; charset=utf-8" 198.4868ms (74253ad3)
