2024-05-19T14:49:47.4921860-03:00  [INF] Now listening on: "http://localhost:5279" (d826f4b8)
2024-05-19T14:49:47.6386581-03:00  [INF] Application started. Press Ctrl+C to shut down. (dcaefe54)
2024-05-19T14:49:47.6430764-03:00  [INF] Hosting environment: "Development" (bc5a1a4e)
2024-05-19T14:49:47.6464811-03:00  [INF] Content root path: "C:\Users\daluz\source\repos\ApiTF\ApiTF" (cc26f24e)
2024-05-19T14:49:59.2493666-03:00 0HN3O5G9HVCTV:00000001 [INF] Request starting "HTTP/1.1" "GET" "http"://"localhost:5279""""/swagger/index.html""" - null null (d509f86a)
2024-05-19T14:50:01.5162096-03:00 0HN3O5G9HVCTV:00000001 [INF] Request finished "HTTP/1.1" "GET" "http"://"localhost:5279""""/swagger/index.html""" - 200 null "text/html;charset=utf-8" 2293.2418ms (74253ad3)
2024-05-19T14:50:01.8619642-03:00 0HN3O5G9HVCTV:00000002 [INF] Request starting "HTTP/1.1" "GET" "http"://"localhost:5279""""/_framework/aspnetcore-browser-refresh.js""" - null null (d509f86a)
2024-05-19T14:50:01.8693284-03:00 0HN3O5G9HVCTV:00000002 [INF] Request finished "HTTP/1.1" "GET" "http"://"localhost:5279""""/_framework/aspnetcore-browser-refresh.js""" - 200 13746 "application/javascript; charset=utf-8" 7.7192ms (74253ad3)
2024-05-19T14:50:01.9168160-03:00 0HN3O5G9HVCU0:00000001 [INF] Request starting "HTTP/1.1" "GET" "http"://"localhost:5279""""/_vs/browserLink""" - null null (d509f86a)
2024-05-19T14:50:02.8081947-03:00 0HN3O5G9HVCU0:00000001 [INF] Request finished "HTTP/1.1" "GET" "http"://"localhost:5279""""/_vs/browserLink""" - 200 null "text/javascript; charset=UTF-8" 891.2971ms (74253ad3)
2024-05-19T14:50:03.3201106-03:00 0HN3O5G9HVCU1:00000001 [INF] Request starting "HTTP/1.1" "GET" "http"://"localhost:5279""""/swagger/v1/swagger.json""" - null null (d509f86a)
2024-05-19T14:50:03.9852114-03:00 0HN3O5G9HVCU1:00000001 [INF] Request finished "HTTP/1.1" "GET" "http"://"localhost:5279""""/swagger/v1/swagger.json""" - 200 null "application/json;charset=utf-8" 665.6045ms (74253ad3)
2024-05-19T14:59:47.4709068-03:00 0HN3O5G9HVCU2:00000001 [INF] Request starting "HTTP/1.1" "GET" "http"://"localhost:5279""""/product/getAllByDescription/teste""" - null null (d509f86a)
2024-05-19T14:59:47.4835208-03:00 0HN3O5G9HVCU2:00000001 [INF] Executing endpoint '"ApiTF.Controllers.ProductController.GetAllByDescription (ApiTF)"' (500cc934)
2024-05-19T14:59:47.5146611-03:00 0HN3O5G9HVCU2:00000001 [INF] Route matched with "{action = \"GetAllByDescription\", controller = \"Product\"}". Executing controller action with signature "Microsoft.AspNetCore.Mvc.ActionResult`1[ApiTF.BaseDados.Models.TbProduct] GetAllByDescription(System.String)" on controller "ApiTF.Controllers.ProductController" ("ApiTF"). (122b2fdf)
2024-05-19T14:59:49.3240794-03:00 0HN3O5G9HVCU2:00000001 [INF] Executing "OkObjectResult", writing value of type '"Microsoft.EntityFrameworkCore.Query.Internal.EntityQueryable`1[[ApiTF.BaseDados.Models.TbProduct, ApiTF, Version=1.0.0.0, Culture=neutral, PublicKeyToken=null]]"'. (605b4265)
2024-05-19T14:59:50.3600056-03:00 0HN3O5G9HVCU2:00000001 [INF] Executed DbCommand ("95"ms) [Parameters=["@__ToLower_0_contains='?'"], CommandType='Text', CommandTimeout='30']"
""SELECT t.id, t.barcode, t.barcodetype, t.costprice, t.description, t.price, t.stock
FROM tb_products AS t
WHERE lower(t.description) LIKE @__ToLower_0_contains" (0723d8ff)
2024-05-19T14:59:50.5161232-03:00 0HN3O5G9HVCU2:00000001 [INF] Executed action "ApiTF.Controllers.ProductController.GetAllByDescription (ApiTF)" in 2996.0452ms (afa2e885)
2024-05-19T14:59:50.5170171-03:00 0HN3O5G9HVCU2:00000001 [INF] Executed endpoint '"ApiTF.Controllers.ProductController.GetAllByDescription (ApiTF)"' (99874f2b)
2024-05-19T14:59:50.5325329-03:00 0HN3O5G9HVCU2:00000001 [INF] Request finished "HTTP/1.1" "GET" "http"://"localhost:5279""""/product/getAllByDescription/teste""" - 200 null "application/json; charset=utf-8" 3077.9094ms (74253ad3)
2024-05-19T14:59:58.0219456-03:00 0HN3O5G9HVCU2:00000002 [INF] Request starting "HTTP/1.1" "GET" "http"://"localhost:5279""""/product/getAllByDescription/TESTE""" - null null (d509f86a)
2024-05-19T14:59:58.0249053-03:00 0HN3O5G9HVCU2:00000002 [INF] Executing endpoint '"ApiTF.Controllers.ProductController.GetAllByDescription (ApiTF)"' (500cc934)
2024-05-19T14:59:58.0254996-03:00 0HN3O5G9HVCU2:00000002 [INF] Route matched with "{action = \"GetAllByDescription\", controller = \"Product\"}". Executing controller action with signature "Microsoft.AspNetCore.Mvc.ActionResult`1[ApiTF.BaseDados.Models.TbProduct] GetAllByDescription(System.String)" on controller "ApiTF.Controllers.ProductController" ("ApiTF"). (122b2fdf)
2024-05-19T14:59:58.0598234-03:00 0HN3O5G9HVCU2:00000002 [INF] Executing "OkObjectResult", writing value of type '"Microsoft.EntityFrameworkCore.Query.Internal.EntityQueryable`1[[ApiTF.BaseDados.Models.TbProduct, ApiTF, Version=1.0.0.0, Culture=neutral, PublicKeyToken=null]]"'. (605b4265)
2024-05-19T14:59:58.0847084-03:00 0HN3O5G9HVCU2:00000002 [INF] Executed DbCommand ("14"ms) [Parameters=["@__ToLower_0_contains='?'"], CommandType='Text', CommandTimeout='30']"
""SELECT t.id, t.barcode, t.barcodetype, t.costprice, t.description, t.price, t.stock
FROM tb_products AS t
WHERE lower(t.description) LIKE @__ToLower_0_contains" (0723d8ff)
2024-05-19T14:59:58.0861946-03:00 0HN3O5G9HVCU2:00000002 [INF] Executed action "ApiTF.Controllers.ProductController.GetAllByDescription (ApiTF)" in 60.5214ms (afa2e885)
2024-05-19T14:59:58.0863034-03:00 0HN3O5G9HVCU2:00000002 [INF] Executed endpoint '"ApiTF.Controllers.ProductController.GetAllByDescription (ApiTF)"' (99874f2b)
2024-05-19T14:59:58.0867079-03:00 0HN3O5G9HVCU2:00000002 [INF] Request finished "HTTP/1.1" "GET" "http"://"localhost:5279""""/product/getAllByDescription/TESTE""" - 200 null "application/json; charset=utf-8" 64.919ms (74253ad3)
2024-05-19T15:02:02.9734965-03:00 0HN3O5G9HVCU3:00000001 [INF] Request starting "HTTP/1.1" "POST" "http"://"localhost:5279""""/api/Promotion""" - "application/json" 152 (d509f86a)
2024-05-19T15:02:02.9761071-03:00 0HN3O5G9HVCU3:00000001 [INF] Executing endpoint '"ApiTF.Controllers.PromotionController.Insert (ApiTF)"' (500cc934)
2024-05-19T15:02:02.9922168-03:00 0HN3O5G9HVCU3:00000001 [INF] Route matched with "{action = \"Insert\", controller = \"Promotion\"}". Executing controller action with signature "Microsoft.AspNetCore.Mvc.ActionResult`1[ApiTF.BaseDados.Models.TbPromotion] Insert(ApiTF.Services.DTOs.PromotionDTO)" on controller "ApiTF.Controllers.PromotionController" ("ApiTF"). (122b2fdf)
2024-05-19T15:02:02.9973248-03:00 0HN3O5G9HVCU3:00000001 [INF] Executed action "ApiTF.Controllers.PromotionController.Insert (ApiTF)" in 4.8905ms (afa2e885)
2024-05-19T15:02:02.9981780-03:00 0HN3O5G9HVCU3:00000001 [INF] Executed endpoint '"ApiTF.Controllers.PromotionController.Insert (ApiTF)"' (99874f2b)
2024-05-19T15:02:03.1059355-03:00 0HN3O5G9HVCU3:00000001 [ERR] An unhandled exception has occurred while executing the request. (48a46595)
System.InvalidOperationException: Unable to resolve service for type 'ApiTF.Services.PromotionService' while attempting to activate 'ApiTF.Controllers.PromotionController'.
   at Microsoft.Extensions.DependencyInjection.ActivatorUtilities.ThrowHelperUnableToResolveService(Type type, Type requiredBy)
   at lambda_method69(Closure, IServiceProvider, Object[])
   at Microsoft.AspNetCore.Mvc.Controllers.ControllerFactoryProvider.<>c__DisplayClass6_0.<CreateControllerFactory>g__CreateController|0(ControllerContext controllerContext)
   at Microsoft.AspNetCore.Mvc.Infrastructure.ControllerActionInvoker.Next(State& next, Scope& scope, Object& state, Boolean& isCompleted)
   at Microsoft.AspNetCore.Mvc.Infrastructure.ControllerActionInvoker.InvokeInnerFilterAsync()
--- End of stack trace from previous location ---
   at Microsoft.AspNetCore.Mvc.Infrastructure.ResourceInvoker.<InvokeFilterPipelineAsync>g__Awaited|20_0(ResourceInvoker invoker, Task lastTask, State next, Scope scope, Object state, Boolean isCompleted)
   at Microsoft.AspNetCore.Mvc.Infrastructure.ResourceInvoker.<InvokeAsync>g__Logged|17_1(ResourceInvoker invoker)
   at Microsoft.AspNetCore.Mvc.Infrastructure.ResourceInvoker.<InvokeAsync>g__Logged|17_1(ResourceInvoker invoker)
   at Microsoft.AspNetCore.Routing.EndpointMiddleware.<Invoke>g__AwaitRequestTask|7_0(Endpoint endpoint, Task requestTask, ILogger logger)
   at Microsoft.AspNetCore.Authorization.AuthorizationMiddleware.Invoke(HttpContext context)
   at Swashbuckle.AspNetCore.SwaggerUI.SwaggerUIMiddleware.Invoke(HttpContext httpContext)
   at Swashbuckle.AspNetCore.Swagger.SwaggerMiddleware.Invoke(HttpContext httpContext, ISwaggerProvider swaggerProvider)
   at Microsoft.AspNetCore.Authentication.AuthenticationMiddleware.Invoke(HttpContext context)
   at Microsoft.AspNetCore.Diagnostics.DeveloperExceptionPageMiddlewareImpl.Invoke(HttpContext context)
2024-05-19T15:02:03.1132797-03:00 0HN3O5G9HVCU3:00000001 [INF] Request finished "HTTP/1.1" "POST" "http"://"localhost:5279""""/api/Promotion""" - 500 null "text/plain; charset=utf-8" 139.9843ms (74253ad3)
2024-05-19T15:07:06.6113534-03:00  [INF] Now listening on: "http://localhost:5279" (d826f4b8)
2024-05-19T15:07:06.7833973-03:00  [INF] Application started. Press Ctrl+C to shut down. (dcaefe54)
2024-05-19T15:07:06.7876143-03:00  [INF] Hosting environment: "Development" (bc5a1a4e)
2024-05-19T15:07:06.7914926-03:00  [INF] Content root path: "C:\Users\daluz\source\repos\ApiTF\ApiTF" (cc26f24e)
2024-05-19T15:07:07.5650037-03:00 0HN3O5PV8RGI9:00000001 [INF] Request starting "HTTP/1.1" "GET" "http"://"localhost:5279""""/swagger/index.html""" - null null (d509f86a)
2024-05-19T15:07:07.9895631-03:00 0HN3O5PV8RGI9:00000001 [INF] Request finished "HTTP/1.1" "GET" "http"://"localhost:5279""""/swagger/index.html""" - 200 null "text/html;charset=utf-8" 434.9211ms (74253ad3)
2024-05-19T15:07:08.2235633-03:00 0HN3O5PV8RGI9:00000002 [INF] Request starting "HTTP/1.1" "GET" "http"://"localhost:5279""""/_framework/aspnetcore-browser-refresh.js""" - null null (d509f86a)
2024-05-19T15:07:08.2235823-03:00 0HN3O5PV8RGIA:00000001 [INF] Request starting "HTTP/1.1" "GET" "http"://"localhost:5279""""/_vs/browserLink""" - null null (d509f86a)
2024-05-19T15:07:08.2293631-03:00 0HN3O5PV8RGI9:00000002 [INF] Request finished "HTTP/1.1" "GET" "http"://"localhost:5279""""/_framework/aspnetcore-browser-refresh.js""" - 200 13746 "application/javascript; charset=utf-8" 5.8814ms (74253ad3)
2024-05-19T15:07:08.2970921-03:00 0HN3O5PV8RGIA:00000001 [INF] Request finished "HTTP/1.1" "GET" "http"://"localhost:5279""""/_vs/browserLink""" - 200 null "text/javascript; charset=UTF-8" 73.6256ms (74253ad3)
2024-05-19T15:07:08.4333461-03:00 0HN3O5PV8RGIA:00000002 [INF] Request starting "HTTP/1.1" "GET" "http"://"localhost:5279""""/swagger/v1/swagger.json""" - null null (d509f86a)
2024-05-19T15:07:08.6412357-03:00 0HN3O5PV8RGIA:00000002 [INF] Request finished "HTTP/1.1" "GET" "http"://"localhost:5279""""/swagger/v1/swagger.json""" - 200 null "application/json;charset=utf-8" 207.9227ms (74253ad3)
2024-05-19T15:08:21.1309900-03:00 0HN3O5PV8RGIB:00000001 [INF] Request starting "HTTP/1.1" "POST" "http"://"localhost:5279""""/promotion/post""" - "application/json" 1001 (d509f86a)
2024-05-19T15:08:21.1586986-03:00 0HN3O5PV8RGIB:00000001 [INF] Executing endpoint '"ApiTF.Controllers.PromotionController.Insert (ApiTF)"' (500cc934)
2024-05-19T15:08:21.1921233-03:00 0HN3O5PV8RGIB:00000001 [INF] Route matched with "{action = \"Insert\", controller = \"Promotion\"}". Executing controller action with signature "Microsoft.AspNetCore.Mvc.ActionResult`1[ApiTF.BaseDados.Models.TbPromotion] Insert(ApiTF.Services.DTOs.PromotionDTO)" on controller "ApiTF.Controllers.PromotionController" ("ApiTF"). (122b2fdf)
2024-05-19T15:08:21.2051461-03:00 0HN3O5PV8RGIB:00000001 [INF] Executed action "ApiTF.Controllers.PromotionController.Insert (ApiTF)" in 6.7293ms (afa2e885)
2024-05-19T15:08:21.2069344-03:00 0HN3O5PV8RGIB:00000001 [INF] Executed endpoint '"ApiTF.Controllers.PromotionController.Insert (ApiTF)"' (99874f2b)
2024-05-19T15:08:21.3509802-03:00 0HN3O5PV8RGIB:00000001 [ERR] An unhandled exception has occurred while executing the request. (48a46595)
System.InvalidOperationException: Unable to resolve service for type 'ApiTF.Services.PromotionService' while attempting to activate 'ApiTF.Controllers.PromotionController'.
   at Microsoft.Extensions.DependencyInjection.ActivatorUtilities.ThrowHelperUnableToResolveService(Type type, Type requiredBy)
   at lambda_method3(Closure, IServiceProvider, Object[])
   at Microsoft.AspNetCore.Mvc.Controllers.ControllerFactoryProvider.<>c__DisplayClass6_0.<CreateControllerFactory>g__CreateController|0(ControllerContext controllerContext)
   at Microsoft.AspNetCore.Mvc.Infrastructure.ControllerActionInvoker.Next(State& next, Scope& scope, Object& state, Boolean& isCompleted)
   at Microsoft.AspNetCore.Mvc.Infrastructure.ControllerActionInvoker.InvokeInnerFilterAsync()
--- End of stack trace from previous location ---
   at Microsoft.AspNetCore.Mvc.Infrastructure.ResourceInvoker.<InvokeFilterPipelineAsync>g__Awaited|20_0(ResourceInvoker invoker, Task lastTask, State next, Scope scope, Object state, Boolean isCompleted)
   at Microsoft.AspNetCore.Mvc.Infrastructure.ResourceInvoker.<InvokeAsync>g__Logged|17_1(ResourceInvoker invoker)
   at Microsoft.AspNetCore.Mvc.Infrastructure.ResourceInvoker.<InvokeAsync>g__Logged|17_1(ResourceInvoker invoker)
   at Microsoft.AspNetCore.Routing.EndpointMiddleware.<Invoke>g__AwaitRequestTask|7_0(Endpoint endpoint, Task requestTask, ILogger logger)
   at Microsoft.AspNetCore.Authorization.AuthorizationMiddleware.Invoke(HttpContext context)
   at Swashbuckle.AspNetCore.SwaggerUI.SwaggerUIMiddleware.Invoke(HttpContext httpContext)
   at Swashbuckle.AspNetCore.Swagger.SwaggerMiddleware.Invoke(HttpContext httpContext, ISwaggerProvider swaggerProvider)
   at Microsoft.AspNetCore.Authentication.AuthenticationMiddleware.Invoke(HttpContext context)
   at Microsoft.AspNetCore.Diagnostics.DeveloperExceptionPageMiddlewareImpl.Invoke(HttpContext context)
2024-05-19T15:08:21.3587487-03:00 0HN3O5PV8RGIB:00000001 [INF] Request finished "HTTP/1.1" "POST" "http"://"localhost:5279""""/promotion/post""" - 500 null "text/plain; charset=utf-8" 227.8408ms (74253ad3)
2024-05-19T15:09:30.2068381-03:00 0HN3O5PV8RGIC:00000001 [INF] Request starting "HTTP/1.1" "POST" "http"://"localhost:5279""""/promotion/post""" - "application/json" 152 (d509f86a)
2024-05-19T15:09:30.2088909-03:00 0HN3O5PV8RGIC:00000001 [INF] Executing endpoint '"ApiTF.Controllers.PromotionController.Insert (ApiTF)"' (500cc934)
2024-05-19T15:09:30.2093263-03:00 0HN3O5PV8RGIC:00000001 [INF] Route matched with "{action = \"Insert\", controller = \"Promotion\"}". Executing controller action with signature "Microsoft.AspNetCore.Mvc.ActionResult`1[ApiTF.BaseDados.Models.TbPromotion] Insert(ApiTF.Services.DTOs.PromotionDTO)" on controller "ApiTF.Controllers.PromotionController" ("ApiTF"). (122b2fdf)
2024-05-19T15:09:30.2105167-03:00 0HN3O5PV8RGIC:00000001 [INF] Executed action "ApiTF.Controllers.PromotionController.Insert (ApiTF)" in 1.0438ms (afa2e885)
2024-05-19T15:09:30.2112401-03:00 0HN3O5PV8RGIC:00000001 [INF] Executed endpoint '"ApiTF.Controllers.PromotionController.Insert (ApiTF)"' (99874f2b)
2024-05-19T15:09:30.2202768-03:00 0HN3O5PV8RGIC:00000001 [ERR] An unhandled exception has occurred while executing the request. (48a46595)
System.InvalidOperationException: Unable to resolve service for type 'ApiTF.Services.PromotionService' while attempting to activate 'ApiTF.Controllers.PromotionController'.
   at Microsoft.Extensions.DependencyInjection.ActivatorUtilities.ThrowHelperUnableToResolveService(Type type, Type requiredBy)
   at lambda_method3(Closure, IServiceProvider, Object[])
   at Microsoft.AspNetCore.Mvc.Controllers.ControllerFactoryProvider.<>c__DisplayClass6_0.<CreateControllerFactory>g__CreateController|0(ControllerContext controllerContext)
   at Microsoft.AspNetCore.Mvc.Infrastructure.ControllerActionInvoker.Next(State& next, Scope& scope, Object& state, Boolean& isCompleted)
   at Microsoft.AspNetCore.Mvc.Infrastructure.ControllerActionInvoker.InvokeInnerFilterAsync()
--- End of stack trace from previous location ---
   at Microsoft.AspNetCore.Mvc.Infrastructure.ResourceInvoker.<InvokeFilterPipelineAsync>g__Awaited|20_0(ResourceInvoker invoker, Task lastTask, State next, Scope scope, Object state, Boolean isCompleted)
   at Microsoft.AspNetCore.Mvc.Infrastructure.ResourceInvoker.<InvokeAsync>g__Logged|17_1(ResourceInvoker invoker)
   at Microsoft.AspNetCore.Mvc.Infrastructure.ResourceInvoker.<InvokeAsync>g__Logged|17_1(ResourceInvoker invoker)
   at Microsoft.AspNetCore.Routing.EndpointMiddleware.<Invoke>g__AwaitRequestTask|7_0(Endpoint endpoint, Task requestTask, ILogger logger)
   at Microsoft.AspNetCore.Authorization.AuthorizationMiddleware.Invoke(HttpContext context)
   at Swashbuckle.AspNetCore.SwaggerUI.SwaggerUIMiddleware.Invoke(HttpContext httpContext)
   at Swashbuckle.AspNetCore.Swagger.SwaggerMiddleware.Invoke(HttpContext httpContext, ISwaggerProvider swaggerProvider)
   at Microsoft.AspNetCore.Authentication.AuthenticationMiddleware.Invoke(HttpContext context)
   at Microsoft.AspNetCore.Diagnostics.DeveloperExceptionPageMiddlewareImpl.Invoke(HttpContext context)
2024-05-19T15:09:30.2216860-03:00 0HN3O5PV8RGIC:00000001 [INF] Request finished "HTTP/1.1" "POST" "http"://"localhost:5279""""/promotion/post""" - 500 null "text/plain; charset=utf-8" 15.1405ms (74253ad3)
