2024-06-04T19:32:23.2448745-03:00  [INF] Now listening on: "http://localhost:5279" (d826f4b8)
2024-06-04T19:32:23.8246039-03:00  [INF] Application started. Press Ctrl+C to shut down. (dcaefe54)
2024-06-04T19:32:23.8293970-03:00  [INF] Hosting environment: "Development" (bc5a1a4e)
2024-06-04T19:32:23.8330484-03:00  [INF] Content root path: "C:\Users\daluz\source\repos\ApiTF\ApiTF" (cc26f24e)
2024-06-04T19:32:25.2242036-03:00 0HN44SOQ6NH4F:00000001 [INF] Request starting "HTTP/1.1" "GET" "http"://"localhost:5279""""/swagger/index.html""" - null null (d509f86a)
2024-06-04T19:32:26.0808596-03:00 0HN44SOQ6NH4F:00000001 [INF] Request finished "HTTP/1.1" "GET" "http"://"localhost:5279""""/swagger/index.html""" - 200 null "text/html;charset=utf-8" 872.1235ms (74253ad3)
2024-06-04T19:32:26.3153581-03:00 0HN44SOQ6NH4F:00000002 [INF] Request starting "HTTP/1.1" "GET" "http"://"localhost:5279""""/_framework/aspnetcore-browser-refresh.js""" - null null (d509f86a)
2024-06-04T19:32:26.3195849-03:00 0HN44SOQ6NH4F:00000002 [INF] Request finished "HTTP/1.1" "GET" "http"://"localhost:5279""""/_framework/aspnetcore-browser-refresh.js""" - 200 13746 "application/javascript; charset=utf-8" 4.3975ms (74253ad3)
2024-06-04T19:32:26.4174255-03:00 0HN44SOQ6NH4F:00000003 [INF] Request starting "HTTP/1.1" "GET" "http"://"localhost:5279""""/_vs/browserLink""" - null null (d509f86a)
2024-06-04T19:32:26.5914134-03:00 0HN44SOQ6NH4F:00000003 [INF] Request finished "HTTP/1.1" "GET" "http"://"localhost:5279""""/_vs/browserLink""" - 200 null "text/javascript; charset=UTF-8" 173.9078ms (74253ad3)
2024-06-04T19:32:26.8707189-03:00 0HN44SOQ6NH4F:00000004 [INF] Request starting "HTTP/1.1" "GET" "http"://"localhost:5279""""/swagger/v1/swagger.json""" - null null (d509f86a)
2024-06-04T19:32:27.1146423-03:00 0HN44SOQ6NH4F:00000004 [INF] Request finished "HTTP/1.1" "GET" "http"://"localhost:5279""""/swagger/v1/swagger.json""" - 200 null "application/json;charset=utf-8" 243.9596ms (74253ad3)
2024-06-04T20:06:45.1279873-03:00  [INF] Now listening on: "http://localhost:5279" (d826f4b8)
2024-06-04T20:06:45.2801770-03:00  [INF] Application started. Press Ctrl+C to shut down. (dcaefe54)
2024-06-04T20:06:45.2845284-03:00  [INF] Hosting environment: "Development" (bc5a1a4e)
2024-06-04T20:06:45.2878715-03:00  [INF] Content root path: "C:\Users\daluz\source\repos\ApiTF\ApiTF" (cc26f24e)
2024-06-04T20:06:46.9810602-03:00 0HN44TC0HVRI6:00000001 [INF] Request starting "HTTP/1.1" "GET" "http"://"localhost:5279""""/swagger/index.html""" - null null (d509f86a)
2024-06-04T20:06:47.9984131-03:00 0HN44TC0HVRI6:00000001 [INF] Request finished "HTTP/1.1" "GET" "http"://"localhost:5279""""/swagger/index.html""" - 200 null "text/html;charset=utf-8" 1032.8433ms (74253ad3)
2024-06-04T20:06:50.1061099-03:00 0HN44TC0HVRI6:00000002 [INF] Request starting "HTTP/1.1" "GET" "http"://"localhost:5279""""/_framework/aspnetcore-browser-refresh.js""" - null null (d509f86a)
2024-06-04T20:06:50.1076363-03:00 0HN44TC0HVRI8:00000001 [INF] Request starting "HTTP/1.1" "GET" "http"://"localhost:5279""""/_vs/browserLink""" - null null (d509f86a)
2024-06-04T20:06:50.1099110-03:00 0HN44TC0HVRI6:00000002 [INF] Request finished "HTTP/1.1" "GET" "http"://"localhost:5279""""/_framework/aspnetcore-browser-refresh.js""" - 200 13746 "application/javascript; charset=utf-8" 4.0548ms (74253ad3)
2024-06-04T20:06:50.2793832-03:00 0HN44TC0HVRI8:00000001 [INF] Request finished "HTTP/1.1" "GET" "http"://"localhost:5279""""/_vs/browserLink""" - 200 null "text/javascript; charset=UTF-8" 171.8514ms (74253ad3)
2024-06-04T20:06:50.7293153-03:00 0HN44TC0HVRI8:00000002 [INF] Request starting "HTTP/1.1" "GET" "http"://"localhost:5279""""/swagger/v1/swagger.json""" - null null (d509f86a)
2024-06-04T20:06:51.0039198-03:00 0HN44TC0HVRI8:00000002 [INF] Request finished "HTTP/1.1" "GET" "http"://"localhost:5279""""/swagger/v1/swagger.json""" - 200 null "application/json;charset=utf-8" 274.8112ms (74253ad3)
2024-06-04T20:10:53.6989395-03:00 0HN44TC0HVRI9:00000001 [INF] Request starting "HTTP/1.1" "GET" "http"://"localhost:5279""""/products/getByBarcode/mal""" - null null (d509f86a)
2024-06-04T20:10:53.7252256-03:00 0HN44TC0HVRI9:00000001 [INF] Executing endpoint '"ApiTF.Controllers.ProductController.GetByBarcode (ApiTF)"' (500cc934)
2024-06-04T20:10:53.7760861-03:00 0HN44TC0HVRI9:00000001 [INF] Route matched with "{action = \"GetByBarcode\", controller = \"Product\"}". Executing controller action with signature "Microsoft.AspNetCore.Mvc.ActionResult`1[ApiTF.BaseDados.Models.TbProduct] GetByBarcode(System.String)" on controller "ApiTF.Controllers.ProductController" ("ApiTF"). (122b2fdf)
2024-06-04T20:10:56.5518672-03:00 0HN44TC0HVRI9:00000001 [INF] Executed DbCommand ("82"ms) [Parameters=["@__barcode_0='?'"], CommandType='Text', CommandTimeout='30']"
""SELECT t.id, t.barcode, t.barcodetype, t.costprice, t.description, t.price, t.stock
FROM tb_products AS t
WHERE t.barcode = @__barcode_0
LIMIT 1" (0723d8ff)
2024-06-04T20:10:56.6901834-03:00 0HN44TC0HVRI9:00000001 [INF] Executing "OkObjectResult", writing value of type '"ApiTF.BaseDados.Models.TbProduct"'. (605b4265)
2024-06-04T20:10:56.7231328-03:00 0HN44TC0HVRI9:00000001 [INF] Executed action "ApiTF.Controllers.ProductController.GetByBarcode (ApiTF)" in 2940.5165ms (afa2e885)
2024-06-04T20:10:56.7233207-03:00 0HN44TC0HVRI9:00000001 [INF] Executed endpoint '"ApiTF.Controllers.ProductController.GetByBarcode (ApiTF)"' (99874f2b)
2024-06-04T20:10:56.7349581-03:00 0HN44TC0HVRI9:00000001 [INF] Request finished "HTTP/1.1" "GET" "http"://"localhost:5279""""/products/getByBarcode/mal""" - 200 null "application/json; charset=utf-8" 3038.212ms (74253ad3)
2024-06-04T20:12:43.1571157-03:00 0HN44TC0HVRIA:00000001 [INF] Request starting "HTTP/1.1" "GET" "http"://"localhost:5279""""/products/getAllByDescription/mall""" - null null (d509f86a)
2024-06-04T20:12:43.1605821-03:00 0HN44TC0HVRIA:00000001 [INF] Executing endpoint '"ApiTF.Controllers.ProductController.GetAllByDescription (ApiTF)"' (500cc934)
2024-06-04T20:12:43.1665925-03:00 0HN44TC0HVRIA:00000001 [INF] Route matched with "{action = \"GetAllByDescription\", controller = \"Product\"}". Executing controller action with signature "Microsoft.AspNetCore.Mvc.ActionResult`1[ApiTF.BaseDados.Models.TbProduct] GetAllByDescription(System.String)" on controller "ApiTF.Controllers.ProductController" ("ApiTF"). (122b2fdf)
2024-06-04T20:12:43.2175308-03:00 0HN44TC0HVRIA:00000001 [INF] Executing "OkObjectResult", writing value of type '"Microsoft.EntityFrameworkCore.Query.Internal.EntityQueryable`1[[ApiTF.BaseDados.Models.TbProduct, ApiTF, Version=1.0.0.0, Culture=neutral, PublicKeyToken=null]]"'. (605b4265)
2024-06-04T20:12:43.3689408-03:00 0HN44TC0HVRIA:00000001 [INF] Executed DbCommand ("37"ms) [Parameters=["@__ToLower_0_contains='?'"], CommandType='Text', CommandTimeout='30']"
""SELECT t.id, t.barcode, t.barcodetype, t.costprice, t.description, t.price, t.stock
FROM tb_products AS t
WHERE lower(t.description) LIKE @__ToLower_0_contains" (0723d8ff)
2024-06-04T20:12:43.3892987-03:00 0HN44TC0HVRIA:00000001 [INF] Executed action "ApiTF.Controllers.ProductController.GetAllByDescription (ApiTF)" in 222.3809ms (afa2e885)
2024-06-04T20:12:43.3900308-03:00 0HN44TC0HVRIA:00000001 [INF] Executed endpoint '"ApiTF.Controllers.ProductController.GetAllByDescription (ApiTF)"' (99874f2b)
2024-06-04T20:12:43.3926519-03:00 0HN44TC0HVRIA:00000001 [INF] Request finished "HTTP/1.1" "GET" "http"://"localhost:5279""""/products/getAllByDescription/mall""" - 200 null "application/json; charset=utf-8" 238.4804ms (74253ad3)
2024-06-04T20:12:48.1055427-03:00 0HN44TC0HVRIB:00000001 [INF] Request starting "HTTP/1.1" "GET" "http"://"localhost:5279""""/products/getAllByDescription/mallhghg""" - null null (d509f86a)
2024-06-04T20:12:48.1064226-03:00 0HN44TC0HVRIB:00000001 [INF] Executing endpoint '"ApiTF.Controllers.ProductController.GetAllByDescription (ApiTF)"' (500cc934)
2024-06-04T20:12:48.1068524-03:00 0HN44TC0HVRIB:00000001 [INF] Route matched with "{action = \"GetAllByDescription\", controller = \"Product\"}". Executing controller action with signature "Microsoft.AspNetCore.Mvc.ActionResult`1[ApiTF.BaseDados.Models.TbProduct] GetAllByDescription(System.String)" on controller "ApiTF.Controllers.ProductController" ("ApiTF"). (122b2fdf)
2024-06-04T20:12:48.2095017-03:00 0HN44TC0HVRIB:00000001 [INF] Executing "OkObjectResult", writing value of type '"Microsoft.EntityFrameworkCore.Query.Internal.EntityQueryable`1[[ApiTF.BaseDados.Models.TbProduct, ApiTF, Version=1.0.0.0, Culture=neutral, PublicKeyToken=null]]"'. (605b4265)
2024-06-04T20:12:48.2240911-03:00 0HN44TC0HVRIB:00000001 [INF] Executed DbCommand ("3"ms) [Parameters=["@__ToLower_0_contains='?'"], CommandType='Text', CommandTimeout='30']"
""SELECT t.id, t.barcode, t.barcodetype, t.costprice, t.description, t.price, t.stock
FROM tb_products AS t
WHERE lower(t.description) LIKE @__ToLower_0_contains" (0723d8ff)
2024-06-04T20:12:48.2263192-03:00 0HN44TC0HVRIB:00000001 [INF] Executed action "ApiTF.Controllers.ProductController.GetAllByDescription (ApiTF)" in 119.2654ms (afa2e885)
2024-06-04T20:12:48.2265961-03:00 0HN44TC0HVRIB:00000001 [INF] Executed endpoint '"ApiTF.Controllers.ProductController.GetAllByDescription (ApiTF)"' (99874f2b)
2024-06-04T20:12:48.2270470-03:00 0HN44TC0HVRIB:00000001 [INF] Request finished "HTTP/1.1" "GET" "http"://"localhost:5279""""/products/getAllByDescription/mallhghg""" - 200 null "application/json; charset=utf-8" 121.75ms (74253ad3)
2024-06-04T20:15:23.1832701-03:00 0HN44TC0HVRIC:00000001 [INF] Request starting "HTTP/1.1" "GET" "http"://"localhost:5279""""/promotions/getAllByDate/1/2024-05-21 00:00:00/2024-05-21 00:00:00""" - null null (d509f86a)
2024-06-04T20:15:23.1851612-03:00 0HN44TC0HVRIC:00000001 [INF] Executing endpoint '"ApiTF.Controllers.PromotionController.GetAllByDescription (ApiTF)"' (500cc934)
2024-06-04T20:15:23.1888899-03:00 0HN44TC0HVRIC:00000001 [INF] Route matched with "{action = \"GetAllByDescription\", controller = \"Promotion\"}". Executing controller action with signature "Microsoft.AspNetCore.Mvc.ActionResult`1[ApiTF.BaseDados.Models.TbPromotion] GetAllByDescription(Int32, System.DateTime, System.DateTime)" on controller "ApiTF.Controllers.PromotionController" ("ApiTF"). (122b2fdf)
2024-06-04T20:15:23.1992384-03:00 0HN44TC0HVRIC:00000001 [INF] Executing "OkObjectResult", writing value of type '"Microsoft.EntityFrameworkCore.Query.Internal.EntityQueryable`1[[ApiTF.BaseDados.Models.TbPromotion, ApiTF, Version=1.0.0.0, Culture=neutral, PublicKeyToken=null]]"'. (605b4265)
2024-06-04T20:15:23.2416717-03:00 0HN44TC0HVRIC:00000001 [INF] Executed DbCommand ("15"ms) [Parameters=["@__idproduto_0='?' (DbType = Int32), @__startDate_1='?' (DbType = DateTime2), @__endDate_2='?' (DbType = DateTime2)"], CommandType='Text', CommandTimeout='30']"
""SELECT t.id, t.enddate, t.productid, t.promotiontype, t.startdate, t.value
FROM tb_promotions AS t
WHERE t.productid = @__idproduto_0 AND t.startdate >= @__startDate_1 AND t.enddate <= @__endDate_2" (0723d8ff)
2024-06-04T20:15:23.2437017-03:00 0HN44TC0HVRIC:00000001 [INF] Executed action "ApiTF.Controllers.PromotionController.GetAllByDescription (ApiTF)" in 54.6078ms (afa2e885)
2024-06-04T20:15:23.2438632-03:00 0HN44TC0HVRIC:00000001 [INF] Executed endpoint '"ApiTF.Controllers.PromotionController.GetAllByDescription (ApiTF)"' (99874f2b)
2024-06-04T20:15:23.2447039-03:00 0HN44TC0HVRIC:00000001 [INF] Request finished "HTTP/1.1" "GET" "http"://"localhost:5279""""/promotions/getAllByDate/1/2024-05-21 00:00:00/2024-05-21 00:00:00""" - 200 null "application/json; charset=utf-8" 65.1505ms (74253ad3)
2024-06-04T20:15:40.9527155-03:00 0HN44TC0HVRID:00000001 [INF] Request starting "HTTP/1.1" "GET" "http"://"localhost:5279""""/promotions/getAllByDate/1/2024-05-22/2024-05-22""" - null null (d509f86a)
2024-06-04T20:15:40.9533645-03:00 0HN44TC0HVRID:00000001 [INF] Executing endpoint '"ApiTF.Controllers.PromotionController.GetAllByDescription (ApiTF)"' (500cc934)
2024-06-04T20:15:40.9536184-03:00 0HN44TC0HVRID:00000001 [INF] Route matched with "{action = \"GetAllByDescription\", controller = \"Promotion\"}". Executing controller action with signature "Microsoft.AspNetCore.Mvc.ActionResult`1[ApiTF.BaseDados.Models.TbPromotion] GetAllByDescription(Int32, System.DateTime, System.DateTime)" on controller "ApiTF.Controllers.PromotionController" ("ApiTF"). (122b2fdf)
2024-06-04T20:15:40.9575290-03:00 0HN44TC0HVRID:00000001 [INF] Executing "OkObjectResult", writing value of type '"Microsoft.EntityFrameworkCore.Query.Internal.EntityQueryable`1[[ApiTF.BaseDados.Models.TbPromotion, ApiTF, Version=1.0.0.0, Culture=neutral, PublicKeyToken=null]]"'. (605b4265)
2024-06-04T20:15:40.9669296-03:00 0HN44TC0HVRID:00000001 [INF] Executed DbCommand ("3"ms) [Parameters=["@__idproduto_0='?' (DbType = Int32), @__startDate_1='?' (DbType = DateTime2), @__endDate_2='?' (DbType = DateTime2)"], CommandType='Text', CommandTimeout='30']"
""SELECT t.id, t.enddate, t.productid, t.promotiontype, t.startdate, t.value
FROM tb_promotions AS t
WHERE t.productid = @__idproduto_0 AND t.startdate >= @__startDate_1 AND t.enddate <= @__endDate_2" (0723d8ff)
2024-06-04T20:15:40.9680307-03:00 0HN44TC0HVRID:00000001 [INF] Executed action "ApiTF.Controllers.PromotionController.GetAllByDescription (ApiTF)" in 14.2277ms (afa2e885)
2024-06-04T20:15:40.9683355-03:00 0HN44TC0HVRID:00000001 [INF] Executed endpoint '"ApiTF.Controllers.PromotionController.GetAllByDescription (ApiTF)"' (99874f2b)
2024-06-04T20:15:40.9688323-03:00 0HN44TC0HVRID:00000001 [INF] Request finished "HTTP/1.1" "GET" "http"://"localhost:5279""""/promotions/getAllByDate/1/2024-05-22/2024-05-22""" - 200 null "application/json; charset=utf-8" 16.2644ms (74253ad3)
2024-06-04T21:08:52.6170394-03:00  [INF] Now listening on: "http://localhost:5279" (d826f4b8)
2024-06-04T21:08:52.7872460-03:00  [INF] Application started. Press Ctrl+C to shut down. (dcaefe54)
2024-06-04T21:08:52.7916585-03:00  [INF] Hosting environment: "Development" (bc5a1a4e)
2024-06-04T21:08:52.7956932-03:00  [INF] Content root path: "C:\Users\daluz\source\repos\ApiTF\ApiTF" (cc26f24e)
2024-06-04T21:08:53.4471565-03:00 0HN44UENE77U6:00000001 [INF] Request starting "HTTP/1.1" "GET" "http"://"localhost:5279""""/swagger/index.html""" - null null (d509f86a)
2024-06-04T21:08:53.9198070-03:00 0HN44UENE77U6:00000001 [INF] Request finished "HTTP/1.1" "GET" "http"://"localhost:5279""""/swagger/index.html""" - 200 null "text/html;charset=utf-8" 489.9488ms (74253ad3)
2024-06-04T21:08:55.7859808-03:00 0HN44UENE77U8:00000001 [INF] Request starting "HTTP/1.1" "GET" "http"://"localhost:5279""""/_framework/aspnetcore-browser-refresh.js""" - null null (d509f86a)
2024-06-04T21:08:55.7877552-03:00 0HN44UENE77U9:00000001 [INF] Request starting "HTTP/1.1" "GET" "http"://"localhost:5279""""/_vs/browserLink""" - null null (d509f86a)
2024-06-04T21:08:55.7909814-03:00 0HN44UENE77U8:00000001 [INF] Request finished "HTTP/1.1" "GET" "http"://"localhost:5279""""/_framework/aspnetcore-browser-refresh.js""" - 200 13746 "application/javascript; charset=utf-8" 4.9996ms (74253ad3)
2024-06-04T21:08:55.8506793-03:00 0HN44UENE77U9:00000001 [INF] Request finished "HTTP/1.1" "GET" "http"://"localhost:5279""""/_vs/browserLink""" - 200 null "text/javascript; charset=UTF-8" 62.9199ms (74253ad3)
2024-06-04T21:08:56.0586302-03:00 0HN44UENE77U9:00000002 [INF] Request starting "HTTP/1.1" "GET" "http"://"localhost:5279""""/swagger/v1/swagger.json""" - null null (d509f86a)
2024-06-04T21:08:56.3043263-03:00 0HN44UENE77U9:00000002 [INF] Request finished "HTTP/1.1" "GET" "http"://"localhost:5279""""/swagger/v1/swagger.json""" - 200 null "application/json;charset=utf-8" 245.8609ms (74253ad3)
2024-06-04T21:14:03.8594203-03:00 0HN44UENE77UA:00000001 [INF] Request starting "HTTP/1.1" "PATCH" "http"://"localhost:5279""""/products/1""" - "application/json" 122 (d509f86a)
2024-06-04T21:14:03.8746801-03:00 0HN44UENE77UA:00000001 [INF] Executing endpoint '"ApiTF.Controllers.ProductController.Update (ApiTF)"' (500cc934)
2024-06-04T21:14:03.9380605-03:00 0HN44UENE77UA:00000001 [INF] Route matched with "{action = \"Update\", controller = \"Product\"}". Executing controller action with signature "Microsoft.AspNetCore.Mvc.ActionResult`1[ApiTF.BaseDados.Models.TbProduct] Update(Int32, ApiTF.Services.DTOs.ProductDTO)" on controller "ApiTF.Controllers.ProductController" ("ApiTF"). (122b2fdf)
2024-06-04T21:14:04.4686284-03:00 0HN44UENE77UA:00000001 [INF] Executing "ObjectResult", writing value of type '"<>f__AnonymousType1`1[[System.String, System.Private.CoreLib, Version=8.0.0.0, Culture=neutral, PublicKeyToken=7cec85d7bea7798e]]"'. (605b4265)
2024-06-04T21:14:04.4785961-03:00 0HN44UENE77UA:00000001 [INF] Executed action "ApiTF.Controllers.ProductController.Update (ApiTF)" in 532.8498ms (afa2e885)
2024-06-04T21:14:04.4788387-03:00 0HN44UENE77UA:00000001 [INF] Executed endpoint '"ApiTF.Controllers.ProductController.Update (ApiTF)"' (99874f2b)
2024-06-04T21:14:04.4820210-03:00 0HN44UENE77UA:00000001 [INF] Request finished "HTTP/1.1" "PATCH" "http"://"localhost:5279""""/products/1""" - 422 null "application/json; charset=utf-8" 622.7231ms (74253ad3)
