2024-05-28T19:32:47.5925276-03:00  [INF] Now listening on: "http://localhost:5279" (d826f4b8)
2024-05-28T19:32:47.6868418-03:00  [INF] Application started. Press Ctrl+C to shut down. (dcaefe54)
2024-05-28T19:32:47.6899560-03:00  [INF] Hosting environment: "Development" (bc5a1a4e)
2024-05-28T19:32:47.6918915-03:00  [INF] Content root path: "C:\Users\daluz\source\repos\ApiTF\ApiTF" (cc26f24e)
2024-05-28T19:32:48.4823790-03:00 0HN3VCOCV73KB:00000001 [INF] Request starting "HTTP/1.1" "GET" "http"://"localhost:5279""""/swagger""" - null null (d509f86a)
2024-05-28T19:32:48.9376381-03:00 0HN3VCOCV73KB:00000001 [INF] Request finished "HTTP/1.1" "GET" "http"://"localhost:5279""""/swagger""" - 301 0 null 464.4007ms (74253ad3)
2024-05-28T19:32:48.9973177-03:00 0HN3VCOCV73KB:00000002 [INF] Request starting "HTTP/1.1" "GET" "http"://"localhost:5279""""/swagger/index.html""" - null null (d509f86a)
2024-05-28T19:32:49.0578425-03:00 0HN3VCOCV73KB:00000002 [INF] Request finished "HTTP/1.1" "GET" "http"://"localhost:5279""""/swagger/index.html""" - 200 null "text/html;charset=utf-8" 60.659ms (74253ad3)
2024-05-28T19:32:49.1984830-03:00 0HN3VCOCV73KB:00000003 [INF] Request starting "HTTP/1.1" "GET" "http"://"localhost:5279""""/swagger/swagger-ui.css""" - null null (d509f86a)
2024-05-28T19:32:49.2299902-03:00 0HN3VCOCV73KB:00000003 [INF] Sending file. Request path: '"/swagger-ui.css"'. Physical path: '"N/A"' (27b0a520)
2024-05-28T19:32:49.2315591-03:00 0HN3VCOCV73KB:00000003 [INF] Request finished "HTTP/1.1" "GET" "http"://"localhost:5279""""/swagger/swagger-ui.css""" - 200 143943 "text/css" 33.0951ms (74253ad3)
2024-05-28T19:32:50.2728456-03:00 0HN3VCOCV73KE:00000001 [INF] Request starting "HTTP/1.1" "GET" "http"://"localhost:5279""""/_vs/browserLink""" - null null (d509f86a)
2024-05-28T19:32:50.2767463-03:00 0HN3VCOCV73KD:00000001 [INF] Request starting "HTTP/1.1" "GET" "http"://"localhost:5279""""/_framework/aspnetcore-browser-refresh.js""" - null null (d509f86a)
2024-05-28T19:32:50.2768212-03:00 0HN3VCOCV73KA:00000001 [INF] Request starting "HTTP/1.1" "GET" "http"://"localhost:5279""""/swagger/swagger-ui-bundle.js""" - null null (d509f86a)
2024-05-28T19:32:50.2798333-03:00 0HN3VCOCV73KC:00000001 [INF] Request starting "HTTP/1.1" "GET" "http"://"localhost:5279""""/swagger/swagger-ui-standalone-preset.js""" - null null (d509f86a)
2024-05-28T19:32:50.2876961-03:00 0HN3VCOCV73KD:00000001 [INF] Request finished "HTTP/1.1" "GET" "http"://"localhost:5279""""/_framework/aspnetcore-browser-refresh.js""" - 200 13746 "application/javascript; charset=utf-8" 14.6433ms (74253ad3)
2024-05-28T19:32:50.2981305-03:00 0HN3VCOCV73KA:00000001 [INF] Sending file. Request path: '"/swagger-ui-bundle.js"'. Physical path: '"N/A"' (27b0a520)
2024-05-28T19:32:50.2984345-03:00 0HN3VCOCV73KA:00000001 [INF] Request finished "HTTP/1.1" "GET" "http"://"localhost:5279""""/swagger/swagger-ui-bundle.js""" - 200 1096145 "text/javascript" 21.6769ms (74253ad3)
2024-05-28T19:32:50.3786170-03:00 0HN3VCOCV73KC:00000001 [INF] Sending file. Request path: '"/swagger-ui-standalone-preset.js"'. Physical path: '"N/A"' (27b0a520)
2024-05-28T19:32:50.3788782-03:00 0HN3VCOCV73KC:00000001 [INF] Request finished "HTTP/1.1" "GET" "http"://"localhost:5279""""/swagger/swagger-ui-standalone-preset.js""" - 200 339486 "text/javascript" 102.0606ms (74253ad3)
2024-05-28T19:32:50.4063614-03:00 0HN3VCOCV73KE:00000001 [INF] Request finished "HTTP/1.1" "GET" "http"://"localhost:5279""""/_vs/browserLink""" - 200 null "text/javascript; charset=UTF-8" 133.5032ms (74253ad3)
2024-05-28T19:32:50.6035101-03:00 0HN3VCOCV73KC:00000002 [INF] Request starting "HTTP/1.1" "GET" "http"://"localhost:5279""""/swagger/v1/swagger.json""" - null null (d509f86a)
2024-05-28T19:32:50.7214142-03:00 0HN3VCOCV73KC:00000002 [INF] Request finished "HTTP/1.1" "GET" "http"://"localhost:5279""""/swagger/v1/swagger.json""" - 200 null "application/json;charset=utf-8" 117.966ms (74253ad3)
2024-05-28T19:59:11.7046953-03:00  [INF] Now listening on: "http://localhost:5279" (d826f4b8)
2024-05-28T19:59:11.7851833-03:00  [INF] Application started. Press Ctrl+C to shut down. (dcaefe54)
2024-05-28T19:59:11.7881236-03:00  [INF] Hosting environment: "Development" (bc5a1a4e)
2024-05-28T19:59:11.7900416-03:00  [INF] Content root path: "C:\Users\daluz\source\repos\ApiTF\ApiTF" (cc26f24e)
2024-05-28T19:59:12.6902504-03:00 0HN3VD753MKNP:00000001 [INF] Request starting "HTTP/1.1" "GET" "http"://"localhost:5279""""/swagger/index.html""" - null null (d509f86a)
2024-05-28T19:59:13.7366888-03:00 0HN3VD753MKNP:00000001 [INF] Request finished "HTTP/1.1" "GET" "http"://"localhost:5279""""/swagger/index.html""" - 200 null "text/html;charset=utf-8" 1052.7244ms (74253ad3)
2024-05-28T19:59:14.0371083-03:00 0HN3VD753MKNQ:00000001 [INF] Request starting "HTTP/1.1" "GET" "http"://"localhost:5279""""/_vs/browserLink""" - null null (d509f86a)
2024-05-28T19:59:14.0375673-03:00 0HN3VD753MKNP:00000002 [INF] Request starting "HTTP/1.1" "GET" "http"://"localhost:5279""""/_framework/aspnetcore-browser-refresh.js""" - null null (d509f86a)
2024-05-28T19:59:14.0401126-03:00 0HN3VD753MKNP:00000002 [INF] Request finished "HTTP/1.1" "GET" "http"://"localhost:5279""""/_framework/aspnetcore-browser-refresh.js""" - 200 13746 "application/javascript; charset=utf-8" 2.5017ms (74253ad3)
2024-05-28T19:59:14.1505968-03:00 0HN3VD753MKNQ:00000001 [INF] Request finished "HTTP/1.1" "GET" "http"://"localhost:5279""""/_vs/browserLink""" - 200 null "text/javascript; charset=UTF-8" 113.7808ms (74253ad3)
2024-05-28T19:59:14.3685588-03:00 0HN3VD753MKNQ:00000002 [INF] Request starting "HTTP/1.1" "GET" "http"://"localhost:5279""""/swagger/v1/swagger.json""" - null null (d509f86a)
2024-05-28T19:59:14.5354422-03:00 0HN3VD753MKNQ:00000002 [INF] Request finished "HTTP/1.1" "GET" "http"://"localhost:5279""""/swagger/v1/swagger.json""" - 200 null "application/json;charset=utf-8" 166.9215ms (74253ad3)
2024-05-28T20:00:25.4280311-03:00 0HN3VD753MKNR:00000001 [INF] Request starting "HTTP/1.1" "PATCH" "http"://"localhost:5279""""/products/stock/1/1""" - null null (d509f86a)
2024-05-28T20:00:25.4344753-03:00 0HN3VD753MKNR:00000001 [INF] Executing endpoint '"ApiTF.Controllers.ProductController.Update (ApiTF)"' (500cc934)
2024-05-28T20:00:25.4501984-03:00 0HN3VD753MKNR:00000001 [INF] Route matched with "{action = \"Update\", controller = \"Product\"}". Executing controller action with signature "Microsoft.AspNetCore.Mvc.ActionResult`1[ApiTF.BaseDados.Models.TbProduct] Update(Int32, Int32)" on controller "ApiTF.Controllers.ProductController" ("ApiTF"). (122b2fdf)
2024-05-28T20:00:27.2325301-03:00 0HN3VD753MKNR:00000001 [INF] Executed DbCommand ("57"ms) [Parameters=["@__id_0='?' (DbType = Int32)"], CommandType='Text', CommandTimeout='30']"
""SELECT t.id, t.barcode, t.barcodetype, t.costprice, t.description, t.price, t.stock
FROM tb_products AS t
WHERE t.id = @__id_0
LIMIT 1" (0723d8ff)
2024-05-28T20:00:27.3825795-03:00 0HN3VD753MKNR:00000001 [INF] Executed DbCommand ("24"ms) [Parameters=["@p6='?' (DbType = Int32), @p0='?', @p1='?', @p2='?' (DbType = Decimal), @p3='?', @p4='?' (DbType = Decimal), @p5='?' (DbType = Int32)"], CommandType='Text', CommandTimeout='30']"
""UPDATE tb_products SET barcode = @p0, barcodetype = @p1, costprice = @p2, description = @p3, price = @p4, stock = @p5
WHERE id = @p6;" (0723d8ff)
2024-05-28T20:00:27.3913655-03:00 0HN3VD753MKNR:00000001 [INF] Executing "OkObjectResult", writing value of type '"ApiTF.BaseDados.Models.TbProduct"'. (605b4265)
2024-05-28T20:00:27.4072880-03:00 0HN3VD753MKNR:00000001 [INF] Executed action "ApiTF.Controllers.ProductController.Update (ApiTF)" in 1954.4482ms (afa2e885)
2024-05-28T20:00:27.4074337-03:00 0HN3VD753MKNR:00000001 [INF] Executed endpoint '"ApiTF.Controllers.ProductController.Update (ApiTF)"' (99874f2b)
2024-05-28T20:00:27.4142777-03:00 0HN3VD753MKNR:00000001 [INF] Request finished "HTTP/1.1" "PATCH" "http"://"localhost:5279""""/products/stock/1/1""" - 200 null "application/json; charset=utf-8" 1987.9001ms (74253ad3)
2024-05-28T20:00:36.1302283-03:00 0HN3VD753MKNS:00000001 [INF] Request starting "HTTP/1.1" "PATCH" "http"://"localhost:5279""""/products/stock/1/2""" - null null (d509f86a)
2024-05-28T20:00:36.1316277-03:00 0HN3VD753MKNS:00000001 [INF] Executing endpoint '"ApiTF.Controllers.ProductController.Update (ApiTF)"' (500cc934)
2024-05-28T20:00:36.1319890-03:00 0HN3VD753MKNS:00000001 [INF] Route matched with "{action = \"Update\", controller = \"Product\"}". Executing controller action with signature "Microsoft.AspNetCore.Mvc.ActionResult`1[ApiTF.BaseDados.Models.TbProduct] Update(Int32, Int32)" on controller "ApiTF.Controllers.ProductController" ("ApiTF"). (122b2fdf)
2024-05-28T20:00:36.1589535-03:00 0HN3VD753MKNS:00000001 [INF] Executed DbCommand ("1"ms) [Parameters=["@__id_0='?' (DbType = Int32)"], CommandType='Text', CommandTimeout='30']"
""SELECT t.id, t.barcode, t.barcodetype, t.costprice, t.description, t.price, t.stock
FROM tb_products AS t
WHERE t.id = @__id_0
LIMIT 1" (0723d8ff)
2024-05-28T20:00:36.1649266-03:00 0HN3VD753MKNS:00000001 [INF] Executed DbCommand ("1"ms) [Parameters=["@p6='?' (DbType = Int32), @p0='?', @p1='?', @p2='?' (DbType = Decimal), @p3='?', @p4='?' (DbType = Decimal), @p5='?' (DbType = Int32)"], CommandType='Text', CommandTimeout='30']"
""UPDATE tb_products SET barcode = @p0, barcodetype = @p1, costprice = @p2, description = @p3, price = @p4, stock = @p5
WHERE id = @p6;" (0723d8ff)
2024-05-28T20:00:36.1656670-03:00 0HN3VD753MKNS:00000001 [INF] Executing "OkObjectResult", writing value of type '"ApiTF.BaseDados.Models.TbProduct"'. (605b4265)
2024-05-28T20:00:36.1659444-03:00 0HN3VD753MKNS:00000001 [INF] Executed action "ApiTF.Controllers.ProductController.Update (ApiTF)" in 33.8604ms (afa2e885)
2024-05-28T20:00:36.1659977-03:00 0HN3VD753MKNS:00000001 [INF] Executed endpoint '"ApiTF.Controllers.ProductController.Update (ApiTF)"' (99874f2b)
2024-05-28T20:00:36.1661990-03:00 0HN3VD753MKNS:00000001 [INF] Request finished "HTTP/1.1" "PATCH" "http"://"localhost:5279""""/products/stock/1/2""" - 200 null "application/json; charset=utf-8" 36.11ms (74253ad3)
2024-05-28T20:01:07.8355019-03:00  [INF] Now listening on: "http://localhost:5279" (d826f4b8)
2024-05-28T20:01:07.9067126-03:00  [INF] Application started. Press Ctrl+C to shut down. (dcaefe54)
2024-05-28T20:01:07.9095403-03:00  [INF] Hosting environment: "Development" (bc5a1a4e)
2024-05-28T20:01:07.9114865-03:00  [INF] Content root path: "C:\Users\daluz\source\repos\ApiTF\ApiTF" (cc26f24e)
2024-05-28T20:01:08.6016489-03:00 0HN3VD87M6I8B:00000001 [INF] Request starting "HTTP/1.1" "GET" "http"://"localhost:5279""""/swagger/index.html""" - null null (d509f86a)
2024-05-28T20:01:08.8914584-03:00 0HN3VD87M6I8B:00000001 [INF] Request finished "HTTP/1.1" "GET" "http"://"localhost:5279""""/swagger/index.html""" - 200 null "text/html;charset=utf-8" 300.5129ms (74253ad3)
2024-05-28T20:01:08.9798612-03:00 0HN3VD87M6I8B:00000002 [INF] Request starting "HTTP/1.1" "GET" "http"://"localhost:5279""""/_framework/aspnetcore-browser-refresh.js""" - null null (d509f86a)
2024-05-28T20:01:08.9798617-03:00 0HN3VD87M6I8C:00000001 [INF] Request starting "HTTP/1.1" "GET" "http"://"localhost:5279""""/_vs/browserLink""" - null null (d509f86a)
2024-05-28T20:01:08.9822489-03:00 0HN3VD87M6I8B:00000002 [INF] Request finished "HTTP/1.1" "GET" "http"://"localhost:5279""""/_framework/aspnetcore-browser-refresh.js""" - 200 13746 "application/javascript; charset=utf-8" 2.5883ms (74253ad3)
2024-05-28T20:01:09.0189673-03:00 0HN3VD87M6I8C:00000001 [INF] Request finished "HTTP/1.1" "GET" "http"://"localhost:5279""""/_vs/browserLink""" - 200 null "text/javascript; charset=UTF-8" 39.3191ms (74253ad3)
2024-05-28T20:01:09.0887024-03:00 0HN3VD87M6I8C:00000002 [INF] Request starting "HTTP/1.1" "GET" "http"://"localhost:5279""""/swagger/v1/swagger.json""" - null null (d509f86a)
2024-05-28T20:01:09.2219514-03:00 0HN3VD87M6I8C:00000002 [INF] Request finished "HTTP/1.1" "GET" "http"://"localhost:5279""""/swagger/v1/swagger.json""" - 200 null "application/json;charset=utf-8" 133.2516ms (74253ad3)
2024-05-28T20:01:18.5200186-03:00 0HN3VD87M6I8D:00000001 [INF] Request starting "HTTP/1.1" "PATCH" "http"://"localhost:5279""""/products/stock/1/1""" - null null (d509f86a)
2024-05-28T20:01:18.5303007-03:00 0HN3VD87M6I8D:00000001 [INF] Executing endpoint '"ApiTF.Controllers.ProductController.Update (ApiTF)"' (500cc934)
2024-05-28T20:01:18.5533935-03:00 0HN3VD87M6I8D:00000001 [INF] Route matched with "{action = \"Update\", controller = \"Product\"}". Executing controller action with signature "Microsoft.AspNetCore.Mvc.ActionResult`1[ApiTF.BaseDados.Models.TbProduct] Update(Int32, Int32)" on controller "ApiTF.Controllers.ProductController" ("ApiTF"). (122b2fdf)
2024-05-28T20:01:19.9769652-03:00 0HN3VD87M6I8D:00000001 [INF] Executed DbCommand ("45"ms) [Parameters=["@__id_0='?' (DbType = Int32)"], CommandType='Text', CommandTimeout='30']"
""SELECT t.id, t.barcode, t.barcodetype, t.costprice, t.description, t.price, t.stock
FROM tb_products AS t
WHERE t.id = @__id_0
LIMIT 1" (0723d8ff)
2024-05-28T20:01:20.1356813-03:00 0HN3VD87M6I8D:00000001 [INF] Executed DbCommand ("14"ms) [Parameters=["@p6='?' (DbType = Int32), @p0='?', @p1='?', @p2='?' (DbType = Decimal), @p3='?', @p4='?' (DbType = Decimal), @p5='?' (DbType = Int32)"], CommandType='Text', CommandTimeout='30']"
""UPDATE tb_products SET barcode = @p0, barcodetype = @p1, costprice = @p2, description = @p3, price = @p4, stock = @p5
WHERE id = @p6;" (0723d8ff)
2024-05-28T20:01:20.1470425-03:00 0HN3VD87M6I8D:00000001 [INF] Executing "OkObjectResult", writing value of type '"ApiTF.BaseDados.Models.TbProduct"'. (605b4265)
2024-05-28T20:01:20.1665284-03:00 0HN3VD87M6I8D:00000001 [INF] Executed action "ApiTF.Controllers.ProductController.Update (ApiTF)" in 1610.1597ms (afa2e885)
2024-05-28T20:01:20.1666648-03:00 0HN3VD87M6I8D:00000001 [INF] Executed endpoint '"ApiTF.Controllers.ProductController.Update (ApiTF)"' (99874f2b)
2024-05-28T20:01:20.1733458-03:00 0HN3VD87M6I8D:00000001 [INF] Request finished "HTTP/1.1" "PATCH" "http"://"localhost:5279""""/products/stock/1/1""" - 200 null "application/json; charset=utf-8" 1653.4275ms (74253ad3)
2024-05-28T20:01:29.5324089-03:00 0HN3VD87M6I8E:00000001 [INF] Request starting "HTTP/1.1" "PATCH" "http"://"localhost:5279""""/products/stock/1/2""" - null null (d509f86a)
2024-05-28T20:01:29.5348562-03:00 0HN3VD87M6I8E:00000001 [INF] Executing endpoint '"ApiTF.Controllers.ProductController.Update (ApiTF)"' (500cc934)
2024-05-28T20:01:29.5352354-03:00 0HN3VD87M6I8E:00000001 [INF] Route matched with "{action = \"Update\", controller = \"Product\"}". Executing controller action with signature "Microsoft.AspNetCore.Mvc.ActionResult`1[ApiTF.BaseDados.Models.TbProduct] Update(Int32, Int32)" on controller "ApiTF.Controllers.ProductController" ("ApiTF"). (122b2fdf)
2024-05-28T20:01:29.5613195-03:00 0HN3VD87M6I8E:00000001 [INF] Executed DbCommand ("1"ms) [Parameters=["@__id_0='?' (DbType = Int32)"], CommandType='Text', CommandTimeout='30']"
""SELECT t.id, t.barcode, t.barcodetype, t.costprice, t.description, t.price, t.stock
FROM tb_products AS t
WHERE t.id = @__id_0
LIMIT 1" (0723d8ff)
2024-05-28T20:01:29.5689901-03:00 0HN3VD87M6I8E:00000001 [INF] Executed DbCommand ("1"ms) [Parameters=["@p6='?' (DbType = Int32), @p0='?', @p1='?', @p2='?' (DbType = Decimal), @p3='?', @p4='?' (DbType = Decimal), @p5='?' (DbType = Int32)"], CommandType='Text', CommandTimeout='30']"
""UPDATE tb_products SET barcode = @p0, barcodetype = @p1, costprice = @p2, description = @p3, price = @p4, stock = @p5
WHERE id = @p6;" (0723d8ff)
2024-05-28T20:01:29.5700591-03:00 0HN3VD87M6I8E:00000001 [INF] Executing "OkObjectResult", writing value of type '"ApiTF.BaseDados.Models.TbProduct"'. (605b4265)
2024-05-28T20:01:29.5704433-03:00 0HN3VD87M6I8E:00000001 [INF] Executed action "ApiTF.Controllers.ProductController.Update (ApiTF)" in 35.1105ms (afa2e885)
2024-05-28T20:01:29.5705047-03:00 0HN3VD87M6I8E:00000001 [INF] Executed endpoint '"ApiTF.Controllers.ProductController.Update (ApiTF)"' (99874f2b)
2024-05-28T20:01:29.5707335-03:00 0HN3VD87M6I8E:00000001 [INF] Request finished "HTTP/1.1" "PATCH" "http"://"localhost:5279""""/products/stock/1/2""" - 200 null "application/json; charset=utf-8" 38.4986ms (74253ad3)
2024-05-28T20:01:39.4992717-03:00 0HN3VD87M6I8F:00000001 [INF] Request starting "HTTP/1.1" "PATCH" "http"://"localhost:5279""""/products/stock/1/-2""" - null null (d509f86a)
2024-05-28T20:01:39.4995489-03:00 0HN3VD87M6I8F:00000001 [INF] Executing endpoint '"ApiTF.Controllers.ProductController.Update (ApiTF)"' (500cc934)
2024-05-28T20:01:39.4996544-03:00 0HN3VD87M6I8F:00000001 [INF] Route matched with "{action = \"Update\", controller = \"Product\"}". Executing controller action with signature "Microsoft.AspNetCore.Mvc.ActionResult`1[ApiTF.BaseDados.Models.TbProduct] Update(Int32, Int32)" on controller "ApiTF.Controllers.ProductController" ("ApiTF"). (122b2fdf)
2024-05-28T20:01:39.5461770-03:00 0HN3VD87M6I8F:00000001 [INF] Executed DbCommand ("1"ms) [Parameters=["@__id_0='?' (DbType = Int32)"], CommandType='Text', CommandTimeout='30']"
""SELECT t.id, t.barcode, t.barcodetype, t.costprice, t.description, t.price, t.stock
FROM tb_products AS t
WHERE t.id = @__id_0
LIMIT 1" (0723d8ff)
2024-05-28T20:01:39.5508249-03:00 0HN3VD87M6I8F:00000001 [INF] Executed DbCommand ("1"ms) [Parameters=["@p6='?' (DbType = Int32), @p0='?', @p1='?', @p2='?' (DbType = Decimal), @p3='?', @p4='?' (DbType = Decimal), @p5='?' (DbType = Int32)"], CommandType='Text', CommandTimeout='30']"
""UPDATE tb_products SET barcode = @p0, barcodetype = @p1, costprice = @p2, description = @p3, price = @p4, stock = @p5
WHERE id = @p6;" (0723d8ff)
2024-05-28T20:01:39.5511576-03:00 0HN3VD87M6I8F:00000001 [INF] Executing "OkObjectResult", writing value of type '"ApiTF.BaseDados.Models.TbProduct"'. (605b4265)
2024-05-28T20:01:39.5513307-03:00 0HN3VD87M6I8F:00000001 [INF] Executed action "ApiTF.Controllers.ProductController.Update (ApiTF)" in 51.6333ms (afa2e885)
2024-05-28T20:01:39.5513736-03:00 0HN3VD87M6I8F:00000001 [INF] Executed endpoint '"ApiTF.Controllers.ProductController.Update (ApiTF)"' (99874f2b)
2024-05-28T20:01:39.5514976-03:00 0HN3VD87M6I8F:00000001 [INF] Request finished "HTTP/1.1" "PATCH" "http"://"localhost:5279""""/products/stock/1/-2""" - 200 null "application/json; charset=utf-8" 52.2978ms (74253ad3)
2024-05-28T20:03:08.5871791-03:00  [INF] Now listening on: "http://localhost:5279" (d826f4b8)
2024-05-28T20:03:08.6484837-03:00  [INF] Application started. Press Ctrl+C to shut down. (dcaefe54)
2024-05-28T20:03:08.6511851-03:00  [INF] Hosting environment: "Development" (bc5a1a4e)
2024-05-28T20:03:08.6532530-03:00  [INF] Content root path: "C:\Users\daluz\source\repos\ApiTF\ApiTF" (cc26f24e)
2024-05-28T20:03:09.3077367-03:00 0HN3VD9BMGGBB:00000001 [INF] Request starting "HTTP/1.1" "GET" "http"://"localhost:5279""""/swagger/index.html""" - null null (d509f86a)
2024-05-28T20:03:09.6652034-03:00 0HN3VD9BMGGBB:00000001 [INF] Request finished "HTTP/1.1" "GET" "http"://"localhost:5279""""/swagger/index.html""" - 200 null "text/html;charset=utf-8" 362.3637ms (74253ad3)
2024-05-28T20:03:09.7853883-03:00 0HN3VD9BMGGBB:00000002 [INF] Request starting "HTTP/1.1" "GET" "http"://"localhost:5279""""/_framework/aspnetcore-browser-refresh.js""" - null null (d509f86a)
2024-05-28T20:03:09.7880989-03:00 0HN3VD9BMGGBB:00000002 [INF] Request finished "HTTP/1.1" "GET" "http"://"localhost:5279""""/_framework/aspnetcore-browser-refresh.js""" - 200 13746 "application/javascript; charset=utf-8" 2.8942ms (74253ad3)
2024-05-28T20:03:09.7893174-03:00 0HN3VD9BMGGBC:00000001 [INF] Request starting "HTTP/1.1" "GET" "http"://"localhost:5279""""/_vs/browserLink""" - null null (d509f86a)
2024-05-28T20:03:09.8259243-03:00 0HN3VD9BMGGBC:00000001 [INF] Request finished "HTTP/1.1" "GET" "http"://"localhost:5279""""/_vs/browserLink""" - 200 null "text/javascript; charset=UTF-8" 36.6805ms (74253ad3)
2024-05-28T20:03:09.8930857-03:00 0HN3VD9BMGGBC:00000002 [INF] Request starting "HTTP/1.1" "GET" "http"://"localhost:5279""""/swagger/v1/swagger.json""" - null null (d509f86a)
2024-05-28T20:03:09.9958742-03:00 0HN3VD9BMGGBC:00000002 [INF] Request finished "HTTP/1.1" "GET" "http"://"localhost:5279""""/swagger/v1/swagger.json""" - 200 null "application/json;charset=utf-8" 102.8044ms (74253ad3)
2024-05-28T20:05:07.8053218-03:00 0HN3VD9BMGGBD:00000001 [INF] Request starting "HTTP/1.1" "PATCH" "http"://"localhost:5279""""/products/stock/1/1""" - null null (d509f86a)
2024-05-28T20:05:07.8107586-03:00 0HN3VD9BMGGBD:00000001 [INF] Executing endpoint '"ApiTF.Controllers.ProductController.Update (ApiTF)"' (500cc934)
2024-05-28T20:05:07.8363574-03:00 0HN3VD9BMGGBD:00000001 [INF] Route matched with "{action = \"Update\", controller = \"Product\"}". Executing controller action with signature "Microsoft.AspNetCore.Mvc.ActionResult`1[ApiTF.BaseDados.Models.TbProduct] Update(Int32, Int32)" on controller "ApiTF.Controllers.ProductController" ("ApiTF"). (122b2fdf)
2024-05-28T20:05:09.2000698-03:00 0HN3VD9BMGGBD:00000001 [INF] Executed DbCommand ("43"ms) [Parameters=["@__id_0='?' (DbType = Int32)"], CommandType='Text', CommandTimeout='30']"
""SELECT t.id, t.barcode, t.barcodetype, t.costprice, t.description, t.price, t.stock
FROM tb_products AS t
WHERE t.id = @__id_0
LIMIT 1" (0723d8ff)
2024-05-28T20:05:09.3523185-03:00 0HN3VD9BMGGBD:00000001 [INF] Executed DbCommand ("9"ms) [Parameters=["@p6='?' (DbType = Int32), @p0='?', @p1='?', @p2='?' (DbType = Decimal), @p3='?', @p4='?' (DbType = Decimal), @p5='?' (DbType = Int32)"], CommandType='Text', CommandTimeout='30']"
""UPDATE tb_products SET barcode = @p0, barcodetype = @p1, costprice = @p2, description = @p3, price = @p4, stock = @p5
WHERE id = @p6;" (0723d8ff)
2024-05-28T20:05:09.3619166-03:00 0HN3VD9BMGGBD:00000001 [INF] Executing "OkObjectResult", writing value of type '"ApiTF.BaseDados.Models.TbProduct"'. (605b4265)
2024-05-28T20:05:09.3808989-03:00 0HN3VD9BMGGBD:00000001 [INF] Executed action "ApiTF.Controllers.ProductController.Update (ApiTF)" in 1541.445ms (afa2e885)
2024-05-28T20:05:09.3810402-03:00 0HN3VD9BMGGBD:00000001 [INF] Executed endpoint '"ApiTF.Controllers.ProductController.Update (ApiTF)"' (99874f2b)
2024-05-28T20:05:09.3883284-03:00 0HN3VD9BMGGBD:00000001 [INF] Request finished "HTTP/1.1" "PATCH" "http"://"localhost:5279""""/products/stock/1/1""" - 200 null "application/json; charset=utf-8" 1584.2165ms (74253ad3)
2024-05-28T20:05:32.2776194-03:00 0HN3VD9BMGGBE:00000001 [INF] Request starting "HTTP/1.1" "PATCH" "http"://"localhost:5279""""/products/1""" - "application/json" 134 (d509f86a)
2024-05-28T20:05:32.2791290-03:00 0HN3VD9BMGGBE:00000001 [INF] Executing endpoint '"ApiTF.Controllers.ProductController.Update (ApiTF)"' (500cc934)
2024-05-28T20:05:32.2825132-03:00 0HN3VD9BMGGBE:00000001 [INF] Route matched with "{action = \"Update\", controller = \"Product\"}". Executing controller action with signature "Microsoft.AspNetCore.Mvc.ActionResult`1[ApiTF.BaseDados.Models.TbProduct] Update(Int32, ApiTF.Services.DTOs.ProductDTO)" on controller "ApiTF.Controllers.ProductController" ("ApiTF"). (122b2fdf)
2024-05-28T20:05:32.3140459-03:00 0HN3VD9BMGGBE:00000001 [INF] Executing "BadRequestObjectResult", writing value of type '"Microsoft.AspNetCore.Mvc.ValidationProblemDetails"'. (605b4265)
2024-05-28T20:05:32.3274937-03:00 0HN3VD9BMGGBE:00000001 [INF] Executed action "ApiTF.Controllers.ProductController.Update (ApiTF)" in 44.8118ms (afa2e885)
2024-05-28T20:05:32.3275778-03:00 0HN3VD9BMGGBE:00000001 [INF] Executed endpoint '"ApiTF.Controllers.ProductController.Update (ApiTF)"' (99874f2b)
2024-05-28T20:05:32.3277288-03:00 0HN3VD9BMGGBE:00000001 [INF] Request finished "HTTP/1.1" "PATCH" "http"://"localhost:5279""""/products/1""" - 400 null "application/problem+json; charset=utf-8" 50.3036ms (74253ad3)
2024-05-28T20:06:05.2645117-03:00 0HN3VD9BMGGBF:00000001 [INF] Request starting "HTTP/1.1" "PATCH" "http"://"localhost:5279""""/products/1""" - "application/json" 133 (d509f86a)
2024-05-28T20:06:05.2706549-03:00 0HN3VD9BMGGBF:00000001 [INF] Executing endpoint '"ApiTF.Controllers.ProductController.Update (ApiTF)"' (500cc934)
2024-05-28T20:06:05.2709809-03:00 0HN3VD9BMGGBF:00000001 [INF] Route matched with "{action = \"Update\", controller = \"Product\"}". Executing controller action with signature "Microsoft.AspNetCore.Mvc.ActionResult`1[ApiTF.BaseDados.Models.TbProduct] Update(Int32, ApiTF.Services.DTOs.ProductDTO)" on controller "ApiTF.Controllers.ProductController" ("ApiTF"). (122b2fdf)
2024-05-28T20:06:05.3830173-03:00 0HN3VD9BMGGBF:00000001 [INF] Executing "ObjectResult", writing value of type '"<>f__AnonymousType1`1[[System.String, System.Private.CoreLib, Version=8.0.0.0, Culture=neutral, PublicKeyToken=7cec85d7bea7798e]]"'. (605b4265)
2024-05-28T20:06:05.3849240-03:00 0HN3VD9BMGGBF:00000001 [INF] Executed action "ApiTF.Controllers.ProductController.Update (ApiTF)" in 113.8507ms (afa2e885)
2024-05-28T20:06:05.3850078-03:00 0HN3VD9BMGGBF:00000001 [INF] Executed endpoint '"ApiTF.Controllers.ProductController.Update (ApiTF)"' (99874f2b)
2024-05-28T20:06:05.3851735-03:00 0HN3VD9BMGGBF:00000001 [INF] Request finished "HTTP/1.1" "PATCH" "http"://"localhost:5279""""/products/1""" - 422 null "application/json; charset=utf-8" 120.7943ms (74253ad3)
2024-05-28T20:08:14.7267577-03:00 0HN3VD9BMGGBG:00000001 [INF] Request starting "HTTP/1.1" "PATCH" "http"://"localhost:5279""""/products/1""" - "application/json" 141 (d509f86a)
2024-05-28T20:08:14.7283595-03:00 0HN3VD9BMGGBG:00000001 [INF] Executing endpoint '"ApiTF.Controllers.ProductController.Update (ApiTF)"' (500cc934)
2024-05-28T20:08:14.7324777-03:00 0HN3VD9BMGGBG:00000001 [INF] Route matched with "{action = \"Update\", controller = \"Product\"}". Executing controller action with signature "Microsoft.AspNetCore.Mvc.ActionResult`1[ApiTF.BaseDados.Models.TbProduct] Update(Int32, ApiTF.Services.DTOs.ProductDTO)" on controller "ApiTF.Controllers.ProductController" ("ApiTF"). (122b2fdf)
2024-05-28T20:08:14.7604850-03:00 0HN3VD9BMGGBG:00000001 [INF] Executing "ObjectResult", writing value of type '"<>f__AnonymousType1`1[[System.String, System.Private.CoreLib, Version=8.0.0.0, Culture=neutral, PublicKeyToken=7cec85d7bea7798e]]"'. (605b4265)
2024-05-28T20:08:14.7619962-03:00 0HN3VD9BMGGBG:00000001 [INF] Executed action "ApiTF.Controllers.ProductController.Update (ApiTF)" in 29.4185ms (afa2e885)
2024-05-28T20:08:14.7620574-03:00 0HN3VD9BMGGBG:00000001 [INF] Executed endpoint '"ApiTF.Controllers.ProductController.Update (ApiTF)"' (99874f2b)
2024-05-28T20:08:14.7621722-03:00 0HN3VD9BMGGBG:00000001 [INF] Request finished "HTTP/1.1" "PATCH" "http"://"localhost:5279""""/products/1""" - 422 null "application/json; charset=utf-8" 35.6207ms (74253ad3)
2024-05-28T20:08:52.4176976-03:00 0HN3VD9BMGGBH:00000001 [INF] Request starting "HTTP/1.1" "PATCH" "http"://"localhost:5279""""/products/1""" - "application/json" 140 (d509f86a)
2024-05-28T20:08:52.4180059-03:00 0HN3VD9BMGGBH:00000001 [INF] Executing endpoint '"ApiTF.Controllers.ProductController.Update (ApiTF)"' (500cc934)
2024-05-28T20:08:52.4181361-03:00 0HN3VD9BMGGBH:00000001 [INF] Route matched with "{action = \"Update\", controller = \"Product\"}". Executing controller action with signature "Microsoft.AspNetCore.Mvc.ActionResult`1[ApiTF.BaseDados.Models.TbProduct] Update(Int32, ApiTF.Services.DTOs.ProductDTO)" on controller "ApiTF.Controllers.ProductController" ("ApiTF"). (122b2fdf)
2024-05-28T20:08:52.4620699-03:00 0HN3VD9BMGGBH:00000001 [INF] Executing "ObjectResult", writing value of type '"<>f__AnonymousType1`1[[System.String, System.Private.CoreLib, Version=8.0.0.0, Culture=neutral, PublicKeyToken=7cec85d7bea7798e]]"'. (605b4265)
2024-05-28T20:08:52.4629630-03:00 0HN3VD9BMGGBH:00000001 [INF] Executed action "ApiTF.Controllers.ProductController.Update (ApiTF)" in 44.7361ms (afa2e885)
2024-05-28T20:08:52.4642235-03:00 0HN3VD9BMGGBH:00000001 [INF] Executed endpoint '"ApiTF.Controllers.ProductController.Update (ApiTF)"' (99874f2b)
2024-05-28T20:08:52.4702445-03:00 0HN3VD9BMGGBH:00000001 [INF] Request finished "HTTP/1.1" "PATCH" "http"://"localhost:5279""""/products/1""" - 422 null "application/json; charset=utf-8" 52.5878ms (74253ad3)
2024-05-28T20:09:46.5747537-03:00 0HN3VD9BMGGBI:00000001 [INF] Request starting "HTTP/1.1" "PATCH" "http"://"localhost:5279""""/products/1""" - "application/json" 136 (d509f86a)
2024-05-28T20:09:46.5750677-03:00 0HN3VD9BMGGBI:00000001 [INF] Executing endpoint '"ApiTF.Controllers.ProductController.Update (ApiTF)"' (500cc934)
2024-05-28T20:09:46.5752104-03:00 0HN3VD9BMGGBI:00000001 [INF] Route matched with "{action = \"Update\", controller = \"Product\"}". Executing controller action with signature "Microsoft.AspNetCore.Mvc.ActionResult`1[ApiTF.BaseDados.Models.TbProduct] Update(Int32, ApiTF.Services.DTOs.ProductDTO)" on controller "ApiTF.Controllers.ProductController" ("ApiTF"). (122b2fdf)
2024-05-28T20:09:46.6319792-03:00 0HN3VD9BMGGBI:00000001 [INF] Executing "ObjectResult", writing value of type '"<>f__AnonymousType1`1[[System.String, System.Private.CoreLib, Version=8.0.0.0, Culture=neutral, PublicKeyToken=7cec85d7bea7798e]]"'. (605b4265)
2024-05-28T20:09:46.6321733-03:00 0HN3VD9BMGGBI:00000001 [INF] Executed action "ApiTF.Controllers.ProductController.Update (ApiTF)" in 56.9066ms (afa2e885)
2024-05-28T20:09:46.6322305-03:00 0HN3VD9BMGGBI:00000001 [INF] Executed endpoint '"ApiTF.Controllers.ProductController.Update (ApiTF)"' (99874f2b)
2024-05-28T20:09:46.6339921-03:00 0HN3VD9BMGGBI:00000001 [INF] Request finished "HTTP/1.1" "PATCH" "http"://"localhost:5279""""/products/1""" - 422 null "application/json; charset=utf-8" 64.0171ms (74253ad3)
2024-05-28T20:09:52.9063288-03:00 0HN3VD9BMGGBJ:00000001 [INF] Request starting "HTTP/1.1" "PATCH" "http"://"localhost:5279""""/products/1""" - "application/json" 137 (d509f86a)
2024-05-28T20:09:52.9065737-03:00 0HN3VD9BMGGBJ:00000001 [INF] Executing endpoint '"ApiTF.Controllers.ProductController.Update (ApiTF)"' (500cc934)
2024-05-28T20:09:52.9067904-03:00 0HN3VD9BMGGBJ:00000001 [INF] Route matched with "{action = \"Update\", controller = \"Product\"}". Executing controller action with signature "Microsoft.AspNetCore.Mvc.ActionResult`1[ApiTF.BaseDados.Models.TbProduct] Update(Int32, ApiTF.Services.DTOs.ProductDTO)" on controller "ApiTF.Controllers.ProductController" ("ApiTF"). (122b2fdf)
2024-05-28T20:09:52.9416345-03:00 0HN3VD9BMGGBJ:00000001 [INF] Executing "ObjectResult", writing value of type '"<>f__AnonymousType1`1[[System.String, System.Private.CoreLib, Version=8.0.0.0, Culture=neutral, PublicKeyToken=7cec85d7bea7798e]]"'. (605b4265)
2024-05-28T20:09:52.9418093-03:00 0HN3VD9BMGGBJ:00000001 [INF] Executed action "ApiTF.Controllers.ProductController.Update (ApiTF)" in 34.9416ms (afa2e885)
2024-05-28T20:09:52.9418712-03:00 0HN3VD9BMGGBJ:00000001 [INF] Executed endpoint '"ApiTF.Controllers.ProductController.Update (ApiTF)"' (99874f2b)
2024-05-28T20:09:52.9421747-03:00 0HN3VD9BMGGBJ:00000001 [INF] Request finished "HTTP/1.1" "PATCH" "http"://"localhost:5279""""/products/1""" - 422 null "application/json; charset=utf-8" 35.9354ms (74253ad3)
2024-05-28T20:10:57.6187502-03:00 0HN3VD9BMGGBK:00000001 [INF] Request starting "HTTP/1.1" "PATCH" "http"://"localhost:5279""""/products/1""" - "application/json" 142 (d509f86a)
2024-05-28T20:10:57.6198795-03:00 0HN3VD9BMGGBK:00000001 [INF] Executing endpoint '"ApiTF.Controllers.ProductController.Update (ApiTF)"' (500cc934)
2024-05-28T20:10:57.6200442-03:00 0HN3VD9BMGGBK:00000001 [INF] Route matched with "{action = \"Update\", controller = \"Product\"}". Executing controller action with signature "Microsoft.AspNetCore.Mvc.ActionResult`1[ApiTF.BaseDados.Models.TbProduct] Update(Int32, ApiTF.Services.DTOs.ProductDTO)" on controller "ApiTF.Controllers.ProductController" ("ApiTF"). (122b2fdf)
2024-05-28T20:10:57.6893614-03:00 0HN3VD9BMGGBK:00000001 [INF] Executed DbCommand ("1"ms) [Parameters=["@__id_0='?' (DbType = Int32)"], CommandType='Text', CommandTimeout='30']"
""SELECT t.id, t.barcode, t.barcodetype, t.costprice, t.description, t.price, t.stock
FROM tb_products AS t
WHERE t.id = @__id_0
LIMIT 1" (0723d8ff)
2024-05-28T20:10:57.6960903-03:00 0HN3VD9BMGGBK:00000001 [INF] Executed DbCommand ("2"ms) [Parameters=["@p6='?' (DbType = Int32), @p0='?', @p1='?', @p2='?' (DbType = Decimal), @p3='?', @p4='?' (DbType = Decimal), @p5='?' (DbType = Int32)"], CommandType='Text', CommandTimeout='30']"
""UPDATE tb_products SET barcode = @p0, barcodetype = @p1, costprice = @p2, description = @p3, price = @p4, stock = @p5
WHERE id = @p6;" (0723d8ff)
2024-05-28T20:10:57.6965783-03:00 0HN3VD9BMGGBK:00000001 [INF] Executing "OkObjectResult", writing value of type '"ApiTF.BaseDados.Models.TbProduct"'. (605b4265)
2024-05-28T20:10:57.6968208-03:00 0HN3VD9BMGGBK:00000001 [INF] Executed action "ApiTF.Controllers.ProductController.Update (ApiTF)" in 76.7114ms (afa2e885)
2024-05-28T20:10:57.6968657-03:00 0HN3VD9BMGGBK:00000001 [INF] Executed endpoint '"ApiTF.Controllers.ProductController.Update (ApiTF)"' (99874f2b)
2024-05-28T20:10:57.6970582-03:00 0HN3VD9BMGGBK:00000001 [INF] Request finished "HTTP/1.1" "PATCH" "http"://"localhost:5279""""/products/1""" - 200 null "application/json; charset=utf-8" 81.4835ms (74253ad3)
2024-05-28T20:11:55.6028585-03:00  [INF] Now listening on: "http://localhost:5279" (d826f4b8)
2024-05-28T20:11:55.6684293-03:00  [INF] Application started. Press Ctrl+C to shut down. (dcaefe54)
2024-05-28T20:11:55.6710782-03:00  [INF] Hosting environment: "Development" (bc5a1a4e)
2024-05-28T20:11:55.6733747-03:00  [INF] Content root path: "C:\Users\daluz\source\repos\ApiTF\ApiTF" (cc26f24e)
2024-05-28T20:11:56.0504403-03:00 0HN3VDE8LQ83G:00000001 [INF] Request starting "HTTP/1.1" "GET" "http"://"localhost:5279""""/swagger/index.html""" - null null (d509f86a)
2024-05-28T20:11:56.2761016-03:00 0HN3VDE8LQ83G:00000001 [INF] Request finished "HTTP/1.1" "GET" "http"://"localhost:5279""""/swagger/index.html""" - 200 null "text/html;charset=utf-8" 236.2883ms (74253ad3)
2024-05-28T20:11:56.3842289-03:00 0HN3VDE8LQ83H:00000001 [INF] Request starting "HTTP/1.1" "GET" "http"://"localhost:5279""""/_vs/browserLink""" - null null (d509f86a)
2024-05-28T20:11:56.3842290-03:00 0HN3VDE8LQ83G:00000002 [INF] Request starting "HTTP/1.1" "GET" "http"://"localhost:5279""""/_framework/aspnetcore-browser-refresh.js""" - null null (d509f86a)
2024-05-28T20:11:56.3867193-03:00 0HN3VDE8LQ83G:00000002 [INF] Request finished "HTTP/1.1" "GET" "http"://"localhost:5279""""/_framework/aspnetcore-browser-refresh.js""" - 200 13746 "application/javascript; charset=utf-8" 2.613ms (74253ad3)
2024-05-28T20:11:56.4192519-03:00 0HN3VDE8LQ83H:00000001 [INF] Request finished "HTTP/1.1" "GET" "http"://"localhost:5279""""/_vs/browserLink""" - 200 null "text/javascript; charset=UTF-8" 35.2418ms (74253ad3)
2024-05-28T20:11:56.4920866-03:00 0HN3VDE8LQ83H:00000002 [INF] Request starting "HTTP/1.1" "GET" "http"://"localhost:5279""""/swagger/v1/swagger.json""" - null null (d509f86a)
2024-05-28T20:11:56.5860753-03:00 0HN3VDE8LQ83H:00000002 [INF] Request finished "HTTP/1.1" "GET" "http"://"localhost:5279""""/swagger/v1/swagger.json""" - 200 null "application/json;charset=utf-8" 94.0313ms (74253ad3)
2024-05-28T20:12:41.7777191-03:00 0HN3VDE8LQ83I:00000001 [INF] Request starting "HTTP/1.1" "PATCH" "http"://"localhost:5279""""/products/1""" - "application/json" 142 (d509f86a)
2024-05-28T20:12:41.7895463-03:00 0HN3VDE8LQ83I:00000001 [INF] Executing endpoint '"ApiTF.Controllers.ProductController.Update (ApiTF)"' (500cc934)
2024-05-28T20:12:41.8059573-03:00 0HN3VDE8LQ83I:00000001 [INF] Route matched with "{action = \"Update\", controller = \"Product\"}". Executing controller action with signature "Microsoft.AspNetCore.Mvc.ActionResult`1[ApiTF.BaseDados.Models.TbProduct] Update(Int32, ApiTF.Services.DTOs.ProductDTO)" on controller "ApiTF.Controllers.ProductController" ("ApiTF"). (122b2fdf)
2024-05-28T20:12:42.8774198-03:00 0HN3VDE8LQ83I:00000001 [INF] Executed DbCommand ("42"ms) [Parameters=["@__id_0='?' (DbType = Int32)"], CommandType='Text', CommandTimeout='30']"
""SELECT t.id, t.barcode, t.barcodetype, t.costprice, t.description, t.price, t.stock
FROM tb_products AS t
WHERE t.id = @__id_0
LIMIT 1" (0723d8ff)
2024-05-28T20:12:43.0195148-03:00 0HN3VDE8LQ83I:00000001 [INF] Executed DbCommand ("5"ms) [Parameters=["@p6='?' (DbType = Int32), @p0='?', @p1='?', @p2='?' (DbType = Decimal), @p3='?', @p4='?' (DbType = Decimal), @p5='?' (DbType = Int32)"], CommandType='Text', CommandTimeout='30']"
""UPDATE tb_products SET barcode = @p0, barcodetype = @p1, costprice = @p2, description = @p3, price = @p4, stock = @p5
WHERE id = @p6;" (0723d8ff)
2024-05-28T20:12:43.0290333-03:00 0HN3VDE8LQ83I:00000001 [INF] Executing "OkObjectResult", writing value of type '"ApiTF.BaseDados.Models.TbProduct"'. (605b4265)
2024-05-28T20:12:43.0366380-03:00 0HN3VDE8LQ83I:00000001 [INF] Executed action "ApiTF.Controllers.ProductController.Update (ApiTF)" in 1227.7943ms (afa2e885)
2024-05-28T20:12:43.0367770-03:00 0HN3VDE8LQ83I:00000001 [INF] Executed endpoint '"ApiTF.Controllers.ProductController.Update (ApiTF)"' (99874f2b)
2024-05-28T20:12:43.0440461-03:00 0HN3VDE8LQ83I:00000001 [INF] Request finished "HTTP/1.1" "PATCH" "http"://"localhost:5279""""/products/1""" - 200 null "application/json; charset=utf-8" 1266.3819ms (74253ad3)
2024-05-28T20:15:56.6026313-03:00  [INF] Now listening on: "http://localhost:5279" (d826f4b8)
2024-05-28T20:15:56.6953747-03:00  [INF] Application started. Press Ctrl+C to shut down. (dcaefe54)
2024-05-28T20:15:56.6987294-03:00  [INF] Hosting environment: "Development" (bc5a1a4e)
2024-05-28T20:15:56.7015246-03:00  [INF] Content root path: "C:\Users\daluz\source\repos\ApiTF\ApiTF" (cc26f24e)
2024-05-28T20:15:56.9514302-03:00 0HN3VDGGF7E75:00000001 [INF] Request starting "HTTP/1.1" "GET" "http"://"localhost:5279""""/swagger/index.html""" - null null (d509f86a)
2024-05-28T20:15:57.1506201-03:00 0HN3VDGGF7E75:00000001 [INF] Request finished "HTTP/1.1" "GET" "http"://"localhost:5279""""/swagger/index.html""" - 200 null "text/html;charset=utf-8" 204.2467ms (74253ad3)
2024-05-28T20:15:57.2521581-03:00 0HN3VDGGF7E75:00000002 [INF] Request starting "HTTP/1.1" "GET" "http"://"localhost:5279""""/_framework/aspnetcore-browser-refresh.js""" - null null (d509f86a)
2024-05-28T20:15:57.2526272-03:00 0HN3VDGGF7E76:00000001 [INF] Request starting "HTTP/1.1" "GET" "http"://"localhost:5279""""/_vs/browserLink""" - null null (d509f86a)
2024-05-28T20:15:57.2546663-03:00 0HN3VDGGF7E75:00000002 [INF] Request finished "HTTP/1.1" "GET" "http"://"localhost:5279""""/_framework/aspnetcore-browser-refresh.js""" - 200 13746 "application/javascript; charset=utf-8" 2.6964ms (74253ad3)
2024-05-28T20:15:57.2946943-03:00 0HN3VDGGF7E76:00000001 [INF] Request finished "HTTP/1.1" "GET" "http"://"localhost:5279""""/_vs/browserLink""" - 200 null "text/javascript; charset=UTF-8" 41.9925ms (74253ad3)
2024-05-28T20:15:57.3704661-03:00 0HN3VDGGF7E76:00000002 [INF] Request starting "HTTP/1.1" "GET" "http"://"localhost:5279""""/swagger/v1/swagger.json""" - null null (d509f86a)
2024-05-28T20:15:57.4860990-03:00 0HN3VDGGF7E76:00000002 [INF] Request finished "HTTP/1.1" "GET" "http"://"localhost:5279""""/swagger/v1/swagger.json""" - 200 null "application/json;charset=utf-8" 115.661ms (74253ad3)
2024-05-28T20:16:06.5769559-03:00 0HN3VDGGF7E77:00000001 [INF] Request starting "HTTP/1.1" "GET" "http"://"localhost:5279""""/products/getByBarcode/1231231231231""" - null null (d509f86a)
2024-05-28T20:16:06.5834130-03:00 0HN3VDGGF7E77:00000001 [INF] Executing endpoint '"ApiTF.Controllers.ProductController.GetByBarcode (ApiTF)"' (500cc934)
2024-05-28T20:16:06.6018919-03:00 0HN3VDGGF7E77:00000001 [INF] Route matched with "{action = \"GetByBarcode\", controller = \"Product\"}". Executing controller action with signature "Microsoft.AspNetCore.Mvc.ActionResult`1[ApiTF.BaseDados.Models.TbProduct] GetByBarcode(System.String)" on controller "ApiTF.Controllers.ProductController" ("ApiTF"). (122b2fdf)
2024-05-28T20:16:07.6987948-03:00 0HN3VDGGF7E77:00000001 [INF] Executed DbCommand ("38"ms) [Parameters=["@__barcode_0='?'"], CommandType='Text', CommandTimeout='30']"
""SELECT t.id, t.barcode, t.barcodetype, t.costprice, t.description, t.price, t.stock
FROM tb_products AS t
WHERE t.barcode = @__barcode_0
LIMIT 1" (0723d8ff)
2024-05-28T20:16:07.7631911-03:00 0HN3VDGGF7E77:00000001 [INF] Executing "OkObjectResult", writing value of type '"ApiTF.BaseDados.Models.TbProduct"'. (605b4265)
2024-05-28T20:16:07.7788885-03:00 0HN3VDGGF7E77:00000001 [INF] Executed action "ApiTF.Controllers.ProductController.GetByBarcode (ApiTF)" in 1173.8609ms (afa2e885)
2024-05-28T20:16:07.7790387-03:00 0HN3VDGGF7E77:00000001 [INF] Executed endpoint '"ApiTF.Controllers.ProductController.GetByBarcode (ApiTF)"' (99874f2b)
2024-05-28T20:16:07.7859967-03:00 0HN3VDGGF7E77:00000001 [INF] Request finished "HTTP/1.1" "GET" "http"://"localhost:5279""""/products/getByBarcode/1231231231231""" - 200 null "application/json; charset=utf-8" 1209.0927ms (74253ad3)
2024-05-28T20:16:29.7233478-03:00 0HN3VDGGF7E78:00000001 [INF] Request starting "HTTP/1.1" "PATCH" "http"://"localhost:5279""""/products/1""" - "application/json" 142 (d509f86a)
2024-05-28T20:16:29.7249274-03:00 0HN3VDGGF7E78:00000001 [INF] Executing endpoint '"ApiTF.Controllers.ProductController.Update (ApiTF)"' (500cc934)
2024-05-28T20:16:29.7302234-03:00 0HN3VDGGF7E78:00000001 [INF] Route matched with "{action = \"Update\", controller = \"Product\"}". Executing controller action with signature "Microsoft.AspNetCore.Mvc.ActionResult`1[ApiTF.BaseDados.Models.TbProduct] Update(Int32, ApiTF.Services.DTOs.ProductDTO)" on controller "ApiTF.Controllers.ProductController" ("ApiTF"). (122b2fdf)
2024-05-28T20:16:29.7746651-03:00 0HN3VDGGF7E78:00000001 [INF] Executed DbCommand ("2"ms) [Parameters=["@__id_0='?' (DbType = Int32)"], CommandType='Text', CommandTimeout='30']"
""SELECT t.id, t.barcode, t.barcodetype, t.costprice, t.description, t.price, t.stock
FROM tb_products AS t
WHERE t.id = @__id_0
LIMIT 1" (0723d8ff)
2024-05-28T20:16:29.8474970-03:00 0HN3VDGGF7E78:00000001 [INF] Executed DbCommand ("8"ms) [Parameters=["@p6='?' (DbType = Int32), @p0='?', @p1='?', @p2='?' (DbType = Decimal), @p3='?', @p4='?' (DbType = Decimal), @p5='?' (DbType = Int32)"], CommandType='Text', CommandTimeout='30']"
""UPDATE tb_products SET barcode = @p0, barcodetype = @p1, costprice = @p2, description = @p3, price = @p4, stock = @p5
WHERE id = @p6;" (0723d8ff)
2024-05-28T20:16:29.8521341-03:00 0HN3VDGGF7E78:00000001 [INF] Executing "OkObjectResult", writing value of type '"ApiTF.BaseDados.Models.TbProduct"'. (605b4265)
2024-05-28T20:16:29.8524407-03:00 0HN3VDGGF7E78:00000001 [INF] Executed action "ApiTF.Controllers.ProductController.Update (ApiTF)" in 122.0584ms (afa2e885)
2024-05-28T20:16:29.8525051-03:00 0HN3VDGGF7E78:00000001 [INF] Executed endpoint '"ApiTF.Controllers.ProductController.Update (ApiTF)"' (99874f2b)
2024-05-28T20:16:29.8527114-03:00 0HN3VDGGF7E78:00000001 [INF] Request finished "HTTP/1.1" "PATCH" "http"://"localhost:5279""""/products/1""" - 200 null "application/json; charset=utf-8" 129.5237ms (74253ad3)
