2024-05-14T20:35:02.8721256-03:00  [INF] Now listening on: "http://localhost:5279" (d826f4b8)
2024-05-14T20:35:03.3545132-03:00  [INF] Application started. Press Ctrl+C to shut down. (dcaefe54)
2024-05-14T20:35:03.3595728-03:00  [INF] Hosting environment: "Development" (bc5a1a4e)
2024-05-14T20:35:03.3638517-03:00  [INF] Content root path: "C:\Users\daluz\source\repos\ApiTF\ApiTF" (cc26f24e)
2024-05-14T20:35:07.0174464-03:00 0HN3KDPT67AB4:00000001 [INF] Request starting "HTTP/1.1" "GET" "http"://"localhost:5279""""/swagger""" - null null (d509f86a)
2024-05-14T20:35:07.8841782-03:00 0HN3KDPT67AB4:00000001 [INF] Request finished "HTTP/1.1" "GET" "http"://"localhost:5279""""/swagger""" - 301 0 null 874.7701ms (74253ad3)
2024-05-14T20:35:07.9453163-03:00 0HN3KDPT67AB4:00000002 [INF] Request starting "HTTP/1.1" "GET" "http"://"localhost:5279""""/swagger/index.html""" - null null (d509f86a)
2024-05-14T20:35:08.0374008-03:00 0HN3KDPT67AB4:00000002 [INF] Request finished "HTTP/1.1" "GET" "http"://"localhost:5279""""/swagger/index.html""" - 200 null "text/html;charset=utf-8" 92.1594ms (74253ad3)
2024-05-14T20:35:08.4311235-03:00 0HN3KDPT67AB4:00000003 [INF] Request starting "HTTP/1.1" "GET" "http"://"localhost:5279""""/swagger/swagger-ui.css""" - null null (d509f86a)
2024-05-14T20:35:08.4380909-03:00 0HN3KDPT67AB5:00000001 [INF] Request starting "HTTP/1.1" "GET" "http"://"localhost:5279""""/swagger/swagger-ui-bundle.js""" - null null (d509f86a)
2024-05-14T20:35:08.4383045-03:00 0HN3KDPT67AB8:00000001 [INF] Request starting "HTTP/1.1" "GET" "http"://"localhost:5279""""/_vs/browserLink""" - null null (d509f86a)
2024-05-14T20:35:08.4384121-03:00 0HN3KDPT67AB7:00000001 [INF] Request starting "HTTP/1.1" "GET" "http"://"localhost:5279""""/_framework/aspnetcore-browser-refresh.js""" - null null (d509f86a)
2024-05-14T20:35:08.4384983-03:00 0HN3KDPT67AB6:00000001 [INF] Request starting "HTTP/1.1" "GET" "http"://"localhost:5279""""/swagger/swagger-ui-standalone-preset.js""" - null null (d509f86a)
2024-05-14T20:35:08.4423772-03:00 0HN3KDPT67AB7:00000001 [INF] Request finished "HTTP/1.1" "GET" "http"://"localhost:5279""""/_framework/aspnetcore-browser-refresh.js""" - 200 13746 "application/javascript; charset=utf-8" 3.9964ms (74253ad3)
2024-05-14T20:35:08.5065974-03:00 0HN3KDPT67AB4:00000003 [INF] Sending file. Request path: '"/swagger-ui.css"'. Physical path: '"N/A"' (27b0a520)
2024-05-14T20:35:08.5065969-03:00 0HN3KDPT67AB6:00000001 [INF] Sending file. Request path: '"/swagger-ui-standalone-preset.js"'. Physical path: '"N/A"' (27b0a520)
2024-05-14T20:35:08.5065970-03:00 0HN3KDPT67AB5:00000001 [INF] Sending file. Request path: '"/swagger-ui-bundle.js"'. Physical path: '"N/A"' (27b0a520)
2024-05-14T20:35:08.5100646-03:00 0HN3KDPT67AB4:00000003 [INF] Request finished "HTTP/1.1" "GET" "http"://"localhost:5279""""/swagger/swagger-ui.css""" - 200 143943 "text/css" 79.1206ms (74253ad3)
2024-05-14T20:35:08.5100645-03:00 0HN3KDPT67AB5:00000001 [INF] Request finished "HTTP/1.1" "GET" "http"://"localhost:5279""""/swagger/swagger-ui-bundle.js""" - 200 1096145 "text/javascript" 72.0223ms (74253ad3)
2024-05-14T20:35:08.5101202-03:00 0HN3KDPT67AB6:00000001 [INF] Request finished "HTTP/1.1" "GET" "http"://"localhost:5279""""/swagger/swagger-ui-standalone-preset.js""" - 200 339486 "text/javascript" 71.8619ms (74253ad3)
2024-05-14T20:35:09.8964649-03:00 0HN3KDPT67AB8:00000001 [INF] Request finished "HTTP/1.1" "GET" "http"://"localhost:5279""""/_vs/browserLink""" - 200 null "text/javascript; charset=UTF-8" 1458.1441ms (74253ad3)
2024-05-14T20:35:10.1311061-03:00 0HN3KDPT67AB8:00000002 [INF] Request starting "HTTP/1.1" "GET" "http"://"localhost:5279""""/swagger/v1/swagger.json""" - null null (d509f86a)
2024-05-14T20:35:10.3395165-03:00 0HN3KDPT67AB8:00000002 [INF] Request finished "HTTP/1.1" "GET" "http"://"localhost:5279""""/swagger/v1/swagger.json""" - 200 null "application/json;charset=utf-8" 208.5364ms (74253ad3)
2024-05-14T20:48:07.5092960-03:00  [INF] Now listening on: "http://localhost:5279" (d826f4b8)
2024-05-14T20:48:07.5931008-03:00 0HN3KE1716TT4:00000001 [INF] Request starting "HTTP/1.1" "GET" "http"://"localhost:5279""""/swagger/index.html""" - null null (d509f86a)
2024-05-14T20:48:07.7172201-03:00  [INF] Application started. Press Ctrl+C to shut down. (dcaefe54)
2024-05-14T20:48:07.7227426-03:00  [INF] Hosting environment: "Development" (bc5a1a4e)
2024-05-14T20:48:07.7271856-03:00  [INF] Content root path: "C:\Users\daluz\source\repos\ApiTF\ApiTF" (cc26f24e)
2024-05-14T20:48:08.4267306-03:00 0HN3KE1716TT4:00000001 [INF] Request finished "HTTP/1.1" "GET" "http"://"localhost:5279""""/swagger/index.html""" - 200 null "text/html;charset=utf-8" 869.1014ms (74253ad3)
2024-05-14T20:48:08.5558611-03:00 0HN3KE1716TT8:00000001 [INF] Request starting "HTTP/1.1" "GET" "http"://"localhost:5279""""/swagger/index.html""" - null null (d509f86a)
2024-05-14T20:48:08.5868860-03:00 0HN3KE1716TT8:00000001 [INF] Request finished "HTTP/1.1" "GET" "http"://"localhost:5279""""/swagger/index.html""" - 200 null "text/html;charset=utf-8" 31.0793ms (74253ad3)
2024-05-14T20:48:08.8809407-03:00 0HN3KE1716TT8:00000002 [INF] Request starting "HTTP/1.1" "GET" "http"://"localhost:5279""""/_framework/aspnetcore-browser-refresh.js""" - null null (d509f86a)
2024-05-14T20:48:08.8856494-03:00 0HN3KE1716TT9:00000001 [INF] Request starting "HTTP/1.1" "GET" "http"://"localhost:5279""""/_vs/browserLink""" - null null (d509f86a)
2024-05-14T20:48:08.8857408-03:00 0HN3KE1716TT8:00000002 [INF] Request finished "HTTP/1.1" "GET" "http"://"localhost:5279""""/_framework/aspnetcore-browser-refresh.js""" - 200 13746 "application/javascript; charset=utf-8" 4.9579ms (74253ad3)
2024-05-14T20:48:08.9549597-03:00 0HN3KE1716TT9:00000001 [INF] Request finished "HTTP/1.1" "GET" "http"://"localhost:5279""""/_vs/browserLink""" - 200 null "text/javascript; charset=UTF-8" 69.573ms (74253ad3)
2024-05-14T20:48:09.3547760-03:00 0HN3KE1716TT9:00000002 [INF] Request starting "HTTP/1.1" "GET" "http"://"localhost:5279""""/swagger/v1/swagger.json""" - null null (d509f86a)
2024-05-14T20:48:09.4447370-03:00 0HN3KE1716TT8:00000003 [INF] Request starting "HTTP/1.1" "GET" "http"://"localhost:5279""""/swagger/favicon-32x32.png""" - null null (d509f86a)
2024-05-14T20:48:09.4664641-03:00 0HN3KE1716TT8:00000003 [INF] Sending file. Request path: '"/favicon-32x32.png"'. Physical path: '"N/A"' (27b0a520)
2024-05-14T20:48:09.4669568-03:00 0HN3KE1716TT8:00000003 [INF] Request finished "HTTP/1.1" "GET" "http"://"localhost:5279""""/swagger/favicon-32x32.png""" - 200 628 "image/png" 22.2782ms (74253ad3)
2024-05-14T20:48:09.5698493-03:00 0HN3KE1716TT9:00000002 [INF] Request finished "HTTP/1.1" "GET" "http"://"localhost:5279""""/swagger/v1/swagger.json""" - 200 null "application/json;charset=utf-8" 215.0061ms (74253ad3)
2024-05-14T21:04:18.0792448-03:00  [INF] Now listening on: "http://localhost:5279" (d826f4b8)
2024-05-14T21:04:18.2453084-03:00  [INF] Application started. Press Ctrl+C to shut down. (dcaefe54)
2024-05-14T21:04:18.2500126-03:00  [INF] Hosting environment: "Development" (bc5a1a4e)
2024-05-14T21:04:18.2542500-03:00  [INF] Content root path: "C:\Users\daluz\source\repos\ApiTF\ApiTF" (cc26f24e)
2024-05-14T21:04:18.9719178-03:00 0HN3KEA8A8NCK:00000001 [INF] Request starting "HTTP/1.1" "GET" "http"://"localhost:5279""""/swagger/index.html""" - null null (d509f86a)
2024-05-14T21:04:19.4160132-03:00 0HN3KEA8A8NCK:00000001 [INF] Request finished "HTTP/1.1" "GET" "http"://"localhost:5279""""/swagger/index.html""" - 200 null "text/html;charset=utf-8" 455.077ms (74253ad3)
2024-05-14T21:04:19.6629914-03:00 0HN3KEA8A8NCK:00000002 [INF] Request starting "HTTP/1.1" "GET" "http"://"localhost:5279""""/_framework/aspnetcore-browser-refresh.js""" - null null (d509f86a)
2024-05-14T21:04:19.6678697-03:00 0HN3KEA8A8NCK:00000002 [INF] Request finished "HTTP/1.1" "GET" "http"://"localhost:5279""""/_framework/aspnetcore-browser-refresh.js""" - 200 13746 "application/javascript; charset=utf-8" 4.936ms (74253ad3)
2024-05-14T21:04:19.6716499-03:00 0HN3KEA8A8NCL:00000001 [INF] Request starting "HTTP/1.1" "GET" "http"://"localhost:5279""""/_vs/browserLink""" - null null (d509f86a)
2024-05-14T21:04:19.7358725-03:00 0HN3KEA8A8NCL:00000001 [INF] Request finished "HTTP/1.1" "GET" "http"://"localhost:5279""""/_vs/browserLink""" - 200 null "text/javascript; charset=UTF-8" 64.2655ms (74253ad3)
2024-05-14T21:04:19.8657129-03:00 0HN3KEA8A8NCL:00000002 [INF] Request starting "HTTP/1.1" "GET" "http"://"localhost:5279""""/swagger/v1/swagger.json""" - null null (d509f86a)
2024-05-14T21:04:20.0647192-03:00 0HN3KEA8A8NCL:00000002 [INF] Request finished "HTTP/1.1" "GET" "http"://"localhost:5279""""/swagger/v1/swagger.json""" - 200 null "application/json;charset=utf-8" 199.0919ms (74253ad3)
2024-05-14T21:07:00.8923781-03:00  [INF] Now listening on: "http://localhost:5279" (d826f4b8)
2024-05-14T21:07:01.0405531-03:00  [INF] Application started. Press Ctrl+C to shut down. (dcaefe54)
2024-05-14T21:07:01.0455127-03:00  [INF] Hosting environment: "Development" (bc5a1a4e)
2024-05-14T21:07:01.0490950-03:00  [INF] Content root path: "C:\Users\daluz\source\repos\ApiTF\ApiTF" (cc26f24e)
2024-05-14T21:07:01.8844034-03:00 0HN3KEBOT84IA:00000001 [INF] Request starting "HTTP/1.1" "GET" "http"://"localhost:5279""""/swagger/index.html""" - null null (d509f86a)
2024-05-14T21:07:02.2375751-03:00 0HN3KEBOT84IA:00000001 [INF] Request finished "HTTP/1.1" "GET" "http"://"localhost:5279""""/swagger/index.html""" - 200 null "text/html;charset=utf-8" 364.0862ms (74253ad3)
2024-05-14T21:07:02.3884761-03:00 0HN3KEBOT84IA:00000002 [INF] Request starting "HTTP/1.1" "GET" "http"://"localhost:5279""""/_framework/aspnetcore-browser-refresh.js""" - null null (d509f86a)
2024-05-14T21:07:02.3921001-03:00 0HN3KEBOT84IA:00000002 [INF] Request finished "HTTP/1.1" "GET" "http"://"localhost:5279""""/_framework/aspnetcore-browser-refresh.js""" - 200 13746 "application/javascript; charset=utf-8" 6.5527ms (74253ad3)
2024-05-14T21:07:02.3931571-03:00 0HN3KEBOT84I9:00000001 [INF] Request starting "HTTP/1.1" "GET" "http"://"localhost:5279""""/_vs/browserLink""" - null null (d509f86a)
2024-05-14T21:07:02.4927051-03:00 0HN3KEBOT84I9:00000001 [INF] Request finished "HTTP/1.1" "GET" "http"://"localhost:5279""""/_vs/browserLink""" - 200 null "text/javascript; charset=UTF-8" 99.5711ms (74253ad3)
2024-05-14T21:07:02.6170231-03:00 0HN3KEBOT84I9:00000002 [INF] Request starting "HTTP/1.1" "GET" "http"://"localhost:5279""""/swagger/v1/swagger.json""" - null null (d509f86a)
2024-05-14T21:07:02.8033325-03:00 0HN3KEBOT84I9:00000002 [INF] Request finished "HTTP/1.1" "GET" "http"://"localhost:5279""""/swagger/v1/swagger.json""" - 200 null "application/json;charset=utf-8" 186.4915ms (74253ad3)
2024-05-14T21:08:31.9428866-03:00  [INF] Now listening on: "http://localhost:5279" (d826f4b8)
2024-05-14T21:08:32.0649138-03:00  [INF] Application started. Press Ctrl+C to shut down. (dcaefe54)
2024-05-14T21:08:32.0690051-03:00  [INF] Hosting environment: "Development" (bc5a1a4e)
2024-05-14T21:08:32.0723259-03:00  [INF] Content root path: "C:\Users\daluz\source\repos\ApiTF\ApiTF" (cc26f24e)
2024-05-14T21:08:32.9285369-03:00 0HN3KECK2D9MF:00000001 [INF] Request starting "HTTP/1.1" "GET" "http"://"localhost:5279""""/swagger/index.html""" - null null (d509f86a)
2024-05-14T21:08:33.3696559-03:00 0HN3KECK2D9MF:00000001 [INF] Request finished "HTTP/1.1" "GET" "http"://"localhost:5279""""/swagger/index.html""" - 200 null "text/html;charset=utf-8" 455.5195ms (74253ad3)
2024-05-14T21:08:33.5226243-03:00 0HN3KECK2D9MF:00000002 [INF] Request starting "HTTP/1.1" "GET" "http"://"localhost:5279""""/_framework/aspnetcore-browser-refresh.js""" - null null (d509f86a)
2024-05-14T21:08:33.5264593-03:00 0HN3KECK2D9MF:00000002 [INF] Request finished "HTTP/1.1" "GET" "http"://"localhost:5279""""/_framework/aspnetcore-browser-refresh.js""" - 200 13746 "application/javascript; charset=utf-8" 3.8113ms (74253ad3)
2024-05-14T21:08:33.5378853-03:00 0HN3KECK2D9ME:00000001 [INF] Request starting "HTTP/1.1" "GET" "http"://"localhost:5279""""/_vs/browserLink""" - null null (d509f86a)
2024-05-14T21:08:33.5842520-03:00 0HN3KECK2D9ME:00000001 [INF] Request finished "HTTP/1.1" "GET" "http"://"localhost:5279""""/_vs/browserLink""" - 200 null "text/javascript; charset=UTF-8" 46.3638ms (74253ad3)
2024-05-14T21:08:33.7272306-03:00 0HN3KECK2D9ME:00000002 [INF] Request starting "HTTP/1.1" "GET" "http"://"localhost:5279""""/swagger/v1/swagger.json""" - null null (d509f86a)
2024-05-14T21:08:33.9030025-03:00 0HN3KECK2D9ME:00000002 [INF] Request finished "HTTP/1.1" "GET" "http"://"localhost:5279""""/swagger/v1/swagger.json""" - 200 null "application/json;charset=utf-8" 175.7976ms (74253ad3)
2024-05-14T21:10:11.9294167-03:00  [INF] Now listening on: "http://localhost:5279" (d826f4b8)
2024-05-14T21:10:12.0504175-03:00  [INF] Application started. Press Ctrl+C to shut down. (dcaefe54)
2024-05-14T21:10:12.0549275-03:00  [INF] Hosting environment: "Development" (bc5a1a4e)
2024-05-14T21:10:12.0581228-03:00  [INF] Content root path: "C:\Users\daluz\source\repos\ApiTF\ApiTF" (cc26f24e)
2024-05-14T21:10:12.8690250-03:00 0HN3KEDHQ0KM7:00000001 [INF] Request starting "HTTP/1.1" "GET" "http"://"localhost:5279""""/swagger/index.html""" - null null (d509f86a)
2024-05-14T21:10:13.3007728-03:00 0HN3KEDHQ0KM7:00000001 [INF] Request finished "HTTP/1.1" "GET" "http"://"localhost:5279""""/swagger/index.html""" - 200 null "text/html;charset=utf-8" 440.0749ms (74253ad3)
2024-05-14T21:10:13.5101475-03:00 0HN3KEDHQ0KM7:00000002 [INF] Request starting "HTTP/1.1" "GET" "http"://"localhost:5279""""/_framework/aspnetcore-browser-refresh.js""" - null null (d509f86a)
2024-05-14T21:10:13.5151780-03:00 0HN3KEDHQ0KM7:00000002 [INF] Request finished "HTTP/1.1" "GET" "http"://"localhost:5279""""/_framework/aspnetcore-browser-refresh.js""" - 200 13746 "application/javascript; charset=utf-8" 5.1665ms (74253ad3)
2024-05-14T21:10:13.5255117-03:00 0HN3KEDHQ0KM8:00000001 [INF] Request starting "HTTP/1.1" "GET" "http"://"localhost:5279""""/_vs/browserLink""" - null null (d509f86a)
2024-05-14T21:10:13.5880186-03:00 0HN3KEDHQ0KM8:00000001 [INF] Request finished "HTTP/1.1" "GET" "http"://"localhost:5279""""/_vs/browserLink""" - 200 null "text/javascript; charset=UTF-8" 62.6958ms (74253ad3)
2024-05-14T21:10:13.7302378-03:00 0HN3KEDHQ0KM8:00000002 [INF] Request starting "HTTP/1.1" "GET" "http"://"localhost:5279""""/swagger/v1/swagger.json""" - null null (d509f86a)
2024-05-14T21:10:13.9306445-03:00 0HN3KEDHQ0KM8:00000002 [INF] Request finished "HTTP/1.1" "GET" "http"://"localhost:5279""""/swagger/v1/swagger.json""" - 200 null "application/json;charset=utf-8" 200.4776ms (74253ad3)
2024-05-14T21:10:43.5259447-03:00  [INF] Now listening on: "http://localhost:5279" (d826f4b8)
2024-05-14T21:10:43.6507117-03:00  [INF] Application started. Press Ctrl+C to shut down. (dcaefe54)
2024-05-14T21:10:43.6547002-03:00  [INF] Hosting environment: "Development" (bc5a1a4e)
2024-05-14T21:10:43.6579575-03:00  [INF] Content root path: "C:\Users\daluz\source\repos\ApiTF\ApiTF" (cc26f24e)
2024-05-14T21:10:45.4250919-03:00 0HN3KEDR500GQ:00000001 [INF] Request starting "HTTP/1.1" "GET" "http"://"localhost:5279""""/swagger/index.html""" - null null (d509f86a)
2024-05-14T21:10:45.9109315-03:00 0HN3KEDR500GQ:00000001 [INF] Request finished "HTTP/1.1" "GET" "http"://"localhost:5279""""/swagger/index.html""" - 200 null "text/html;charset=utf-8" 502.3606ms (74253ad3)
2024-05-14T21:10:46.1100189-03:00 0HN3KEDR500GQ:00000002 [INF] Request starting "HTTP/1.1" "GET" "http"://"localhost:5279""""/_framework/aspnetcore-browser-refresh.js""" - null null (d509f86a)
2024-05-14T21:10:46.1189069-03:00 0HN3KEDR500GQ:00000002 [INF] Request finished "HTTP/1.1" "GET" "http"://"localhost:5279""""/_framework/aspnetcore-browser-refresh.js""" - 200 13746 "application/javascript; charset=utf-8" 7.1445ms (74253ad3)
2024-05-14T21:10:46.1192663-03:00 0HN3KEDR500GR:00000001 [INF] Request starting "HTTP/1.1" "GET" "http"://"localhost:5279""""/_vs/browserLink""" - null null (d509f86a)
2024-05-14T21:10:46.2018633-03:00 0HN3KEDR500GR:00000001 [INF] Request finished "HTTP/1.1" "GET" "http"://"localhost:5279""""/_vs/browserLink""" - 200 null "text/javascript; charset=UTF-8" 82.6469ms (74253ad3)
2024-05-14T21:10:46.4556698-03:00 0HN3KEDR500GR:00000002 [INF] Request starting "HTTP/1.1" "GET" "http"://"localhost:5279""""/swagger/v1/swagger.json""" - null null (d509f86a)
2024-05-14T21:10:46.6703684-03:00 0HN3KEDR500GR:00000002 [INF] Request finished "HTTP/1.1" "GET" "http"://"localhost:5279""""/swagger/v1/swagger.json""" - 200 null "application/json;charset=utf-8" 214.9446ms (74253ad3)
2024-05-14T21:18:07.2164258-03:00 0HN3KEDR500GS:00000001 [INF] Request starting "HTTP/1.1" "POST" "http"://"localhost:5279""""/api/Product""" - "application/json" 133 (d509f86a)
2024-05-14T21:18:07.2301084-03:00 0HN3KEDR500GS:00000001 [INF] Executing endpoint '"ApiTF.Controllers.ProductController.Insert (ApiTF)"' (500cc934)
2024-05-14T21:18:07.2689654-03:00 0HN3KEDR500GS:00000001 [INF] Route matched with "{action = \"Insert\", controller = \"Product\"}". Executing controller action with signature "Microsoft.AspNetCore.Mvc.ActionResult`1[ApiTF.BaseDados.Models.TbProduct] Insert(ApiTF.Services.DTOs.ProductDTO)" on controller "ApiTF.Controllers.ProductController" ("ApiTF"). (122b2fdf)
2024-05-14T21:18:10.3477475-03:00 0HN3KEDR500GS:00000001 [INF] Executed DbCommand ("140"ms) [Parameters=["@p0='?', @p1='?', @p2='?' (DbType = Decimal), @p3='?', @p4='?' (DbType = Decimal), @p5='?' (DbType = Int32)"], CommandType='Text', CommandTimeout='30']"
""INSERT INTO tb_products (barcode, barcodetype, costprice, description, price, stock)
VALUES (@p0, @p1, @p2, @p3, @p4, @p5)
RETURNING id;" (0723d8ff)
2024-05-14T21:18:10.4215696-03:00 0HN3KEDR500GS:00000001 [INF] Executing "OkObjectResult", writing value of type '"ApiTF.BaseDados.Models.TbProduct"'. (605b4265)
2024-05-14T21:18:10.4396778-03:00 0HN3KEDR500GS:00000001 [INF] Executed action "ApiTF.Controllers.ProductController.Insert (ApiTF)" in 3163.7974ms (afa2e885)
2024-05-14T21:18:10.4405319-03:00 0HN3KEDR500GS:00000001 [INF] Executed endpoint '"ApiTF.Controllers.ProductController.Insert (ApiTF)"' (99874f2b)
2024-05-14T21:18:10.4534144-03:00 0HN3KEDR500GS:00000001 [INF] Request finished "HTTP/1.1" "POST" "http"://"localhost:5279""""/api/Product""" - 200 null "application/json; charset=utf-8" 3237.2493ms (74253ad3)
2024-05-14T21:26:41.4847974-03:00  [INF] Now listening on: "http://localhost:5279" (d826f4b8)
2024-05-14T21:26:41.6308956-03:00  [INF] Application started. Press Ctrl+C to shut down. (dcaefe54)
2024-05-14T21:26:41.6353181-03:00  [INF] Hosting environment: "Development" (bc5a1a4e)
2024-05-14T21:26:41.6388838-03:00  [INF] Content root path: "C:\Users\daluz\source\repos\ApiTF\ApiTF" (cc26f24e)
2024-05-14T21:26:42.3494785-03:00 0HN3KEMOL4JE7:00000001 [INF] Request starting "HTTP/1.1" "GET" "http"://"localhost:5279""""/swagger/index.html""" - null null (d509f86a)
2024-05-14T21:26:42.8026301-03:00 0HN3KEMOL4JE7:00000001 [INF] Request finished "HTTP/1.1" "GET" "http"://"localhost:5279""""/swagger/index.html""" - 200 null "text/html;charset=utf-8" 465.8549ms (74253ad3)
2024-05-14T21:26:43.2599168-03:00 0HN3KEMOL4JE6:00000001 [INF] Request starting "HTTP/1.1" "GET" "http"://"localhost:5279""""/_vs/browserLink""" - null null (d509f86a)
2024-05-14T21:26:43.2599135-03:00 0HN3KEMOL4JE7:00000002 [INF] Request starting "HTTP/1.1" "GET" "http"://"localhost:5279""""/_framework/aspnetcore-browser-refresh.js""" - null null (d509f86a)
2024-05-14T21:26:43.2652399-03:00 0HN3KEMOL4JE7:00000002 [INF] Request finished "HTTP/1.1" "GET" "http"://"localhost:5279""""/_framework/aspnetcore-browser-refresh.js""" - 200 13746 "application/javascript; charset=utf-8" 5.2278ms (74253ad3)
2024-05-14T21:26:43.3403058-03:00 0HN3KEMOL4JE6:00000001 [INF] Request finished "HTTP/1.1" "GET" "http"://"localhost:5279""""/_vs/browserLink""" - 200 null "text/javascript; charset=UTF-8" 80.6732ms (74253ad3)
2024-05-14T21:26:43.4880494-03:00 0HN3KEMOL4JE6:00000002 [INF] Request starting "HTTP/1.1" "GET" "http"://"localhost:5279""""/swagger/v1/swagger.json""" - null null (d509f86a)
2024-05-14T21:26:43.7304633-03:00 0HN3KEMOL4JE6:00000002 [INF] Request finished "HTTP/1.1" "GET" "http"://"localhost:5279""""/swagger/v1/swagger.json""" - 200 null "application/json;charset=utf-8" 239.8643ms (74253ad3)
2024-05-14T21:26:57.8727424-03:00 0HN3KEMOL4JE8:00000001 [INF] Request starting "HTTP/1.1" "GET" "http"://"localhost:5279""""/produto/getByBarcode/teste""" - null null (d509f86a)
2024-05-14T21:26:57.8874785-03:00 0HN3KEMOL4JE8:00000001 [INF] Executing endpoint '"ApiTF.Controllers.ProductController.GetById (ApiTF)"' (500cc934)
2024-05-14T21:26:57.9288684-03:00 0HN3KEMOL4JE8:00000001 [INF] Route matched with "{action = \"GetById\", controller = \"Product\"}". Executing controller action with signature "Microsoft.AspNetCore.Mvc.ActionResult`1[ApiTF.BaseDados.Models.TbProduct] GetById(System.String)" on controller "ApiTF.Controllers.ProductController" ("ApiTF"). (122b2fdf)
2024-05-14T21:27:00.4727408-03:00 0HN3KEMOL4JE8:00000001 [INF] Executed DbCommand ("91"ms) [Parameters=["@__barcode_0='?'"], CommandType='Text', CommandTimeout='30']"
""SELECT t.id, t.barcode, t.barcodetype, t.costprice, t.description, t.price, t.stock
FROM tb_products AS t
WHERE t.barcode = @__barcode_0
LIMIT 1" (0723d8ff)
2024-05-14T21:27:00.6318947-03:00 0HN3KEMOL4JE8:00000001 [INF] Executing "OkObjectResult", writing value of type '"ApiTF.BaseDados.Models.TbProduct"'. (605b4265)
2024-05-14T21:27:00.6675890-03:00 0HN3KEMOL4JE8:00000001 [INF] Executed action "ApiTF.Controllers.ProductController.GetById (ApiTF)" in 2732.1813ms (afa2e885)
2024-05-14T21:27:00.6677707-03:00 0HN3KEMOL4JE8:00000001 [INF] Executed endpoint '"ApiTF.Controllers.ProductController.GetById (ApiTF)"' (99874f2b)
2024-05-14T21:27:00.6845186-03:00 0HN3KEMOL4JE8:00000001 [INF] Request finished "HTTP/1.1" "GET" "http"://"localhost:5279""""/produto/getByBarcode/teste""" - 200 null "application/json; charset=utf-8" 2811.8145ms (74253ad3)
2024-05-14T21:39:16.4953351-03:00  [INF] Now listening on: "http://localhost:5279" (d826f4b8)
2024-05-14T21:39:16.6100947-03:00  [INF] Application started. Press Ctrl+C to shut down. (dcaefe54)
2024-05-14T21:39:16.6144260-03:00  [INF] Hosting environment: "Development" (bc5a1a4e)
2024-05-14T21:39:16.6180929-03:00  [INF] Content root path: "C:\Users\daluz\source\repos\ApiTF\ApiTF" (cc26f24e)
2024-05-14T21:39:17.3968996-03:00 0HN3KETPMSEHQ:00000001 [INF] Request starting "HTTP/1.1" "GET" "http"://"localhost:5279""""/swagger/index.html""" - null null (d509f86a)
2024-05-14T21:39:17.8762244-03:00 0HN3KETPMSEHQ:00000001 [INF] Request finished "HTTP/1.1" "GET" "http"://"localhost:5279""""/swagger/index.html""" - 200 null "text/html;charset=utf-8" 489.7439ms (74253ad3)
2024-05-14T21:39:18.1026089-03:00 0HN3KETPMSEHQ:00000002 [INF] Request starting "HTTP/1.1" "GET" "http"://"localhost:5279""""/_framework/aspnetcore-browser-refresh.js""" - null null (d509f86a)
2024-05-14T21:39:18.1058179-03:00 0HN3KETPMSEHQ:00000002 [INF] Request finished "HTTP/1.1" "GET" "http"://"localhost:5279""""/_framework/aspnetcore-browser-refresh.js""" - 200 13746 "application/javascript; charset=utf-8" 3.1792ms (74253ad3)
2024-05-14T21:39:18.1061229-03:00 0HN3KETPMSEHR:00000001 [INF] Request starting "HTTP/1.1" "GET" "http"://"localhost:5279""""/_vs/browserLink""" - null null (d509f86a)
2024-05-14T21:39:18.1785778-03:00 0HN3KETPMSEHR:00000001 [INF] Request finished "HTTP/1.1" "GET" "http"://"localhost:5279""""/_vs/browserLink""" - 200 null "text/javascript; charset=UTF-8" 72.4743ms (74253ad3)
2024-05-14T21:39:18.3147268-03:00 0HN3KETPMSEHR:00000002 [INF] Request starting "HTTP/1.1" "GET" "http"://"localhost:5279""""/swagger/v1/swagger.json""" - null null (d509f86a)
2024-05-14T21:39:18.5184843-03:00 0HN3KETPMSEHR:00000002 [INF] Request finished "HTTP/1.1" "GET" "http"://"localhost:5279""""/swagger/v1/swagger.json""" - 200 null "application/json;charset=utf-8" 203.8687ms (74253ad3)
2024-05-14T21:39:58.0421540-03:00 0HN3KETPMSEHS:00000001 [INF] Request starting "HTTP/1.1" "GET" "http"://"localhost:5279""""/produto/getAllByDescription/teste""" - null null (d509f86a)
2024-05-14T21:39:58.0579512-03:00 0HN3KETPMSEHS:00000001 [INF] Executing endpoint '"ApiTF.Controllers.ProductController.GetAllByDescription (ApiTF)"' (500cc934)
2024-05-14T21:39:58.1136853-03:00 0HN3KETPMSEHS:00000001 [INF] Route matched with "{action = \"GetAllByDescription\", controller = \"Product\"}". Executing controller action with signature "Microsoft.AspNetCore.Mvc.ActionResult`1[ApiTF.BaseDados.Models.TbProduct] GetAllByDescription(System.String)" on controller "ApiTF.Controllers.ProductController" ("ApiTF"). (122b2fdf)
2024-05-14T21:39:59.8578475-03:00 0HN3KETPMSEHS:00000001 [INF] Executing "OkObjectResult", writing value of type '"Microsoft.EntityFrameworkCore.Query.Internal.EntityQueryable`1[[ApiTF.BaseDados.Models.TbProduct, ApiTF, Version=1.0.0.0, Culture=neutral, PublicKeyToken=null]]"'. (605b4265)
2024-05-14T21:40:00.7439527-03:00 0HN3KETPMSEHS:00000001 [INF] Executed DbCommand ("87"ms) [Parameters=["@__description_0_contains='?'"], CommandType='Text', CommandTimeout='30']"
""SELECT t.id, t.barcode, t.barcodetype, t.costprice, t.description, t.price, t.stock
FROM tb_products AS t
WHERE t.description LIKE @__description_0_contains" (0723d8ff)
2024-05-14T21:40:00.9125942-03:00 0HN3KETPMSEHS:00000001 [INF] Executed action "ApiTF.Controllers.ProductController.GetAllByDescription (ApiTF)" in 2791.3363ms (afa2e885)
2024-05-14T21:40:00.9133881-03:00 0HN3KETPMSEHS:00000001 [INF] Executed endpoint '"ApiTF.Controllers.ProductController.GetAllByDescription (ApiTF)"' (99874f2b)
2024-05-14T21:40:00.9282342-03:00 0HN3KETPMSEHS:00000001 [INF] Request finished "HTTP/1.1" "GET" "http"://"localhost:5279""""/produto/getAllByDescription/teste""" - 200 null "application/json; charset=utf-8" 2886.212ms (74253ad3)
2024-05-14T21:40:41.4782283-03:00 0HN3KETPMSEHT:00000001 [INF] Request starting "HTTP/1.1" "POST" "http"://"localhost:5279""""/api/Product""" - "application/json" 135 (d509f86a)
2024-05-14T21:40:41.4805942-03:00 0HN3KETPMSEHT:00000001 [INF] Executing endpoint '"ApiTF.Controllers.ProductController.Insert (ApiTF)"' (500cc934)
2024-05-14T21:40:41.4932275-03:00 0HN3KETPMSEHT:00000001 [INF] Route matched with "{action = \"Insert\", controller = \"Product\"}". Executing controller action with signature "Microsoft.AspNetCore.Mvc.ActionResult`1[ApiTF.BaseDados.Models.TbProduct] Insert(ApiTF.Services.DTOs.ProductDTO)" on controller "ApiTF.Controllers.ProductController" ("ApiTF"). (122b2fdf)
2024-05-14T21:40:41.5506566-03:00 0HN3KETPMSEHT:00000001 [INF] Executing "BadRequestObjectResult", writing value of type '"Microsoft.AspNetCore.Mvc.ValidationProblemDetails"'. (605b4265)
2024-05-14T21:40:41.5760001-03:00 0HN3KETPMSEHT:00000001 [INF] Executed action "ApiTF.Controllers.ProductController.Insert (ApiTF)" in 82.2687ms (afa2e885)
2024-05-14T21:40:41.5763585-03:00 0HN3KETPMSEHT:00000001 [INF] Executed endpoint '"ApiTF.Controllers.ProductController.Insert (ApiTF)"' (99874f2b)
2024-05-14T21:40:41.5768589-03:00 0HN3KETPMSEHT:00000001 [INF] Request finished "HTTP/1.1" "POST" "http"://"localhost:5279""""/api/Product""" - 400 null "application/problem+json; charset=utf-8" 98.9588ms (74253ad3)
2024-05-14T21:40:57.2365151-03:00 0HN3KETPMSEHU:00000001 [INF] Request starting "HTTP/1.1" "POST" "http"://"localhost:5279""""/api/Product""" - "application/json" 134 (d509f86a)
2024-05-14T21:40:57.2373144-03:00 0HN3KETPMSEHU:00000001 [INF] Executing endpoint '"ApiTF.Controllers.ProductController.Insert (ApiTF)"' (500cc934)
2024-05-14T21:40:57.2377729-03:00 0HN3KETPMSEHU:00000001 [INF] Route matched with "{action = \"Insert\", controller = \"Product\"}". Executing controller action with signature "Microsoft.AspNetCore.Mvc.ActionResult`1[ApiTF.BaseDados.Models.TbProduct] Insert(ApiTF.Services.DTOs.ProductDTO)" on controller "ApiTF.Controllers.ProductController" ("ApiTF"). (122b2fdf)
2024-05-14T21:40:57.2883686-03:00 0HN3KETPMSEHU:00000001 [INF] Executing "BadRequestObjectResult", writing value of type '"Microsoft.AspNetCore.Mvc.ValidationProblemDetails"'. (605b4265)
2024-05-14T21:40:57.2889312-03:00 0HN3KETPMSEHU:00000001 [INF] Executed action "ApiTF.Controllers.ProductController.Insert (ApiTF)" in 50.9829ms (afa2e885)
2024-05-14T21:40:57.2890496-03:00 0HN3KETPMSEHU:00000001 [INF] Executed endpoint '"ApiTF.Controllers.ProductController.Insert (ApiTF)"' (99874f2b)
2024-05-14T21:40:57.2893608-03:00 0HN3KETPMSEHU:00000001 [INF] Request finished "HTTP/1.1" "POST" "http"://"localhost:5279""""/api/Product""" - 400 null "application/problem+json; charset=utf-8" 52.9737ms (74253ad3)
2024-05-14T21:41:58.7042455-03:00 0HN3KETPMSEHV:00000001 [INF] Request starting "HTTP/1.1" "POST" "http"://"localhost:5279""""/api/Product""" - "application/json" 135 (d509f86a)
2024-05-14T21:41:58.7148961-03:00 0HN3KETPMSEHV:00000001 [INF] Executing endpoint '"ApiTF.Controllers.ProductController.Insert (ApiTF)"' (500cc934)
2024-05-14T21:41:58.7182141-03:00 0HN3KETPMSEHV:00000001 [INF] Route matched with "{action = \"Insert\", controller = \"Product\"}". Executing controller action with signature "Microsoft.AspNetCore.Mvc.ActionResult`1[ApiTF.BaseDados.Models.TbProduct] Insert(ApiTF.Services.DTOs.ProductDTO)" on controller "ApiTF.Controllers.ProductController" ("ApiTF"). (122b2fdf)
2024-05-14T21:41:58.9737906-03:00 0HN3KETPMSEHV:00000001 [INF] Executed DbCommand ("20"ms) [Parameters=["@p0='?', @p1='?', @p2='?' (DbType = Decimal), @p3='?', @p4='?' (DbType = Decimal), @p5='?' (DbType = Int32)"], CommandType='Text', CommandTimeout='30']"
""INSERT INTO tb_products (barcode, barcodetype, costprice, description, price, stock)
VALUES (@p0, @p1, @p2, @p3, @p4, @p5)
RETURNING id;" (0723d8ff)
2024-05-14T21:41:59.0098358-03:00 0HN3KETPMSEHV:00000001 [INF] Executing "OkObjectResult", writing value of type '"ApiTF.BaseDados.Models.TbProduct"'. (605b4265)
2024-05-14T21:41:59.0106840-03:00 0HN3KETPMSEHV:00000001 [INF] Executed action "ApiTF.Controllers.ProductController.Insert (ApiTF)" in 292.274ms (afa2e885)
2024-05-14T21:41:59.0108271-03:00 0HN3KETPMSEHV:00000001 [INF] Executed endpoint '"ApiTF.Controllers.ProductController.Insert (ApiTF)"' (99874f2b)
2024-05-14T21:41:59.0119984-03:00 0HN3KETPMSEHV:00000001 [INF] Request finished "HTTP/1.1" "POST" "http"://"localhost:5279""""/api/Product""" - 200 null "application/json; charset=utf-8" 309.7168ms (74253ad3)
2024-05-14T21:42:04.1660841-03:00 0HN3KETPMSEI0:00000001 [INF] Request starting "HTTP/1.1" "GET" "http"://"localhost:5279""""/produto/getAllByDescription/teste""" - null null (d509f86a)
2024-05-14T21:42:04.1687717-03:00 0HN3KETPMSEI0:00000001 [INF] Executing endpoint '"ApiTF.Controllers.ProductController.GetAllByDescription (ApiTF)"' (500cc934)
2024-05-14T21:42:04.1690120-03:00 0HN3KETPMSEI0:00000001 [INF] Route matched with "{action = \"GetAllByDescription\", controller = \"Product\"}". Executing controller action with signature "Microsoft.AspNetCore.Mvc.ActionResult`1[ApiTF.BaseDados.Models.TbProduct] GetAllByDescription(System.String)" on controller "ApiTF.Controllers.ProductController" ("ApiTF"). (122b2fdf)
2024-05-14T21:42:04.2759440-03:00 0HN3KETPMSEI0:00000001 [INF] Executing "OkObjectResult", writing value of type '"Microsoft.EntityFrameworkCore.Query.Internal.EntityQueryable`1[[ApiTF.BaseDados.Models.TbProduct, ApiTF, Version=1.0.0.0, Culture=neutral, PublicKeyToken=null]]"'. (605b4265)
2024-05-14T21:42:04.2922346-03:00 0HN3KETPMSEI0:00000001 [INF] Executed DbCommand ("2"ms) [Parameters=["@__description_0_contains='?'"], CommandType='Text', CommandTimeout='30']"
""SELECT t.id, t.barcode, t.barcodetype, t.costprice, t.description, t.price, t.stock
FROM tb_products AS t
WHERE t.description LIKE @__description_0_contains" (0723d8ff)
2024-05-14T21:42:04.2940534-03:00 0HN3KETPMSEI0:00000001 [INF] Executed action "ApiTF.Controllers.ProductController.GetAllByDescription (ApiTF)" in 124.8985ms (afa2e885)
2024-05-14T21:42:04.2941770-03:00 0HN3KETPMSEI0:00000001 [INF] Executed endpoint '"ApiTF.Controllers.ProductController.GetAllByDescription (ApiTF)"' (99874f2b)
2024-05-14T21:42:04.2949360-03:00 0HN3KETPMSEI0:00000001 [INF] Request finished "HTTP/1.1" "GET" "http"://"localhost:5279""""/produto/getAllByDescription/teste""" - 200 null "application/json; charset=utf-8" 128.8978ms (74253ad3)
2024-05-14T21:42:14.9553771-03:00 0HN3KETPMSEI1:00000001 [INF] Request starting "HTTP/1.1" "GET" "http"://"localhost:5279""""/produto/getAllByDescription/Teste""" - null null (d509f86a)
2024-05-14T21:42:14.9558065-03:00 0HN3KETPMSEI1:00000001 [INF] Executing endpoint '"ApiTF.Controllers.ProductController.GetAllByDescription (ApiTF)"' (500cc934)
2024-05-14T21:42:14.9560515-03:00 0HN3KETPMSEI1:00000001 [INF] Route matched with "{action = \"GetAllByDescription\", controller = \"Product\"}". Executing controller action with signature "Microsoft.AspNetCore.Mvc.ActionResult`1[ApiTF.BaseDados.Models.TbProduct] GetAllByDescription(System.String)" on controller "ApiTF.Controllers.ProductController" ("ApiTF"). (122b2fdf)
2024-05-14T21:42:14.9578851-03:00 0HN3KETPMSEI1:00000001 [INF] Executing "OkObjectResult", writing value of type '"Microsoft.EntityFrameworkCore.Query.Internal.EntityQueryable`1[[ApiTF.BaseDados.Models.TbProduct, ApiTF, Version=1.0.0.0, Culture=neutral, PublicKeyToken=null]]"'. (605b4265)
2024-05-14T21:42:14.9803348-03:00 0HN3KETPMSEI1:00000001 [INF] Executed DbCommand ("14"ms) [Parameters=["@__description_0_contains='?'"], CommandType='Text', CommandTimeout='30']"
""SELECT t.id, t.barcode, t.barcodetype, t.costprice, t.description, t.price, t.stock
FROM tb_products AS t
WHERE t.description LIKE @__description_0_contains" (0723d8ff)
2024-05-14T21:42:14.9814859-03:00 0HN3KETPMSEI1:00000001 [INF] Executed action "ApiTF.Controllers.ProductController.GetAllByDescription (ApiTF)" in 25.2789ms (afa2e885)
2024-05-14T21:42:14.9816966-03:00 0HN3KETPMSEI1:00000001 [INF] Executed endpoint '"ApiTF.Controllers.ProductController.GetAllByDescription (ApiTF)"' (99874f2b)
2024-05-14T21:42:14.9820359-03:00 0HN3KETPMSEI1:00000001 [INF] Request finished "HTTP/1.1" "GET" "http"://"localhost:5279""""/produto/getAllByDescription/Teste""" - 200 null "application/json; charset=utf-8" 26.7634ms (74253ad3)
2024-05-14T21:49:46.2941337-03:00  [INF] Now listening on: "http://localhost:5279" (d826f4b8)
2024-05-14T21:49:46.4124568-03:00  [INF] Application started. Press Ctrl+C to shut down. (dcaefe54)
2024-05-14T21:49:46.4172897-03:00  [INF] Hosting environment: "Development" (bc5a1a4e)
2024-05-14T21:49:46.4207869-03:00  [INF] Content root path: "C:\Users\daluz\source\repos\ApiTF\ApiTF" (cc26f24e)
2024-05-14T21:49:46.8565165-03:00 0HN3KF3LBDIUI:00000001 [INF] Request starting "HTTP/1.1" "GET" "http"://"localhost:5279""""/swagger/index.html""" - null null (d509f86a)
2024-05-14T21:49:47.7016507-03:00 0HN3KF3LBDIUI:00000001 [INF] Request finished "HTTP/1.1" "GET" "http"://"localhost:5279""""/swagger/index.html""" - 200 null "text/html;charset=utf-8" 858.7243ms (74253ad3)
2024-05-14T21:49:47.9852509-03:00 0HN3KF3LBDIUI:00000002 [INF] Request starting "HTTP/1.1" "GET" "http"://"localhost:5279""""/_framework/aspnetcore-browser-refresh.js""" - null null (d509f86a)
2024-05-14T21:49:47.9861844-03:00 0HN3KF3LBDIUJ:00000001 [INF] Request starting "HTTP/1.1" "GET" "http"://"localhost:5279""""/_vs/browserLink""" - null null (d509f86a)
2024-05-14T21:49:47.9909336-03:00 0HN3KF3LBDIUI:00000002 [INF] Request finished "HTTP/1.1" "GET" "http"://"localhost:5279""""/_framework/aspnetcore-browser-refresh.js""" - 200 13746 "application/javascript; charset=utf-8" 6.1022ms (74253ad3)
2024-05-14T21:49:48.0511064-03:00 0HN3KF3LBDIUJ:00000001 [INF] Request finished "HTTP/1.1" "GET" "http"://"localhost:5279""""/_vs/browserLink""" - 200 null "text/javascript; charset=UTF-8" 65.4977ms (74253ad3)
2024-05-14T21:49:48.2012899-03:00 0HN3KF3LBDIUJ:00000002 [INF] Request starting "HTTP/1.1" "GET" "http"://"localhost:5279""""/swagger/v1/swagger.json""" - null null (d509f86a)
2024-05-14T21:49:48.4102506-03:00 0HN3KF3LBDIUJ:00000002 [INF] Request finished "HTTP/1.1" "GET" "http"://"localhost:5279""""/swagger/v1/swagger.json""" - 200 null "application/json;charset=utf-8" 209.111ms (74253ad3)
2024-05-14T21:50:20.6090623-03:00 0HN3KF3LBDIUK:00000001 [INF] Request starting "HTTP/1.1" "GET" "http"://"localhost:5279""""/produto/getAllByDescription/tes""" - null null (d509f86a)
2024-05-14T21:50:20.6189693-03:00 0HN3KF3LBDIUK:00000001 [INF] Executing endpoint '"ApiTF.Controllers.ProductController.GetAllByDescription (ApiTF)"' (500cc934)
2024-05-14T21:50:20.6497866-03:00 0HN3KF3LBDIUK:00000001 [INF] Route matched with "{action = \"GetAllByDescription\", controller = \"Product\"}". Executing controller action with signature "Microsoft.AspNetCore.Mvc.ActionResult`1[ApiTF.BaseDados.Models.TbProduct] GetAllByDescription(System.String)" on controller "ApiTF.Controllers.ProductController" ("ApiTF"). (122b2fdf)
2024-05-14T21:50:22.1249386-03:00 0HN3KF3LBDIUK:00000001 [INF] Executing "OkObjectResult", writing value of type '"Microsoft.EntityFrameworkCore.Query.Internal.EntityQueryable`1[[ApiTF.BaseDados.Models.TbProduct, ApiTF, Version=1.0.0.0, Culture=neutral, PublicKeyToken=null]]"'. (605b4265)
2024-05-14T21:50:23.1592694-03:00 0HN3KF3LBDIUK:00000001 [INF] Executed DbCommand ("108"ms) [Parameters=["@__ToLower_0_contains='?'"], CommandType='Text', CommandTimeout='30']"
""SELECT t.id, t.barcode, t.barcodetype, t.costprice, t.description, t.price, t.stock
FROM tb_products AS t
WHERE lower(t.description) LIKE @__ToLower_0_contains" (0723d8ff)
2024-05-14T21:50:23.3177660-03:00 0HN3KF3LBDIUK:00000001 [INF] Executed action "ApiTF.Controllers.ProductController.GetAllByDescription (ApiTF)" in 2662.725ms (afa2e885)
2024-05-14T21:50:23.3186057-03:00 0HN3KF3LBDIUK:00000001 [INF] Executed endpoint '"ApiTF.Controllers.ProductController.GetAllByDescription (ApiTF)"' (99874f2b)
2024-05-14T21:50:23.3308506-03:00 0HN3KF3LBDIUK:00000001 [INF] Request finished "HTTP/1.1" "GET" "http"://"localhost:5279""""/produto/getAllByDescription/tes""" - 200 null "application/json; charset=utf-8" 2721.9089ms (74253ad3)
2024-05-14T21:50:31.2524926-03:00 0HN3KF3LBDIUL:00000001 [INF] Request starting "HTTP/1.1" "GET" "http"://"localhost:5279""""/produto/getAllByDescription/Tes""" - null null (d509f86a)
2024-05-14T21:50:31.2560651-03:00 0HN3KF3LBDIUL:00000001 [INF] Executing endpoint '"ApiTF.Controllers.ProductController.GetAllByDescription (ApiTF)"' (500cc934)
2024-05-14T21:50:31.2569703-03:00 0HN3KF3LBDIUL:00000001 [INF] Route matched with "{action = \"GetAllByDescription\", controller = \"Product\"}". Executing controller action with signature "Microsoft.AspNetCore.Mvc.ActionResult`1[ApiTF.BaseDados.Models.TbProduct] GetAllByDescription(System.String)" on controller "ApiTF.Controllers.ProductController" ("ApiTF"). (122b2fdf)
2024-05-14T21:50:31.3008197-03:00 0HN3KF3LBDIUL:00000001 [INF] Executing "OkObjectResult", writing value of type '"Microsoft.EntityFrameworkCore.Query.Internal.EntityQueryable`1[[ApiTF.BaseDados.Models.TbProduct, ApiTF, Version=1.0.0.0, Culture=neutral, PublicKeyToken=null]]"'. (605b4265)
2024-05-14T21:50:31.3443882-03:00 0HN3KF3LBDIUL:00000001 [INF] Executed DbCommand ("31"ms) [Parameters=["@__ToLower_0_contains='?'"], CommandType='Text', CommandTimeout='30']"
""SELECT t.id, t.barcode, t.barcodetype, t.costprice, t.description, t.price, t.stock
FROM tb_products AS t
WHERE lower(t.description) LIKE @__ToLower_0_contains" (0723d8ff)
2024-05-14T21:50:31.3461905-03:00 0HN3KF3LBDIUL:00000001 [INF] Executed action "ApiTF.Controllers.ProductController.GetAllByDescription (ApiTF)" in 88.9187ms (afa2e885)
2024-05-14T21:50:31.3463773-03:00 0HN3KF3LBDIUL:00000001 [INF] Executed endpoint '"ApiTF.Controllers.ProductController.GetAllByDescription (ApiTF)"' (99874f2b)
2024-05-14T21:50:31.3470122-03:00 0HN3KF3LBDIUL:00000001 [INF] Request finished "HTTP/1.1" "GET" "http"://"localhost:5279""""/produto/getAllByDescription/Tes""" - 200 null "application/json; charset=utf-8" 94.7942ms (74253ad3)
