2024-05-30T22:30:05.8245268-03:00  [INF] Now listening on: "http://localhost:5279" (d826f4b8)
2024-05-30T22:30:05.9717823-03:00  [INF] Application started. Press Ctrl+C to shut down. (dcaefe54)
2024-05-30T22:30:05.9759784-03:00  [INF] Hosting environment: "Development" (bc5a1a4e)
2024-05-30T22:30:05.9792178-03:00  [INF] Content root path: "C:\Users\daluz\source\repos\ApiTF\ApiTF" (cc26f24e)
2024-05-30T22:30:13.3755383-03:00 0HN4124PRACGR:00000001 [INF] Request starting "HTTP/1.1" "GET" "http"://"localhost:5279""""/swagger/index.html""" - null null (d509f86a)
2024-05-30T22:30:15.5254394-03:00 0HN4124PRACGR:00000001 [INF] Request finished "HTTP/1.1" "GET" "http"://"localhost:5279""""/swagger/index.html""" - 200 null "text/html;charset=utf-8" 2447.297ms (74253ad3)
2024-05-30T22:30:15.6997921-03:00 0HN4124PRACGT:00000001 [INF] Request starting "HTTP/1.1" "GET" "http"://"localhost:5279""""/_framework/aspnetcore-browser-refresh.js""" - null null (d509f86a)
2024-05-30T22:30:15.7087693-03:00 0HN4124PRACGT:00000001 [INF] Request finished "HTTP/1.1" "GET" "http"://"localhost:5279""""/_framework/aspnetcore-browser-refresh.js""" - 200 13746 "application/javascript; charset=utf-8" 9.042ms (74253ad3)
2024-05-30T22:30:15.9989827-03:00 0HN4124PRACGT:00000002 [INF] Request starting "HTTP/1.1" "GET" "http"://"localhost:5279""""/_vs/browserLink""" - null null (d509f86a)
2024-05-30T22:30:17.5899577-03:00 0HN4124PRACGT:00000002 [INF] Request finished "HTTP/1.1" "GET" "http"://"localhost:5279""""/_vs/browserLink""" - 200 null "text/javascript; charset=UTF-8" 1592.0723ms (74253ad3)
2024-05-30T22:30:17.9149164-03:00 0HN4124PRACGT:00000003 [INF] Request starting "HTTP/1.1" "GET" "http"://"localhost:5279""""/swagger/v1/swagger.json""" - null null (d509f86a)
2024-05-30T22:30:18.3218032-03:00 0HN4124PRACGT:00000003 [INF] Request finished "HTTP/1.1" "GET" "http"://"localhost:5279""""/swagger/v1/swagger.json""" - 200 null "application/json;charset=utf-8" 406.9845ms (74253ad3)
2024-05-30T22:33:17.1064374-03:00 0HN4124PRACGU:00000001 [INF] Request starting "HTTP/1.1" "GET" "http"://"localhost:5279""""/promotions/getAllByDate/1/2023-05-31T01:32:33.946/2024-05-31T01:32:33.946""" - null null (d509f86a)
2024-05-30T22:33:17.1194943-03:00 0HN4124PRACGU:00000001 [INF] Executing endpoint '"ApiTF.Controllers.PromotionController.GetAllByDescription (ApiTF)"' (500cc934)
2024-05-30T22:33:17.1543913-03:00 0HN4124PRACGU:00000001 [INF] Route matched with "{action = \"GetAllByDescription\", controller = \"Promotion\"}". Executing controller action with signature "Microsoft.AspNetCore.Mvc.ActionResult`1[ApiTF.BaseDados.Models.TbPromotion] GetAllByDescription(Int32, System.DateTime, System.DateTime)" on controller "ApiTF.Controllers.PromotionController" ("ApiTF"). (122b2fdf)
2024-05-30T22:33:18.8285596-03:00 0HN4124PRACGU:00000001 [INF] Executing "OkObjectResult", writing value of type '"Microsoft.EntityFrameworkCore.Query.Internal.EntityQueryable`1[[ApiTF.BaseDados.Models.TbPromotion, ApiTF, Version=1.0.0.0, Culture=neutral, PublicKeyToken=null]]"'. (605b4265)
2024-05-30T22:33:19.9117630-03:00 0HN4124PRACGU:00000001 [INF] Executed DbCommand ("112"ms) [Parameters=["@__idproduto_0='?' (DbType = Int32), @__startDate_1='?' (DbType = DateTime2), @__endDate_2='?' (DbType = DateTime2)"], CommandType='Text', CommandTimeout='30']"
""SELECT t.id, t.enddate, t.productid, t.promotiontype, t.startdate, t.value
FROM tb_promotions AS t
WHERE t.productid = @__idproduto_0 AND t.startdate >= @__startDate_1 AND t.enddate <= @__endDate_2" (0723d8ff)
2024-05-30T22:33:20.0359354-03:00 0HN4124PRACGU:00000001 [INF] Executed action "ApiTF.Controllers.PromotionController.GetAllByDescription (ApiTF)" in 2875.97ms (afa2e885)
2024-05-30T22:33:20.0368588-03:00 0HN4124PRACGU:00000001 [INF] Executed endpoint '"ApiTF.Controllers.PromotionController.GetAllByDescription (ApiTF)"' (99874f2b)
2024-05-30T22:33:20.0506979-03:00 0HN4124PRACGU:00000001 [INF] Request finished "HTTP/1.1" "GET" "http"://"localhost:5279""""/promotions/getAllByDate/1/2023-05-31T01:32:33.946/2024-05-31T01:32:33.946""" - 200 null "application/json; charset=utf-8" 2944.4234ms (74253ad3)
2024-05-30T22:34:34.9944689-03:00 0HN4124PRACGV:00000001 [INF] Request starting "HTTP/1.1" "POST" "http"://"localhost:5279""""/promotions""" - "application/json" 141 (d509f86a)
2024-05-30T22:34:34.9956012-03:00 0HN4124PRACGV:00000001 [INF] Executing endpoint '"ApiTF.Controllers.PromotionController.Insert (ApiTF)"' (500cc934)
2024-05-30T22:34:35.0066271-03:00 0HN4124PRACGV:00000001 [INF] Route matched with "{action = \"Insert\", controller = \"Promotion\"}". Executing controller action with signature "Microsoft.AspNetCore.Mvc.ActionResult`1[ApiTF.BaseDados.Models.TbPromotion] Insert(ApiTF.Services.DTOs.PromotionDTO)" on controller "ApiTF.Controllers.PromotionController" ("ApiTF"). (122b2fdf)
2024-05-30T22:34:35.3230458-03:00 0HN4124PRACGV:00000001 [ERR] Failed executing DbCommand ("7"ms) [Parameters=["@p0='?' (DbType = DateTime2), @p1='?' (DbType = Int32), @p2='?' (DbType = Int32), @p3='?' (DbType = DateTime2), @p4='?' (DbType = Decimal)"], CommandType='Text', CommandTimeout='30']"
""INSERT INTO tb_promotions (enddate, productid, promotiontype, startdate, value)
VALUES (@p0, @p1, @p2, @p3, @p4)
RETURNING id;" (627a98df)
2024-05-30T22:34:35.4324050-03:00 0HN4124PRACGV:00000001 [ERR] An exception occurred in the database while saving changes for context type '"ApiTF.BaseDados.TfDbContext"'."
""Microsoft.EntityFrameworkCore.DbUpdateException: An error occurred while saving the entity changes. See the inner exception for details.
 ---> System.ArgumentException: Cannot write DateTime with Kind=UTC to PostgreSQL type 'timestamp without time zone', consider using 'timestamp with time zone'. Note that it's not possible to mix DateTimes with different Kinds in an array, range, or multirange. (Parameter 'value')
   at Npgsql.Internal.Converters.DateTimeConverterResolver`1.Get(DateTime value, Nullable`1 expectedPgTypeId, Boolean validateOnly)
   at Npgsql.Internal.Converters.DateTimeConverterResolver.<>c.<CreateResolver>b__0_0(DateTimeConverterResolver`1 resolver, DateTime value, Nullable`1 expectedPgTypeId)
   at Npgsql.Internal.Converters.DateTimeConverterResolver`1.Get(T value, Nullable`1 expectedPgTypeId)
   at Npgsql.Internal.PgConverterResolver`1.GetAsObjectInternal(PgTypeInfo typeInfo, Object value, Nullable`1 expectedPgTypeId)
   at Npgsql.Internal.PgResolverTypeInfo.GetResolutionAsObject(Object value, Nullable`1 expectedPgTypeId)
   at Npgsql.Internal.PgTypeInfo.GetObjectResolution(Object value)
   at Npgsql.NpgsqlParameter.ResolveConverter(PgTypeInfo typeInfo)
   at Npgsql.NpgsqlParameter.ResolveTypeInfo(PgSerializerOptions options)
   at Npgsql.NpgsqlParameterCollection.ProcessParameters(PgSerializerOptions options, Boolean validateValues, CommandType commandType)
   at Npgsql.NpgsqlCommand.ExecuteReader(Boolean async, CommandBehavior behavior, CancellationToken cancellationToken)
   at Npgsql.NpgsqlCommand.ExecuteReader(Boolean async, CommandBehavior behavior, CancellationToken cancellationToken)
   at Npgsql.NpgsqlCommand.ExecuteReader(CommandBehavior behavior)
   at Npgsql.NpgsqlCommand.ExecuteDbDataReader(CommandBehavior behavior)
   at Microsoft.EntityFrameworkCore.Storage.RelationalCommand.ExecuteReader(RelationalCommandParameterObject parameterObject)
   at Microsoft.EntityFrameworkCore.Update.ReaderModificationCommandBatch.Execute(IRelationalConnection connection)
   --- End of inner exception stack trace ---
   at Microsoft.EntityFrameworkCore.Update.ReaderModificationCommandBatch.Execute(IRelationalConnection connection)
   at Microsoft.EntityFrameworkCore.Update.Internal.BatchExecutor.Execute(IEnumerable`1 commandBatches, IRelationalConnection connection)
   at Microsoft.EntityFrameworkCore.Storage.RelationalDatabase.SaveChanges(IList`1 entries)
   at Microsoft.EntityFrameworkCore.ChangeTracking.Internal.StateManager.SaveChanges(IList`1 entriesToSave)
   at Microsoft.EntityFrameworkCore.ChangeTracking.Internal.StateManager.SaveChanges(StateManager stateManager, Boolean acceptAllChangesOnSuccess)
   at Microsoft.EntityFrameworkCore.ChangeTracking.Internal.StateManager.<>c.<SaveChanges>b__112_0(DbContext _, ValueTuple`2 t)
   at Npgsql.EntityFrameworkCore.PostgreSQL.Storage.Internal.NpgsqlExecutionStrategy.Execute[TState,TResult](TState state, Func`3 operation, Func`3 verifySucceeded)
   at Microsoft.EntityFrameworkCore.ChangeTracking.Internal.StateManager.SaveChanges(Boolean acceptAllChangesOnSuccess)
   at Microsoft.EntityFrameworkCore.DbContext.SaveChanges(Boolean acceptAllChangesOnSuccess)" (170f029e)
Microsoft.EntityFrameworkCore.DbUpdateException: An error occurred while saving the entity changes. See the inner exception for details.
 ---> System.ArgumentException: Cannot write DateTime with Kind=UTC to PostgreSQL type 'timestamp without time zone', consider using 'timestamp with time zone'. Note that it's not possible to mix DateTimes with different Kinds in an array, range, or multirange. (Parameter 'value')
   at Npgsql.Internal.Converters.DateTimeConverterResolver`1.Get(DateTime value, Nullable`1 expectedPgTypeId, Boolean validateOnly)
   at Npgsql.Internal.Converters.DateTimeConverterResolver.<>c.<CreateResolver>b__0_0(DateTimeConverterResolver`1 resolver, DateTime value, Nullable`1 expectedPgTypeId)
   at Npgsql.Internal.Converters.DateTimeConverterResolver`1.Get(T value, Nullable`1 expectedPgTypeId)
   at Npgsql.Internal.PgConverterResolver`1.GetAsObjectInternal(PgTypeInfo typeInfo, Object value, Nullable`1 expectedPgTypeId)
   at Npgsql.Internal.PgResolverTypeInfo.GetResolutionAsObject(Object value, Nullable`1 expectedPgTypeId)
   at Npgsql.Internal.PgTypeInfo.GetObjectResolution(Object value)
   at Npgsql.NpgsqlParameter.ResolveConverter(PgTypeInfo typeInfo)
   at Npgsql.NpgsqlParameter.ResolveTypeInfo(PgSerializerOptions options)
   at Npgsql.NpgsqlParameterCollection.ProcessParameters(PgSerializerOptions options, Boolean validateValues, CommandType commandType)
   at Npgsql.NpgsqlCommand.ExecuteReader(Boolean async, CommandBehavior behavior, CancellationToken cancellationToken)
   at Npgsql.NpgsqlCommand.ExecuteReader(Boolean async, CommandBehavior behavior, CancellationToken cancellationToken)
   at Npgsql.NpgsqlCommand.ExecuteReader(CommandBehavior behavior)
   at Npgsql.NpgsqlCommand.ExecuteDbDataReader(CommandBehavior behavior)
   at Microsoft.EntityFrameworkCore.Storage.RelationalCommand.ExecuteReader(RelationalCommandParameterObject parameterObject)
   at Microsoft.EntityFrameworkCore.Update.ReaderModificationCommandBatch.Execute(IRelationalConnection connection)
   --- End of inner exception stack trace ---
   at Microsoft.EntityFrameworkCore.Update.ReaderModificationCommandBatch.Execute(IRelationalConnection connection)
   at Microsoft.EntityFrameworkCore.Update.Internal.BatchExecutor.Execute(IEnumerable`1 commandBatches, IRelationalConnection connection)
   at Microsoft.EntityFrameworkCore.Storage.RelationalDatabase.SaveChanges(IList`1 entries)
   at Microsoft.EntityFrameworkCore.ChangeTracking.Internal.StateManager.SaveChanges(IList`1 entriesToSave)
   at Microsoft.EntityFrameworkCore.ChangeTracking.Internal.StateManager.SaveChanges(StateManager stateManager, Boolean acceptAllChangesOnSuccess)
   at Microsoft.EntityFrameworkCore.ChangeTracking.Internal.StateManager.<>c.<SaveChanges>b__112_0(DbContext _, ValueTuple`2 t)
   at Npgsql.EntityFrameworkCore.PostgreSQL.Storage.Internal.NpgsqlExecutionStrategy.Execute[TState,TResult](TState state, Func`3 operation, Func`3 verifySucceeded)
   at Microsoft.EntityFrameworkCore.ChangeTracking.Internal.StateManager.SaveChanges(Boolean acceptAllChangesOnSuccess)
   at Microsoft.EntityFrameworkCore.DbContext.SaveChanges(Boolean acceptAllChangesOnSuccess)
   at Microsoft.EntityFrameworkCore.DbContext.SaveChanges()
   at ApiTF.Services.PromotionService.Insert(PromotionDTO dto) in C:\Users\daluz\source\repos\ApiTF\ApiTF\Services\PromotionService.cs:line 30
   at ApiTF.Controllers.PromotionController.Insert(PromotionDTO dto) in C:\Users\daluz\source\repos\ApiTF\ApiTF\Controllers\PromotionController.cs:line 38
2024-05-30T22:34:35.6436362-03:00 0HN4124PRACGV:00000001 [ERR] An error occurred while saving the entity changes. See the inner exception for details. (cec04302)
2024-05-30T22:34:35.6449657-03:00 0HN4124PRACGV:00000001 [INF] Executing "BadRequestObjectResult", writing value of type '"System.String"'. (605b4265)
2024-05-30T22:34:35.6455813-03:00 0HN4124PRACGV:00000001 [INF] Executed action "ApiTF.Controllers.PromotionController.Insert (ApiTF)" in 638.7132ms (afa2e885)
2024-05-30T22:34:35.6456705-03:00 0HN4124PRACGV:00000001 [INF] Executed endpoint '"ApiTF.Controllers.PromotionController.Insert (ApiTF)"' (99874f2b)
2024-05-30T22:34:35.6464166-03:00 0HN4124PRACGV:00000001 [INF] Request finished "HTTP/1.1" "POST" "http"://"localhost:5279""""/promotions""" - 400 null "text/plain; charset=utf-8" 652.0929ms (74253ad3)
2024-05-30T22:35:17.0882884-03:00 0HN4124PRACH0:00000001 [INF] Request starting "HTTP/1.1" "POST" "http"://"localhost:5279""""/promotions""" - "application/json" 152 (d509f86a)
2024-05-30T22:35:17.0892985-03:00 0HN4124PRACH0:00000001 [INF] Executing endpoint '"ApiTF.Controllers.PromotionController.Insert (ApiTF)"' (500cc934)
2024-05-30T22:35:17.0898080-03:00 0HN4124PRACH0:00000001 [INF] Route matched with "{action = \"Insert\", controller = \"Promotion\"}". Executing controller action with signature "Microsoft.AspNetCore.Mvc.ActionResult`1[ApiTF.BaseDados.Models.TbPromotion] Insert(ApiTF.Services.DTOs.PromotionDTO)" on controller "ApiTF.Controllers.PromotionController" ("ApiTF"). (122b2fdf)
2024-05-30T22:35:17.2121953-03:00 0HN4124PRACH0:00000001 [ERR] Failed executing DbCommand ("2"ms) [Parameters=["@p0='?' (DbType = DateTime2), @p1='?' (DbType = Int32), @p2='?' (DbType = Int32), @p3='?' (DbType = DateTime2), @p4='?' (DbType = Decimal)"], CommandType='Text', CommandTimeout='30']"
""INSERT INTO tb_promotions (enddate, productid, promotiontype, startdate, value)
VALUES (@p0, @p1, @p2, @p3, @p4)
RETURNING id;" (627a98df)
2024-05-30T22:35:17.2275961-03:00 0HN4124PRACH0:00000001 [ERR] An exception occurred in the database while saving changes for context type '"ApiTF.BaseDados.TfDbContext"'."
""Microsoft.EntityFrameworkCore.DbUpdateException: An error occurred while saving the entity changes. See the inner exception for details.
 ---> System.ArgumentException: Cannot write DateTime with Kind=UTC to PostgreSQL type 'timestamp without time zone', consider using 'timestamp with time zone'. Note that it's not possible to mix DateTimes with different Kinds in an array, range, or multirange. (Parameter 'value')
   at Npgsql.Internal.Converters.DateTimeConverterResolver`1.Get(DateTime value, Nullable`1 expectedPgTypeId, Boolean validateOnly)
   at Npgsql.Internal.Converters.DateTimeConverterResolver.<>c.<CreateResolver>b__0_0(DateTimeConverterResolver`1 resolver, DateTime value, Nullable`1 expectedPgTypeId)
   at Npgsql.Internal.Converters.DateTimeConverterResolver`1.Get(T value, Nullable`1 expectedPgTypeId)
   at Npgsql.Internal.PgConverterResolver`1.GetAsObjectInternal(PgTypeInfo typeInfo, Object value, Nullable`1 expectedPgTypeId)
   at Npgsql.Internal.PgResolverTypeInfo.GetResolutionAsObject(Object value, Nullable`1 expectedPgTypeId)
   at Npgsql.Internal.PgTypeInfo.GetObjectResolution(Object value)
   at Npgsql.NpgsqlParameter.ResolveConverter(PgTypeInfo typeInfo)
   at Npgsql.NpgsqlParameter.ResolveTypeInfo(PgSerializerOptions options)
   at Npgsql.NpgsqlParameterCollection.ProcessParameters(PgSerializerOptions options, Boolean validateValues, CommandType commandType)
   at Npgsql.NpgsqlCommand.ExecuteReader(Boolean async, CommandBehavior behavior, CancellationToken cancellationToken)
   at Npgsql.NpgsqlCommand.ExecuteReader(Boolean async, CommandBehavior behavior, CancellationToken cancellationToken)
   at Npgsql.NpgsqlCommand.ExecuteReader(CommandBehavior behavior)
   at Npgsql.NpgsqlCommand.ExecuteDbDataReader(CommandBehavior behavior)
   at Microsoft.EntityFrameworkCore.Storage.RelationalCommand.ExecuteReader(RelationalCommandParameterObject parameterObject)
   at Microsoft.EntityFrameworkCore.Update.ReaderModificationCommandBatch.Execute(IRelationalConnection connection)
   --- End of inner exception stack trace ---
   at Microsoft.EntityFrameworkCore.Update.ReaderModificationCommandBatch.Execute(IRelationalConnection connection)
   at Microsoft.EntityFrameworkCore.Update.Internal.BatchExecutor.Execute(IEnumerable`1 commandBatches, IRelationalConnection connection)
   at Microsoft.EntityFrameworkCore.Storage.RelationalDatabase.SaveChanges(IList`1 entries)
   at Microsoft.EntityFrameworkCore.ChangeTracking.Internal.StateManager.SaveChanges(IList`1 entriesToSave)
   at Microsoft.EntityFrameworkCore.ChangeTracking.Internal.StateManager.SaveChanges(StateManager stateManager, Boolean acceptAllChangesOnSuccess)
   at Microsoft.EntityFrameworkCore.ChangeTracking.Internal.StateManager.<>c.<SaveChanges>b__112_0(DbContext _, ValueTuple`2 t)
   at Npgsql.EntityFrameworkCore.PostgreSQL.Storage.Internal.NpgsqlExecutionStrategy.Execute[TState,TResult](TState state, Func`3 operation, Func`3 verifySucceeded)
   at Microsoft.EntityFrameworkCore.ChangeTracking.Internal.StateManager.SaveChanges(Boolean acceptAllChangesOnSuccess)
   at Microsoft.EntityFrameworkCore.DbContext.SaveChanges(Boolean acceptAllChangesOnSuccess)" (170f029e)
Microsoft.EntityFrameworkCore.DbUpdateException: An error occurred while saving the entity changes. See the inner exception for details.
 ---> System.ArgumentException: Cannot write DateTime with Kind=UTC to PostgreSQL type 'timestamp without time zone', consider using 'timestamp with time zone'. Note that it's not possible to mix DateTimes with different Kinds in an array, range, or multirange. (Parameter 'value')
   at Npgsql.Internal.Converters.DateTimeConverterResolver`1.Get(DateTime value, Nullable`1 expectedPgTypeId, Boolean validateOnly)
   at Npgsql.Internal.Converters.DateTimeConverterResolver.<>c.<CreateResolver>b__0_0(DateTimeConverterResolver`1 resolver, DateTime value, Nullable`1 expectedPgTypeId)
   at Npgsql.Internal.Converters.DateTimeConverterResolver`1.Get(T value, Nullable`1 expectedPgTypeId)
   at Npgsql.Internal.PgConverterResolver`1.GetAsObjectInternal(PgTypeInfo typeInfo, Object value, Nullable`1 expectedPgTypeId)
   at Npgsql.Internal.PgResolverTypeInfo.GetResolutionAsObject(Object value, Nullable`1 expectedPgTypeId)
   at Npgsql.Internal.PgTypeInfo.GetObjectResolution(Object value)
   at Npgsql.NpgsqlParameter.ResolveConverter(PgTypeInfo typeInfo)
   at Npgsql.NpgsqlParameter.ResolveTypeInfo(PgSerializerOptions options)
   at Npgsql.NpgsqlParameterCollection.ProcessParameters(PgSerializerOptions options, Boolean validateValues, CommandType commandType)
   at Npgsql.NpgsqlCommand.ExecuteReader(Boolean async, CommandBehavior behavior, CancellationToken cancellationToken)
   at Npgsql.NpgsqlCommand.ExecuteReader(Boolean async, CommandBehavior behavior, CancellationToken cancellationToken)
   at Npgsql.NpgsqlCommand.ExecuteReader(CommandBehavior behavior)
   at Npgsql.NpgsqlCommand.ExecuteDbDataReader(CommandBehavior behavior)
   at Microsoft.EntityFrameworkCore.Storage.RelationalCommand.ExecuteReader(RelationalCommandParameterObject parameterObject)
   at Microsoft.EntityFrameworkCore.Update.ReaderModificationCommandBatch.Execute(IRelationalConnection connection)
   --- End of inner exception stack trace ---
   at Microsoft.EntityFrameworkCore.Update.ReaderModificationCommandBatch.Execute(IRelationalConnection connection)
   at Microsoft.EntityFrameworkCore.Update.Internal.BatchExecutor.Execute(IEnumerable`1 commandBatches, IRelationalConnection connection)
   at Microsoft.EntityFrameworkCore.Storage.RelationalDatabase.SaveChanges(IList`1 entries)
   at Microsoft.EntityFrameworkCore.ChangeTracking.Internal.StateManager.SaveChanges(IList`1 entriesToSave)
   at Microsoft.EntityFrameworkCore.ChangeTracking.Internal.StateManager.SaveChanges(StateManager stateManager, Boolean acceptAllChangesOnSuccess)
   at Microsoft.EntityFrameworkCore.ChangeTracking.Internal.StateManager.<>c.<SaveChanges>b__112_0(DbContext _, ValueTuple`2 t)
   at Npgsql.EntityFrameworkCore.PostgreSQL.Storage.Internal.NpgsqlExecutionStrategy.Execute[TState,TResult](TState state, Func`3 operation, Func`3 verifySucceeded)
   at Microsoft.EntityFrameworkCore.ChangeTracking.Internal.StateManager.SaveChanges(Boolean acceptAllChangesOnSuccess)
   at Microsoft.EntityFrameworkCore.DbContext.SaveChanges(Boolean acceptAllChangesOnSuccess)
   at Microsoft.EntityFrameworkCore.DbContext.SaveChanges()
   at ApiTF.Services.PromotionService.Insert(PromotionDTO dto) in C:\Users\daluz\source\repos\ApiTF\ApiTF\Services\PromotionService.cs:line 30
   at ApiTF.Controllers.PromotionController.Insert(PromotionDTO dto) in C:\Users\daluz\source\repos\ApiTF\ApiTF\Controllers\PromotionController.cs:line 38
2024-05-30T22:35:17.2771663-03:00 0HN4124PRACH0:00000001 [ERR] An error occurred while saving the entity changes. See the inner exception for details. (cec04302)
2024-05-30T22:35:17.2776337-03:00 0HN4124PRACH0:00000001 [INF] Executing "BadRequestObjectResult", writing value of type '"System.String"'. (605b4265)
2024-05-30T22:35:17.2779576-03:00 0HN4124PRACH0:00000001 [INF] Executed action "ApiTF.Controllers.PromotionController.Insert (ApiTF)" in 188.0156ms (afa2e885)
2024-05-30T22:35:17.2781081-03:00 0HN4124PRACH0:00000001 [INF] Executed endpoint '"ApiTF.Controllers.PromotionController.Insert (ApiTF)"' (99874f2b)
2024-05-30T22:35:17.2783562-03:00 0HN4124PRACH0:00000001 [INF] Request finished "HTTP/1.1" "POST" "http"://"localhost:5279""""/promotions""" - 400 null "text/plain; charset=utf-8" 190.3581ms (74253ad3)
